<?xml version="1.0" encoding="UTF-8"?>
<!-- Generated by org.testng.reporters.JUnitXMLReporter -->
<testsuite hostname="MIT01524" ignored="2" name="Payment Gateway Stage New Shopping Cart Test Cases" tests="1" failures="0" timestamp="21 May 2019 06:56:14 GMT" time="45.421" errors="0">
  <testcase name="testDomainOrderInNewShoppingCartForExistingBTCustomerUsingExistingCard" time="45.385" classname="com.paymentgateway.stage.netregistry.testcases.RegressionNewShoppingCartTest"/>
  <testcase name="testDomainOrderInNewShoppingCartForExistingBTCustomerUsingNewCard" time="0.0" classname="com.paymentgateway.stage.netregistry.testcases.RegressionNewShoppingCartTest">
    <ignored/>
  </testcase> <!-- testDomainOrderInNewShoppingCartForExistingBTCustomerUsingNewCard -->
  <testcase name="testDomainOrderInNewShoppingCartForNewBTCustomerUsingNewCard" time="0.0" classname="com.paymentgateway.stage.netregistry.testcases.RegressionNewShoppingCartTest">
    <ignored/>
  </testcase> <!-- testDomainOrderInNewShoppingCartForNewBTCustomerUsingNewCard -->
</testsuite> <!-- Payment Gateway Stage New Shopping Cart Test Cases -->
