<?xml version="1.0" encoding="UTF-8"?>
<!-- Generated by org.testng.reporters.JUnitXMLReporter -->
<testsuite hostname="MIT01524" ignored="0" name="New Cart Release Regression Test Cases" tests="3" failures="0" timestamp="18 Jul 2019 02:58:12 GMT" time="287.986" errors="0">
  <testcase name="testNewCustomerScenarioUsingNewCard" time="74.345" classname="com.newcartregression.testcases.TestNewCustomerScenarioUsingNewCard"/>
  <testcase name="testExistingCustomerScenarioUsingNewCard" time="100.997" classname="com.newcartregression.testcases.TestExistingCustomerScenarioUsingNewCard"/>
  <testcase name="testExistingCustomerScenarioUsingExistingCard" time="112.589" classname="com.newcartregression.testcases.TestExistingCustomerScenarioUsingExistingCard"/>
</testsuite> <!-- New Cart Release Regression Test Cases -->
