<?xml version="1.0" encoding="UTF-8"?>
<!-- Generated by org.testng.reporters.JUnitXMLReporter -->
<testsuite hostname="WC060676" ignored="4" name="New Cart Release Regression Test Cases" tests="3" failures="0" timestamp="16 Jan 2020 03:44:38 GMT" time="238.522" errors="0">
  <testcase name="testNewCustomerScenarioUsingNewCard" time="67.727" classname="com.newcartregression.testcases.TestNewCustomerScenarioUsingNewCard"/>
  <testcase name="testExistingCustomerScenarioUsingNewCard" time="87.507" classname="com.newcartregression.testcases.TestExistingCustomerScenarioUsingNewCard"/>
  <testcase name="testExistingCustomerScenarioUsingExistingCard" time="83.251" classname="com.newcartregression.testcases.TestExistingCustomerScenarioUsingExistingCard"/>
  <testcase name="@BeforeSuite suiteSetup" time="0.0" classname="com.base.TestBase">
    <ignored/>
  </testcase> <!-- @BeforeSuite suiteSetup -->
  <testcase name="@BeforeSuite suiteSetup" time="0.0" classname="com.base.TestBase">
    <ignored/>
  </testcase> <!-- @BeforeSuite suiteSetup -->
  <testcase name="@AfterSuite tearDown" time="0.0" classname="com.base.TestBase">
    <ignored/>
  </testcase> <!-- @AfterSuite tearDown -->
  <testcase name="@AfterSuite tearDown" time="0.0" classname="com.base.TestBase">
    <ignored/>
  </testcase> <!-- @AfterSuite tearDown -->
</testsuite> <!-- New Cart Release Regression Test Cases -->
