<?xml version="1.0" encoding="UTF-8"?>
<!-- Generated by org.testng.reporters.JUnitXMLReporter -->
<testsuite hostname="MIT01524" ignored="4" name="Payment Gateway Migration - Braintree Post Validation Test Cases" tests="1" failures="0" timestamp="15 Feb 2019 05:56:38 GMT" time="1080.464" errors="0">
  <testcase name="testMigratedCustomerInDomainRegistrationAndEnableAutoRenew" time="1080.429" classname="com.paymentgateway.migration.braintreepostvalidation.testcases.DomainzBTPostValidationTest"/>
  <testcase name="testMigratedCustomerWithOutstandingInvoice" time="0.0" classname="com.paymentgateway.migration.braintreepostvalidation.testcases.DomainzBTPostValidationTest">
    <ignored/>
  </testcase> <!-- testMigratedCustomerWithOutstandingInvoice -->
  <testcase name="testMigratedCustomerWithYearlyBillingProduct" time="0.0" classname="com.paymentgateway.migration.braintreepostvalidation.testcases.DomainzBTPostValidationTest">
    <ignored/>
  </testcase> <!-- testMigratedCustomerWithYearlyBillingProduct -->
  <testcase name="testMigratedCustomerWithDefaultCreditCard" time="0.0" classname="com.paymentgateway.migration.braintreepostvalidation.testcases.DomainzBTPostValidationTest">
    <ignored/>
  </testcase> <!-- testMigratedCustomerWithDefaultCreditCard -->
  <testcase name="testMigratedCustomerWithMonthlyBillingProduct" time="0.0" classname="com.paymentgateway.migration.braintreepostvalidation.testcases.DomainzBTPostValidationTest">
    <ignored/>
  </testcase> <!-- testMigratedCustomerWithMonthlyBillingProduct -->
</testsuite> <!-- Payment Gateway Migration - Braintree Post Validation Test Cases -->
