<?xml version="1.0" encoding="UTF-8"?>
<!-- Generated by org.testng.reporters.JUnitXMLReporter -->
<testsuite hostname="MIT01524" ignored="2" name="Payment Gateway UAT Braintree Regression Test Cases" tests="1" failures="0" timestamp="06 Aug 2019 07:21:15 GMT" time="48.866" errors="0">
  <testcase name="testMakeCreditCardDefaultInSMUI" time="48.829" classname="com.paymentgateway.uat.domainz.testcases.RegressionSMUI"/>
  <testcase name="testAddNewCreditCardInSMUI" time="0.0" classname="com.paymentgateway.uat.domainz.testcases.RegressionSMUI">
    <ignored/>
  </testcase> <!-- testAddNewCreditCardInSMUI -->
  <testcase name="testModifyExistingCreditCardInSMUI" time="0.0" classname="com.paymentgateway.uat.domainz.testcases.RegressionSMUI">
    <ignored/>
  </testcase> <!-- testModifyExistingCreditCardInSMUI -->
</testsuite> <!-- Payment Gateway UAT Braintree Regression Test Cases -->
