<?xml version="1.0" encoding="UTF-8"?>
<!-- Generated by org.testng.reporters.JUnitXMLReporter -->
<testsuite hostname="MIT01524" ignored="2" name="Regression Test Cases" tests="1" failures="0" timestamp="04 Feb 2019 23:15:42 GMT" time="79.103" errors="0">
  <testcase name="testCreateDomainAndMajorProductOrderInSalesDB" time="79.059" classname="com.paymentgateway.uat.melbourneit.testcases.RegressionSalesDB"/>
  <testcase name="testDomainRegistration2WorkflowInConsoleAdmin" time="0.0" classname="com.paymentgateway.uat.melbourneit.testcases.RegressionSalesDB">
    <ignored/>
  </testcase> <!-- testDomainRegistration2WorkflowInConsoleAdmin -->
  <testcase name="testProductSetup2WorkflowInConsoleAdmin" time="0.0" classname="com.paymentgateway.uat.melbourneit.testcases.RegressionSalesDB">
    <ignored/>
  </testcase> <!-- testProductSetup2WorkflowInConsoleAdmin -->
</testsuite> <!-- Regression Test Cases -->
