<?xml version="1.0" encoding="UTF-8"?>
<!-- Generated by org.testng.reporters.JUnitXMLReporter -->
<testsuite hostname="MIT01524" ignored="0" name="Regression Test Cases" tests="2" failures="0" timestamp="06 Feb 2019 03:29:36 GMT" time="60.145" errors="0">
  <testcase name="testViewBillingInConsoleAdmin" time="44.475" classname="com.paymentgateway.uat.domainz.testcases.RegressionConsoleAdmin"/>
  <testcase name="testUpdateExpiryInConsoleAdmin" time="15.627" classname="com.paymentgateway.uat.domainz.testcases.RegressionConsoleAdmin"/>
</testsuite> <!-- Regression Test Cases -->
