<?xml version="1.0" encoding="UTF-8"?>
<!-- Generated by org.testng.reporters.JUnitXMLReporter -->
<testsuite hostname="MIT01524" ignored="4" name="Payment Gateway - Migration - NRG - Quest Data Creation Test Cases" tests="3" failures="0" timestamp="25 Mar 2019 23:15:01 GMT" time="462.916" errors="0">
  <testcase name="generateCustomerDataWithDefaultCreditCard" time="462.877" classname="com.paymentgateway.testdatacreation.testcases.NetregistryDataCreationTest"/>
  <testcase name="createTextFileForGreencodeAndCreditCardDetails" time="0.003" classname="com.paymentgateway.testdatacreation.testcases.NetregistryDataCreationTest"/>
  <testcase name="createPropertyFileForDecryptedDataVerification" time="0.007" classname="com.paymentgateway.testdatacreation.testcases.NetregistryDataCreationTest"/>
  <testcase name="generateCustomerDataWithYearlyBillingProduct" time="0.0" classname="com.paymentgateway.testdatacreation.testcases.NetregistryDataCreationTest">
    <ignored/>
  </testcase> <!-- generateCustomerDataWithYearlyBillingProduct -->
  <testcase name="generateCustomerDataWithMonthlyBillingProduct" time="0.0" classname="com.paymentgateway.testdatacreation.testcases.NetregistryDataCreationTest">
    <ignored/>
  </testcase> <!-- generateCustomerDataWithMonthlyBillingProduct -->
  <testcase name="generateCustomerDataWithDomainRegistrationAndEnableAutoRenew" time="0.0" classname="com.paymentgateway.testdatacreation.testcases.NetregistryDataCreationTest">
    <ignored/>
  </testcase> <!-- generateCustomerDataWithDomainRegistrationAndEnableAutoRenew -->
  <testcase name="generateCustomerDataWithOutstandingInvoice" time="0.0" classname="com.paymentgateway.testdatacreation.testcases.NetregistryDataCreationTest">
    <ignored/>
  </testcase> <!-- generateCustomerDataWithOutstandingInvoice -->
</testsuite> <!-- Payment Gateway - Migration - NRG - Quest Data Creation Test Cases -->
