<?xml version="1.0" encoding="UTF-8"?>
<!-- Generated by org.testng.reporters.JUnitXMLReporter -->
<testsuite hostname="MIT01524" ignored="4" name="Payment Gateway - Migration - NRG - Quest Data Creation Test Cases" tests="3" failures="0" timestamp="03 Jul 2019 23:26:27 GMT" time="1212.154" errors="0">
  <testcase name="generateCustomerDataWithMonthlyBillingProduct" time="1212.093" classname="com.paymentgateway.testdatacreation.testcases.NetregistryDataCreationTest"/>
  <testcase name="createTextFileForGreencodeAndCreditCardDetails" time="0.011" classname="com.paymentgateway.testdatacreation.testcases.NetregistryDataCreationTest"/>
  <testcase name="createPropertyFileForDecryptedDataVerification" time="0.015" classname="com.paymentgateway.testdatacreation.testcases.NetregistryDataCreationTest"/>
  <testcase name="generateCustomerDataWithYearlyBillingProduct" time="0.0" classname="com.paymentgateway.testdatacreation.testcases.NetregistryDataCreationTest">
    <ignored/>
  </testcase> <!-- generateCustomerDataWithYearlyBillingProduct -->
  <testcase name="generateCustomerDataWithDomainRegistrationAndEnableAutoRenew" time="0.0" classname="com.paymentgateway.testdatacreation.testcases.NetregistryDataCreationTest">
    <ignored/>
  </testcase> <!-- generateCustomerDataWithDomainRegistrationAndEnableAutoRenew -->
  <testcase name="generateCustomerDataWithOutstandingInvoice" time="0.0" classname="com.paymentgateway.testdatacreation.testcases.NetregistryDataCreationTest">
    <ignored/>
  </testcase> <!-- generateCustomerDataWithOutstandingInvoice -->
  <testcase name="generateCustomerDataWithDefaultCreditCard" time="0.0" classname="com.paymentgateway.testdatacreation.testcases.NetregistryDataCreationTest">
    <ignored/>
  </testcase> <!-- generateCustomerDataWithDefaultCreditCard -->
</testsuite> <!-- Payment Gateway - Migration - NRG - Quest Data Creation Test Cases -->
