<?xml version="1.0" encoding="UTF-8"?>
<!-- Generated by org.testng.reporters.JUnitXMLReporter -->
<testsuite hostname="MIT01524" ignored="3" name="Regression Test Cases" tests="1" failures="0" timestamp="03 Mar 2019 22:53:19 GMT" time="156.681" errors="0">
  <testcase name="verify_NzDomain_Order_InSalesDB" time="156.656" classname="com.consoleregression.testcases.SalesDBJourneyTest"/>
  <testcase name="verify_ComAuDomain_Order_InSalesDB" time="0.0" classname="com.consoleregression.testcases.SalesDBJourneyTest">
    <ignored/>
  </testcase> <!-- verify_ComAuDomain_Order_InSalesDB -->
  <testcase name="verify_ComDomain_and_BasicCloudHostingOrder_InSalesDB" time="0.0" classname="com.consoleregression.testcases.SalesDBJourneyTest">
    <ignored/>
  </testcase> <!-- verify_ComDomain_and_BasicCloudHostingOrder_InSalesDB -->
  <testcase name="verify_NetDomain_and_DIFM_Order_InSalesDB" time="0.0" classname="com.consoleregression.testcases.SalesDBJourneyTest">
    <ignored/>
  </testcase> <!-- verify_NetDomain_and_DIFM_Order_InSalesDB -->
</testsuite> <!-- Regression Test Cases -->
