<?xml version="1.0" encoding="UTF-8"?>
<!-- Generated by org.testng.reporters.JUnitXMLReporter -->
<testsuite hostname="MIT01524" ignored="2" name="Regression Test Cases" tests="7" failures="0" timestamp="23 Jul 2019 05:08:24 GMT" time="2225.882" errors="0">
  <testcase name="verify_ComDomain_and_BasicCloudHostingOrder_InSalesDB" time="628.582" classname="com.consoleregression.testcases.SalesDBJourneyTest"/>
  <testcase name="verify_NetDomain_and_DIFM_Order_InSalesDB" time="592.516" classname="com.consoleregression.testcases.SalesDBJourneyTest"/>
  <testcase name="verify_NzDomain_Order_InSalesDB" time="374.549" classname="com.consoleregression.testcases.SalesDBJourneyTest"/>
  <testcase name="verify_ComAuDomain_Order_InSalesDB" time="393.555" classname="com.consoleregression.testcases.SalesDBJourneyTest"/>
  <testcase name="verifyDomainRegistrationOrderForNewBTCustomerUsingNewCardInCustomerPortal" time="65.816" classname="com.consoleregression.testcases.CustomerPortalJourneyTest"/>
  <testcase name="verifyDomainandMultipleProductOrderForReturningBTCustomerUsingExistingCardInCustomerPortal" time="95.587" classname="com.consoleregression.testcases.CustomerPortalJourneyTest"/>
  <testcase name="verifyDomainandMultipleProductOrderForReturningBTCustomerUsingNewCardInCustomerPortal" time="75.18" classname="com.consoleregression.testcases.CustomerPortalJourneyTest"/>
  <testcase name="verifyDomainandMultipleProductOrderForReturningQuestCustomerUsingExistingCardInCustomerPortal" time="0.0" classname="com.consoleregression.testcases.CustomerPortalJourneyTest">
    <ignored/>
  </testcase> <!-- verifyDomainandMultipleProductOrderForReturningQuestCustomerUsingExistingCardInCustomerPortal -->
  <testcase name="verifyDomainandMultipleProductOrderForReturningQuestCustomerUsingNewCardInCustomerPortal" time="0.0" classname="com.consoleregression.testcases.CustomerPortalJourneyTest">
    <ignored/>
  </testcase> <!-- verifyDomainandMultipleProductOrderForReturningQuestCustomerUsingNewCardInCustomerPortal -->
</testsuite> <!-- Regression Test Cases -->
