<?xml version="1.0" encoding="UTF-8"?>
<testng-results skipped="0" failed="0" ignored="4" total="7" passed="3">
  <reporter-output>
  </reporter-output>
  <suite name="Payment Gateway Migration - Quest Data Creation Suite" duration-ms="407722" started-at="2019-04-09T00:09:16Z" finished-at="2019-04-09T00:16:04Z">
    <groups>
    </groups>
    <test name="Payment Gateway Migration - Quest Data Creation Test Cases" duration-ms="407722" started-at="2019-04-09T00:09:16Z" finished-at="2019-04-09T00:16:04Z">
      <class name="com.paymentgateway.testdatacreation.testcases.MelbourneITDataCreationTest">
        <test-method status="PASS" signature="generateCustomerDataWithDefaultCreditCard(java.lang.String, java.lang.Integer)[pri:0, instance:com.paymentgateway.testdatacreation.testcases.MelbourneITDataCreationTest@5442a311]" name="generateCustomerDataWithDefaultCreditCard" duration-ms="407678" started-at="2019-04-09T00:09:16Z" finished-at="2019-04-09T00:16:04Z">
          <params>
            <param index="0">
              <value>
                <![CDATA[stagingdev-5]]>
              </value>
            </param>
            <param index="1">
              <value>
                <![CDATA[1]]>
              </value>
            </param>
          </params>
          <reporter-output>
          </reporter-output>
        </test-method> <!-- generateCustomerDataWithDefaultCreditCard -->
        <test-method status="PASS" signature="createTextFileForGreencodeAndCreditCardDetails(java.lang.String)[pri:0, instance:com.paymentgateway.testdatacreation.testcases.MelbourneITDataCreationTest@5442a311]" name="createTextFileForGreencodeAndCreditCardDetails" duration-ms="8" started-at="2019-04-09T00:16:04Z" finished-at="2019-04-09T00:16:04Z">
          <params>
            <param index="0">
              <value>
                <![CDATA[stagingdev-5]]>
              </value>
            </param>
          </params>
          <reporter-output>
          </reporter-output>
        </test-method> <!-- createTextFileForGreencodeAndCreditCardDetails -->
        <test-method status="PASS" signature="createPropertyFileForDecryptedDataVerification(java.lang.String)[pri:0, instance:com.paymentgateway.testdatacreation.testcases.MelbourneITDataCreationTest@5442a311]" name="createPropertyFileForDecryptedDataVerification" duration-ms="9" started-at="2019-04-09T00:16:04Z" finished-at="2019-04-09T00:16:04Z">
          <params>
            <param index="0">
              <value>
                <![CDATA[stagingdev-5]]>
              </value>
            </param>
          </params>
          <reporter-output>
          </reporter-output>
        </test-method> <!-- createPropertyFileForDecryptedDataVerification -->
      </class> <!-- com.paymentgateway.testdatacreation.testcases.MelbourneITDataCreationTest -->
    </test> <!-- Payment Gateway Migration - Quest Data Creation Test Cases -->
  </suite> <!-- Payment Gateway Migration - Quest Data Creation Suite -->
</testng-results>
