<?xml version="1.0" encoding="UTF-8"?>
<testng-results skipped="0" failed="0" ignored="0" total="2" passed="2">
  <reporter-output>
  </reporter-output>
  <suite name="Payment Gateway UAT Braintree Regression Test Suite" duration-ms="60145" started-at="2019-02-06T03:28:36Z" finished-at="2019-02-06T03:29:36Z">
    <groups>
    </groups>
    <test name="Regression Test Cases" duration-ms="60145" started-at="2019-02-06T03:28:36Z" finished-at="2019-02-06T03:29:36Z">
      <class name="com.paymentgateway.uat.domainz.testcases.RegressionConsoleAdmin">
        <test-method status="PASS" signature="testViewBillingInConsoleAdmin(java.lang.String, java.lang.String)[pri:0, instance:com.paymentgateway.uat.domainz.testcases.RegressionConsoleAdmin@5442a311]" name="testViewBillingInConsoleAdmin" duration-ms="44475" started-at="2019-02-06T03:28:36Z" finished-at="2019-02-06T03:29:21Z">
          <params>
            <param index="0">
              <value>
                <![CDATA[uat1]]>
              </value>
            </param>
            <param index="1">
              <value>
                <![CDATA[braintree]]>
              </value>
            </param>
          </params>
          <reporter-output>
          </reporter-output>
        </test-method> <!-- testViewBillingInConsoleAdmin -->
        <test-method status="PASS" signature="testUpdateExpiryInConsoleAdmin(java.lang.String, java.lang.String)[pri:0, instance:com.paymentgateway.uat.domainz.testcases.RegressionConsoleAdmin@5442a311]" name="testUpdateExpiryInConsoleAdmin" duration-ms="15627" started-at="2019-02-06T03:29:21Z" finished-at="2019-02-06T03:29:36Z">
          <params>
            <param index="0">
              <value>
                <![CDATA[uat1]]>
              </value>
            </param>
            <param index="1">
              <value>
                <![CDATA[braintree]]>
              </value>
            </param>
          </params>
          <reporter-output>
          </reporter-output>
        </test-method> <!-- testUpdateExpiryInConsoleAdmin -->
      </class> <!-- com.paymentgateway.uat.domainz.testcases.RegressionConsoleAdmin -->
    </test> <!-- Regression Test Cases -->
  </suite> <!-- Payment Gateway UAT Braintree Regression Test Suite -->
</testng-results>
