<?xml version="1.0" encoding="UTF-8"?>
<testng-results skipped="0" failed="0" ignored="4" total="7" passed="3">
  <reporter-output>
  </reporter-output>
  <suite name="Payment Gateway Migration - Quest Data Creation Suite" duration-ms="342050" started-at="2019-02-07T06:08:21Z" finished-at="2019-02-07T06:14:03Z">
    <groups>
    </groups>
    <test name="Payment Gateway Migration - Quest Data Creation Test Cases" duration-ms="342050" started-at="2019-02-07T06:08:21Z" finished-at="2019-02-07T06:14:03Z">
      <class name="com.paymentgateway.testdatacreation.testcases.DomainzDataCreationTest">
        <test-method status="PASS" signature="generateCustomerDataWithDomainRegistrationAndEnableAutoRenew(java.lang.String, java.lang.Integer)[pri:0, instance:com.paymentgateway.testdatacreation.testcases.DomainzDataCreationTest@5442a311]" name="generateCustomerDataWithDomainRegistrationAndEnableAutoRenew" duration-ms="341991" started-at="2019-02-07T06:08:21Z" finished-at="2019-02-07T06:14:03Z">
          <params>
            <param index="0">
              <value>
                <![CDATA[stagingdev-5]]>
              </value>
            </param>
            <param index="1">
              <value>
                <![CDATA[1]]>
              </value>
            </param>
          </params>
          <reporter-output>
          </reporter-output>
        </test-method> <!-- generateCustomerDataWithDomainRegistrationAndEnableAutoRenew -->
        <test-method status="PASS" signature="createTextFileForGreencodeAndCreditCardDetails(java.lang.String)[pri:0, instance:com.paymentgateway.testdatacreation.testcases.DomainzDataCreationTest@5442a311]" name="createTextFileForGreencodeAndCreditCardDetails" duration-ms="10" started-at="2019-02-07T06:14:03Z" finished-at="2019-02-07T06:14:03Z">
          <params>
            <param index="0">
              <value>
                <![CDATA[stagingdev-5]]>
              </value>
            </param>
          </params>
          <reporter-output>
          </reporter-output>
        </test-method> <!-- createTextFileForGreencodeAndCreditCardDetails -->
        <test-method status="PASS" signature="createPropertyFileForDecryptedDataVerification(java.lang.String)[pri:0, instance:com.paymentgateway.testdatacreation.testcases.DomainzDataCreationTest@5442a311]" name="createPropertyFileForDecryptedDataVerification" duration-ms="12" started-at="2019-02-07T06:14:03Z" finished-at="2019-02-07T06:14:03Z">
          <params>
            <param index="0">
              <value>
                <![CDATA[stagingdev-5]]>
              </value>
            </param>
          </params>
          <reporter-output>
          </reporter-output>
        </test-method> <!-- createPropertyFileForDecryptedDataVerification -->
      </class> <!-- com.paymentgateway.testdatacreation.testcases.DomainzDataCreationTest -->
    </test> <!-- Payment Gateway Migration - Quest Data Creation Test Cases -->
  </suite> <!-- Payment Gateway Migration - Quest Data Creation Suite -->
</testng-results>
