<?xml version="1.0" encoding="UTF-8"?>
<testng-results skipped="0" failed="1" ignored="0" total="1" passed="0">
  <reporter-output>
  </reporter-output>
  <suite name="AU Project Regression Test Suite" duration-ms="45" started-at="2019-09-02T00:41:45Z" finished-at="2019-09-02T00:41:45Z">
    <groups>
    </groups>
    <test name="AU Project Regression Test Cases" duration-ms="45" started-at="2019-09-02T00:41:45Z" finished-at="2019-09-02T00:41:45Z">
      <class name="com.consoleregression.workflowtest.testcases.TestDomainRegistration2WorkflowForCom">
        <test-method status="FAIL" signature="testDomainRegistration2WorkflowForCom(java.lang.String, java.lang.String)[pri:0, instance:com.consoleregression.workflowtest.testcases.TestDomainRegistration2WorkflowForCom@14bf9759]" name="testDomainRegistration2WorkflowForCom" duration-ms="0" started-at="2019-09-02T00:41:45Z" finished-at="2019-09-02T00:41:45Z">
          <exception class="org.testng.TestNGException">
            <message>
              <![CDATA[
Parameter 'virtualization' is required by @Test on method testDomainRegistration2WorkflowForCom but has not been marked @Optional or defined
in C:\Users\roy.alcantara\Desktop\Automation\TestAutomationProject\src\main\resources\testng_AUProjectRegression_DEV2.xml]]>
            </message>
            <full-stacktrace>
              <![CDATA[org.testng.TestNGException: 
Parameter 'virtualization' is required by @Test on method testDomainRegistration2WorkflowForCom but has not been marked @Optional or defined
in C:\Users\roy.alcantara\Desktop\Automation\TestAutomationProject\src\main\resources\testng_AUProjectRegression_DEV2.xml
at org.testng.internal.Parameters.createParams(Parameters.java:290)
at org.testng.internal.Parameters.createParametersForMethod(Parameters.java:359)
at org.testng.internal.Parameters.createParameters(Parameters.java:620)
at org.testng.internal.Parameters.handleParameters(Parameters.java:769)
at org.testng.internal.ParameterHandler.handleParameters(ParameterHandler.java:49)
at org.testng.internal.ParameterHandler.createParameters(ParameterHandler.java:37)
at org.testng.internal.Invoker.invokeTestMethods(Invoker.java:924)
at org.testng.internal.TestMethodWorker.invokeTestMethods(TestMethodWorker.java:125)
at org.testng.internal.TestMethodWorker.run(TestMethodWorker.java:109)
at org.testng.TestRunner.privateRun(TestRunner.java:648)
at org.testng.TestRunner.run(TestRunner.java:505)
at org.testng.SuiteRunner.runTest(SuiteRunner.java:455)
at org.testng.SuiteRunner.access$000(SuiteRunner.java:40)
at org.testng.SuiteRunner$SuiteWorker.run(SuiteRunner.java:489)
at org.testng.internal.thread.ThreadUtil$1.call(ThreadUtil.java:52)
at java.util.concurrent.FutureTask.run(Unknown Source)
at java.util.concurrent.ThreadPoolExecutor.runWorker(Unknown Source)
at java.util.concurrent.ThreadPoolExecutor$Worker.run(Unknown Source)
at java.lang.Thread.run(Unknown Source)
]]>
            </full-stacktrace>
          </exception> <!-- org.testng.TestNGException -->
          <reporter-output>
          </reporter-output>
        </test-method> <!-- testDomainRegistration2WorkflowForCom -->
      </class> <!-- com.consoleregression.workflowtest.testcases.TestDomainRegistration2WorkflowForCom -->
    </test> <!-- AU Project Regression Test Cases -->
  </suite> <!-- AU Project Regression Test Suite -->
</testng-results>
