<?xml version="1.0" encoding="UTF-8"?>
<testng-results skipped="0" failed="1" ignored="0" total="1" passed="0">
  <reporter-output>
  </reporter-output>
  <suite name="Console Release Regression Test Suite" duration-ms="28489" started-at="2019-06-18T07:06:03Z" finished-at="2019-06-18T07:06:32Z">
    <groups>
    </groups>
    <test name="Console Release Regression Test Cases" duration-ms="28489" started-at="2019-06-18T07:06:03Z" finished-at="2019-06-18T07:06:32Z">
      <class name="com.consoleregression.workflowtest.testcases.TestProductSetup2WorkflowForBasicCloudHosting">
        <test-method status="FAIL" signature="testProductSetup2WorkflowForBasicCloudHosting(java.lang.String, java.lang.String)[pri:0, instance:com.consoleregression.workflowtest.testcases.TestProductSetup2WorkflowForBasicCloudHosting@42e26948]" name="testProductSetup2WorkflowForBasicCloudHosting" duration-ms="28451" started-at="2019-06-18T07:06:03Z" finished-at="2019-06-18T07:06:32Z">
          <params>
            <param index="0">
              <value>
                <![CDATA[uat1]]>
              </value>
            </param>
            <param index="1">
              <value>
                <![CDATA[netregistry]]>
              </value>
            </param>
          </params>
          <exception class="java.lang.Error">
            <message>
              <![CDATA[Unresolved compilation problems: 
upgradeWarningCheckBox cannot be resolved
upgradeWarningCheckBox cannot be resolved
upgradeWarningCheckBox cannot be resolved
warningContinueButton cannot be resolved
warningContinueButton cannot be resolved
warningContinueButton cannot be resolved
]]>
            </message>
            <full-stacktrace>
              <![CDATA[java.lang.Error: Unresolved compilation problems: 
upgradeWarningCheckBox cannot be resolved
upgradeWarningCheckBox cannot be resolved
upgradeWarningCheckBox cannot be resolved
warningContinueButton cannot be resolved
warningContinueButton cannot be resolved
warningContinueButton cannot be resolved

at com.netregistryoldwebsite.pages.NRGHostingAndExtrasPage.clickContinueButtonToBillingPage(NRGHostingAndExtrasPage.java:222)
at com.consoleregression.workflowtest.testcases.TestProductSetup2WorkflowForBasicCloudHosting.testProductSetup2WorkflowForBasicCloudHosting(TestProductSetup2WorkflowForBasicCloudHosting.java:91)
at sun.reflect.NativeMethodAccessorImpl.invoke0(Native Method)
at sun.reflect.NativeMethodAccessorImpl.invoke(Unknown Source)
at sun.reflect.DelegatingMethodAccessorImpl.invoke(Unknown Source)
at java.lang.reflect.Method.invoke(Unknown Source)
at org.testng.internal.MethodInvocationHelper.invokeMethod(MethodInvocationHelper.java:124)
at org.testng.internal.Invoker.invokeMethod(Invoker.java:583)
at org.testng.internal.Invoker.invokeTestMethod(Invoker.java:719)
at org.testng.internal.Invoker.invokeTestMethods(Invoker.java:989)
at org.testng.internal.TestMethodWorker.invokeTestMethods(TestMethodWorker.java:125)
at org.testng.internal.TestMethodWorker.run(TestMethodWorker.java:109)
at org.testng.TestRunner.privateRun(TestRunner.java:648)
at org.testng.TestRunner.run(TestRunner.java:505)
at org.testng.SuiteRunner.runTest(SuiteRunner.java:455)
at org.testng.SuiteRunner.access$000(SuiteRunner.java:40)
at org.testng.SuiteRunner$SuiteWorker.run(SuiteRunner.java:489)
at org.testng.internal.thread.ThreadUtil$1.call(ThreadUtil.java:52)
at java.util.concurrent.FutureTask.run(Unknown Source)
at java.util.concurrent.ThreadPoolExecutor.runWorker(Unknown Source)
at java.util.concurrent.ThreadPoolExecutor$Worker.run(Unknown Source)
at java.lang.Thread.run(Unknown Source)
]]>
            </full-stacktrace>
          </exception> <!-- java.lang.Error -->
          <reporter-output>
          </reporter-output>
        </test-method> <!-- testProductSetup2WorkflowForBasicCloudHosting -->
      </class> <!-- com.consoleregression.workflowtest.testcases.TestProductSetup2WorkflowForBasicCloudHosting -->
    </test> <!-- Console Release Regression Test Cases -->
  </suite> <!-- Console Release Regression Test Suite -->
</testng-results>
