<?xml version="1.0" encoding="UTF-8"?>
<testng-results skipped="0" failed="0" ignored="4" total="7" passed="3">
  <reporter-output>
  </reporter-output>
  <suite name="Payment Gateway - Migration - NRG - Quest Data Creation Suite" duration-ms="462916" started-at="2019-03-25T23:07:18Z" finished-at="2019-03-25T23:15:01Z">
    <groups>
    </groups>
    <test name="Payment Gateway - Migration - NRG - Quest Data Creation Test Cases" duration-ms="462916" started-at="2019-03-25T23:07:18Z" finished-at="2019-03-25T23:15:01Z">
      <class name="com.paymentgateway.testdatacreation.testcases.NetregistryDataCreationTest">
        <test-method status="PASS" signature="generateCustomerDataWithDefaultCreditCard(java.lang.String, java.lang.Integer)[pri:0, instance:com.paymentgateway.testdatacreation.testcases.NetregistryDataCreationTest@5442a311]" name="generateCustomerDataWithDefaultCreditCard" duration-ms="462877" started-at="2019-03-25T23:07:18Z" finished-at="2019-03-25T23:15:01Z">
          <params>
            <param index="0">
              <value>
                <![CDATA[stagingdev-5]]>
              </value>
            </param>
            <param index="1">
              <value>
                <![CDATA[1]]>
              </value>
            </param>
          </params>
          <reporter-output>
          </reporter-output>
        </test-method> <!-- generateCustomerDataWithDefaultCreditCard -->
        <test-method status="PASS" signature="createTextFileForGreencodeAndCreditCardDetails(java.lang.String)[pri:0, instance:com.paymentgateway.testdatacreation.testcases.NetregistryDataCreationTest@5442a311]" name="createTextFileForGreencodeAndCreditCardDetails" duration-ms="3" started-at="2019-03-25T23:15:01Z" finished-at="2019-03-25T23:15:01Z">
          <params>
            <param index="0">
              <value>
                <![CDATA[stagingdev-5]]>
              </value>
            </param>
          </params>
          <reporter-output>
          </reporter-output>
        </test-method> <!-- createTextFileForGreencodeAndCreditCardDetails -->
        <test-method status="PASS" signature="createPropertyFileForDecryptedDataVerification(java.lang.String)[pri:0, instance:com.paymentgateway.testdatacreation.testcases.NetregistryDataCreationTest@5442a311]" name="createPropertyFileForDecryptedDataVerification" duration-ms="7" started-at="2019-03-25T23:15:01Z" finished-at="2019-03-25T23:15:01Z">
          <params>
            <param index="0">
              <value>
                <![CDATA[stagingdev-5]]>
              </value>
            </param>
          </params>
          <reporter-output>
          </reporter-output>
        </test-method> <!-- createPropertyFileForDecryptedDataVerification -->
      </class> <!-- com.paymentgateway.testdatacreation.testcases.NetregistryDataCreationTest -->
    </test> <!-- Payment Gateway - Migration - NRG - Quest Data Creation Test Cases -->
  </suite> <!-- Payment Gateway - Migration - NRG - Quest Data Creation Suite -->
</testng-results>
