<?xml version="1.0" encoding="UTF-8"?>
<testng-results skipped="0" failed="1" ignored="1" total="7" passed="5">
  <reporter-output>
  </reporter-output>
  <suite name="Payment Gateway - Migration - MIT - Quest Data Creation Suite" duration-ms="2421794" started-at="2019-04-09T04:29:04Z" finished-at="2019-04-09T05:09:26Z">
    <groups>
    </groups>
    <test name="Payment Gateway - Migration - MIT - Quest Data Creation Test Cases" duration-ms="2421794" started-at="2019-04-09T04:29:04Z" finished-at="2019-04-09T05:09:26Z">
      <class name="com.paymentgateway.testdatacreation.testcases.MelbourneITDataCreationTest">
        <test-method status="PASS" signature="generateCustomerDataWithDomainRegistrationAndEnableAutoRenew(java.lang.String, java.lang.Integer)[pri:0, instance:com.paymentgateway.testdatacreation.testcases.MelbourneITDataCreationTest@5442a311]" name="generateCustomerDataWithDomainRegistrationAndEnableAutoRenew" duration-ms="476440" started-at="2019-04-09T04:29:04Z" finished-at="2019-04-09T04:37:01Z">
          <params>
            <param index="0">
              <value>
                <![CDATA[stagingdev-5]]>
              </value>
            </param>
            <param index="1">
              <value>
                <![CDATA[1]]>
              </value>
            </param>
          </params>
          <reporter-output>
          </reporter-output>
        </test-method> <!-- generateCustomerDataWithDomainRegistrationAndEnableAutoRenew -->
        <test-method status="FAIL" signature="generateCustomerDataWithMonthlyBillingProduct(java.lang.String, java.lang.Integer)[pri:0, instance:com.paymentgateway.testdatacreation.testcases.MelbourneITDataCreationTest@5442a311]" name="generateCustomerDataWithMonthlyBillingProduct" duration-ms="717593" started-at="2019-04-09T04:37:01Z" finished-at="2019-04-09T04:48:58Z">
          <params>
            <param index="0">
              <value>
                <![CDATA[stagingdev-5]]>
              </value>
            </param>
            <param index="1">
              <value>
                <![CDATA[1]]>
              </value>
            </param>
          </params>
          <exception class="org.openqa.selenium.NoSuchElementException">
            <message>
              <![CDATA[no such element: Unable to locate element: {"method":"xpath","selector":"//tbody/tr/td/font[@class='cp'][3]/a[@class='cp']"}
  (Session info: chrome=73.0.3683.86)
  (Driver info: chromedriver=2.45.615291 (ec3682e3c9061c10f26ea9e5cdcf3c53f3f74387),platform=Windows NT 10.0.14393 x86_64) (WARNING: The server did not provide any stacktrace information)
Command duration or timeout: 0 milliseconds
For documentation on this error, please visit: http://seleniumhq.org/exceptions/no_such_element.html
Build info: version: '3.10.0', revision: '176b4a9', time: '2018-03-02T19:03:16.397Z'
System info: host: 'MIT01524', ip: '10.40.3.58', os.name: 'Windows 10', os.arch: 'amd64', os.version: '10.0', java.version: '1.8.0_191'
Driver info: org.openqa.selenium.chrome.ChromeDriver
Capabilities {acceptInsecureCerts: false, acceptSslCerts: false, applicationCacheEnabled: false, browserConnectionEnabled: false, browserName: chrome, chrome: {chromedriverVersion: 2.45.615291 (ec3682e3c9061c..., userDataDir: C:\Users\ROY~1.ALC\AppData\...}, cssSelectorsEnabled: true, databaseEnabled: false, goog:chromeOptions: {debuggerAddress: localhost:62276}, handlesAlerts: true, hasTouchScreen: false, javascriptEnabled: true, locationContextEnabled: true, mobileEmulationEnabled: false, nativeEvents: true, networkConnectionEnabled: false, pageLoadStrategy: normal, platform: XP, platformName: XP, proxy: Proxy(), rotatable: false, setWindowRect: true, strictFileInteractability: false, takesHeapSnapshot: true, takesScreenshot: true, timeouts: {implicit: 0, pageLoad: 300000, script: 30000}, unexpectedAlertBehaviour: ignore, unhandledPromptBehavior: ignore, version: 73.0.3683.86, webStorageEnabled: true}
Session ID: a95259048468cfd7a4661e17d21d5fe1
*** Element info: {Using=xpath, value=//tbody/tr/td/font[@class='cp'][3]/a[@class='cp']}]]>
            </message>
            <full-stacktrace>
              <![CDATA[org.openqa.selenium.NoSuchElementException: no such element: Unable to locate element: {"method":"xpath","selector":"//tbody/tr/td/font[@class='cp'][3]/a[@class='cp']"}
  (Session info: chrome=73.0.3683.86)
  (Driver info: chromedriver=2.45.615291 (ec3682e3c9061c10f26ea9e5cdcf3c53f3f74387),platform=Windows NT 10.0.14393 x86_64) (WARNING: The server did not provide any stacktrace information)
Command duration or timeout: 0 milliseconds
For documentation on this error, please visit: http://seleniumhq.org/exceptions/no_such_element.html
Build info: version: '3.10.0', revision: '176b4a9', time: '2018-03-02T19:03:16.397Z'
System info: host: 'MIT01524', ip: '10.40.3.58', os.name: 'Windows 10', os.arch: 'amd64', os.version: '10.0', java.version: '1.8.0_191'
Driver info: org.openqa.selenium.chrome.ChromeDriver
Capabilities {acceptInsecureCerts: false, acceptSslCerts: false, applicationCacheEnabled: false, browserConnectionEnabled: false, browserName: chrome, chrome: {chromedriverVersion: 2.45.615291 (ec3682e3c9061c..., userDataDir: C:\Users\ROY~1.ALC\AppData\...}, cssSelectorsEnabled: true, databaseEnabled: false, goog:chromeOptions: {debuggerAddress: localhost:62276}, handlesAlerts: true, hasTouchScreen: false, javascriptEnabled: true, locationContextEnabled: true, mobileEmulationEnabled: false, nativeEvents: true, networkConnectionEnabled: false, pageLoadStrategy: normal, platform: XP, platformName: XP, proxy: Proxy(), rotatable: false, setWindowRect: true, strictFileInteractability: false, takesHeapSnapshot: true, takesScreenshot: true, timeouts: {implicit: 0, pageLoad: 300000, script: 30000}, unexpectedAlertBehaviour: ignore, unhandledPromptBehavior: ignore, version: 73.0.3683.86, webStorageEnabled: true}
Session ID: a95259048468cfd7a4661e17d21d5fe1
*** Element info: {Using=xpath, value=//tbody/tr/td/font[@class='cp'][3]/a[@class='cp']}
at sun.reflect.NativeConstructorAccessorImpl.newInstance0(Native Method)
at sun.reflect.NativeConstructorAccessorImpl.newInstance(Unknown Source)
at sun.reflect.DelegatingConstructorAccessorImpl.newInstance(Unknown Source)
at java.lang.reflect.Constructor.newInstance(Unknown Source)
at org.openqa.selenium.remote.ErrorHandler.createThrowable(ErrorHandler.java:214)
at org.openqa.selenium.remote.ErrorHandler.throwIfResponseFailed(ErrorHandler.java:166)
at org.openqa.selenium.remote.http.JsonHttpResponseCodec.reconstructValue(JsonHttpResponseCodec.java:40)
at org.openqa.selenium.remote.http.AbstractHttpResponseCodec.decode(AbstractHttpResponseCodec.java:80)
at org.openqa.selenium.remote.http.AbstractHttpResponseCodec.decode(AbstractHttpResponseCodec.java:44)
at org.openqa.selenium.remote.HttpCommandExecutor.execute(HttpCommandExecutor.java:160)
at org.openqa.selenium.remote.service.DriverCommandExecutor.execute(DriverCommandExecutor.java:83)
at org.openqa.selenium.remote.RemoteWebDriver.execute(RemoteWebDriver.java:601)
at org.openqa.selenium.remote.RemoteWebDriver.findElement(RemoteWebDriver.java:371)
at org.openqa.selenium.remote.RemoteWebDriver.findElementByXPath(RemoteWebDriver.java:473)
at org.openqa.selenium.By$ByXPath.findElement(By.java:361)
at org.openqa.selenium.remote.RemoteWebDriver.findElement(RemoteWebDriver.java:363)
at sun.reflect.GeneratedMethodAccessor5.invoke(Unknown Source)
at sun.reflect.DelegatingMethodAccessorImpl.invoke(Unknown Source)
at java.lang.reflect.Method.invoke(Unknown Source)
at org.openqa.selenium.support.events.EventFiringWebDriver.lambda$new$1(EventFiringWebDriver.java:103)
at com.sun.proxy.$Proxy10.findElement(Unknown Source)
at org.openqa.selenium.support.events.EventFiringWebDriver.findElement(EventFiringWebDriver.java:186)
at com.consoleadmin.pages.CAWorkflowAdminPage.getProductSetup2WorkflowID(CAWorkflowAdminPage.java:276)
at com.paymentgateway.testdatacreation.testcases.MelbourneITDataCreationTest.generateCustomerDataWithMonthlyBillingProduct(MelbourneITDataCreationTest.java:530)
at sun.reflect.NativeMethodAccessorImpl.invoke0(Native Method)
at sun.reflect.NativeMethodAccessorImpl.invoke(Unknown Source)
at sun.reflect.DelegatingMethodAccessorImpl.invoke(Unknown Source)
at java.lang.reflect.Method.invoke(Unknown Source)
at org.testng.internal.MethodInvocationHelper.invokeMethod(MethodInvocationHelper.java:124)
at org.testng.internal.Invoker.invokeMethod(Invoker.java:583)
at org.testng.internal.Invoker.invokeTestMethod(Invoker.java:719)
at org.testng.internal.Invoker.invokeTestMethods(Invoker.java:989)
at org.testng.internal.TestMethodWorker.invokeTestMethods(TestMethodWorker.java:125)
at org.testng.internal.TestMethodWorker.run(TestMethodWorker.java:109)
at org.testng.TestRunner.privateRun(TestRunner.java:648)
at org.testng.TestRunner.run(TestRunner.java:505)
at org.testng.SuiteRunner.runTest(SuiteRunner.java:455)
at org.testng.SuiteRunner.access$000(SuiteRunner.java:40)
at org.testng.SuiteRunner$SuiteWorker.run(SuiteRunner.java:489)
at org.testng.internal.thread.ThreadUtil$1.call(ThreadUtil.java:52)
at java.util.concurrent.FutureTask.run(Unknown Source)
at java.util.concurrent.ThreadPoolExecutor.runWorker(Unknown Source)
at java.util.concurrent.ThreadPoolExecutor$Worker.run(Unknown Source)
at java.lang.Thread.run(Unknown Source)
]]>
            </full-stacktrace>
          </exception> <!-- org.openqa.selenium.NoSuchElementException -->
          <reporter-output>
          </reporter-output>
        </test-method> <!-- generateCustomerDataWithMonthlyBillingProduct -->
        <test-method status="PASS" signature="generateCustomerDataWithYearlyBillingProduct(java.lang.String, java.lang.Integer)[pri:0, instance:com.paymentgateway.testdatacreation.testcases.MelbourneITDataCreationTest@5442a311]" name="generateCustomerDataWithYearlyBillingProduct" duration-ms="865958" started-at="2019-04-09T04:48:58Z" finished-at="2019-04-09T05:03:24Z">
          <params>
            <param index="0">
              <value>
                <![CDATA[stagingdev-5]]>
              </value>
            </param>
            <param index="1">
              <value>
                <![CDATA[1]]>
              </value>
            </param>
          </params>
          <reporter-output>
          </reporter-output>
        </test-method> <!-- generateCustomerDataWithYearlyBillingProduct -->
        <test-method status="PASS" signature="generateCustomerDataWithDefaultCreditCard(java.lang.String, java.lang.Integer)[pri:0, instance:com.paymentgateway.testdatacreation.testcases.MelbourneITDataCreationTest@5442a311]" name="generateCustomerDataWithDefaultCreditCard" duration-ms="361746" started-at="2019-04-09T05:03:24Z" finished-at="2019-04-09T05:09:26Z">
          <params>
            <param index="0">
              <value>
                <![CDATA[stagingdev-5]]>
              </value>
            </param>
            <param index="1">
              <value>
                <![CDATA[1]]>
              </value>
            </param>
          </params>
          <reporter-output>
          </reporter-output>
        </test-method> <!-- generateCustomerDataWithDefaultCreditCard -->
        <test-method status="PASS" signature="createTextFileForGreencodeAndCreditCardDetails(java.lang.String)[pri:0, instance:com.paymentgateway.testdatacreation.testcases.MelbourneITDataCreationTest@5442a311]" name="createTextFileForGreencodeAndCreditCardDetails" duration-ms="3" started-at="2019-04-09T05:09:26Z" finished-at="2019-04-09T05:09:26Z">
          <params>
            <param index="0">
              <value>
                <![CDATA[stagingdev-5]]>
              </value>
            </param>
          </params>
          <reporter-output>
          </reporter-output>
        </test-method> <!-- createTextFileForGreencodeAndCreditCardDetails -->
        <test-method status="PASS" signature="createPropertyFileForDecryptedDataVerification(java.lang.String)[pri:0, instance:com.paymentgateway.testdatacreation.testcases.MelbourneITDataCreationTest@5442a311]" name="createPropertyFileForDecryptedDataVerification" duration-ms="11" started-at="2019-04-09T05:09:26Z" finished-at="2019-04-09T05:09:26Z">
          <params>
            <param index="0">
              <value>
                <![CDATA[stagingdev-5]]>
              </value>
            </param>
          </params>
          <reporter-output>
          </reporter-output>
        </test-method> <!-- createPropertyFileForDecryptedDataVerification -->
      </class> <!-- com.paymentgateway.testdatacreation.testcases.MelbourneITDataCreationTest -->
    </test> <!-- Payment Gateway - Migration - MIT - Quest Data Creation Test Cases -->
  </suite> <!-- Payment Gateway - Migration - MIT - Quest Data Creation Suite -->
</testng-results>
