<?xml version="1.0" encoding="UTF-8"?>
<testng-results skipped="0" failed="1" ignored="2" total="9" passed="6">
  <reporter-output>
  </reporter-output>
  <suite name="Console Regression Test Automation - UAT Test Suite" duration-ms="2188281" started-at="2019-08-01T06:53:35Z" finished-at="2019-08-01T07:30:03Z">
    <groups>
    </groups>
    <test name="Regression Test Cases" duration-ms="2188281" started-at="2019-08-01T06:53:35Z" finished-at="2019-08-01T07:30:03Z">
      <class name="com.consoleregression.testcases.SalesDBJourneyTest">
        <test-method status="PASS" signature="verify_ComDomain_and_BasicCloudHostingOrder_InSalesDB(java.lang.String)[pri:0, instance:com.consoleregression.testcases.SalesDBJourneyTest@4667ae56]" name="verify_ComDomain_and_BasicCloudHostingOrder_InSalesDB" duration-ms="628479" started-at="2019-08-01T06:53:35Z" finished-at="2019-08-01T07:04:03Z">
          <params>
            <param index="0">
              <value>
                <![CDATA[uat1]]>
              </value>
            </param>
          </params>
          <reporter-output>
          </reporter-output>
        </test-method> <!-- verify_ComDomain_and_BasicCloudHostingOrder_InSalesDB -->
        <test-method status="PASS" signature="verify_NetDomain_and_DIFM_Order_InSalesDB(java.lang.String)[pri:0, instance:com.consoleregression.testcases.SalesDBJourneyTest@4667ae56]" name="verify_NetDomain_and_DIFM_Order_InSalesDB" duration-ms="596378" started-at="2019-08-01T07:04:03Z" finished-at="2019-08-01T07:14:00Z">
          <params>
            <param index="0">
              <value>
                <![CDATA[uat1]]>
              </value>
            </param>
          </params>
          <reporter-output>
          </reporter-output>
        </test-method> <!-- verify_NetDomain_and_DIFM_Order_InSalesDB -->
        <test-method status="PASS" signature="verify_NzDomain_Order_InSalesDB(java.lang.String)[pri:0, instance:com.consoleregression.testcases.SalesDBJourneyTest@4667ae56]" name="verify_NzDomain_Order_InSalesDB" duration-ms="367640" started-at="2019-08-01T07:14:00Z" finished-at="2019-08-01T07:20:07Z">
          <params>
            <param index="0">
              <value>
                <![CDATA[uat1]]>
              </value>
            </param>
          </params>
          <reporter-output>
          </reporter-output>
        </test-method> <!-- verify_NzDomain_Order_InSalesDB -->
        <test-method status="FAIL" signature="verify_ComAuDomain_Order_InSalesDB(java.lang.String)[pri:0, instance:com.consoleregression.testcases.SalesDBJourneyTest@4667ae56]" name="verify_ComAuDomain_Order_InSalesDB" duration-ms="386555" started-at="2019-08-01T07:20:07Z" finished-at="2019-08-01T07:26:34Z">
          <params>
            <param index="0">
              <value>
                <![CDATA[uat1]]>
              </value>
            </param>
          </params>
          <exception class="java.lang.AssertionError">
            <message>
              <![CDATA[update star rating expected [domain registration completed] but found [update star rating]]]>
            </message>
            <full-stacktrace>
              <![CDATA[java.lang.AssertionError: update star rating expected [domain registration completed] but found [update star rating]
at org.testng.Assert.fail(Assert.java:96)
at org.testng.Assert.failNotEquals(Assert.java:776)
at org.testng.Assert.assertEqualsImpl(Assert.java:137)
at org.testng.Assert.assertEquals(Assert.java:118)
at org.testng.Assert.assertEquals(Assert.java:453)
at com.consoleregression.testcases.SalesDBJourneyTest.verify_ComAuDomain_Order_InSalesDB(SalesDBJourneyTest.java:128)
at sun.reflect.NativeMethodAccessorImpl.invoke0(Native Method)
at sun.reflect.NativeMethodAccessorImpl.invoke(Unknown Source)
at sun.reflect.DelegatingMethodAccessorImpl.invoke(Unknown Source)
at java.lang.reflect.Method.invoke(Unknown Source)
at org.testng.internal.MethodInvocationHelper.invokeMethod(MethodInvocationHelper.java:124)
at org.testng.internal.Invoker.invokeMethod(Invoker.java:583)
at org.testng.internal.Invoker.invokeTestMethod(Invoker.java:719)
at org.testng.internal.Invoker.invokeTestMethods(Invoker.java:989)
at org.testng.internal.TestMethodWorker.invokeTestMethods(TestMethodWorker.java:125)
at org.testng.internal.TestMethodWorker.run(TestMethodWorker.java:109)
at org.testng.TestRunner.privateRun(TestRunner.java:648)
at org.testng.TestRunner.run(TestRunner.java:505)
at org.testng.SuiteRunner.runTest(SuiteRunner.java:455)
at org.testng.SuiteRunner.runSequentially(SuiteRunner.java:450)
at org.testng.SuiteRunner.privateRun(SuiteRunner.java:415)
at org.testng.SuiteRunner.run(SuiteRunner.java:364)
at org.testng.SuiteRunnerWorker.runSuite(SuiteRunnerWorker.java:52)
at org.testng.SuiteRunnerWorker.run(SuiteRunnerWorker.java:84)
at org.testng.TestNG.runSuitesSequentially(TestNG.java:1208)
at org.testng.TestNG.runSuitesLocally(TestNG.java:1137)
at org.testng.TestNG.runSuites(TestNG.java:1049)
at org.testng.TestNG.run(TestNG.java:1017)
at org.testng.remote.AbstractRemoteTestNG.run(AbstractRemoteTestNG.java:132)
at org.testng.remote.RemoteTestNG.initAndRun(RemoteTestNG.java:230)
at org.testng.remote.RemoteTestNG.main(RemoteTestNG.java:76)
]]>
            </full-stacktrace>
          </exception> <!-- java.lang.AssertionError -->
          <reporter-output>
          </reporter-output>
        </test-method> <!-- verify_ComAuDomain_Order_InSalesDB -->
      </class> <!-- com.consoleregression.testcases.SalesDBJourneyTest -->
      <class name="com.consoleregression.testcases.CustomerPortalJourneyTest">
        <test-method status="PASS" signature="verifyDomainRegistrationOrderForNewBTCustomerUsingNewCardInCustomerPortal(java.lang.String)[pri:0, instance:com.consoleregression.testcases.CustomerPortalJourneyTest@77cd7a0]" name="verifyDomainRegistrationOrderForNewBTCustomerUsingNewCardInCustomerPortal" duration-ms="61651" started-at="2019-08-01T07:26:34Z" finished-at="2019-08-01T07:27:36Z">
          <params>
            <param index="0">
              <value>
                <![CDATA[uat1]]>
              </value>
            </param>
          </params>
          <reporter-output>
          </reporter-output>
        </test-method> <!-- verifyDomainRegistrationOrderForNewBTCustomerUsingNewCardInCustomerPortal -->
        <test-method status="PASS" signature="verifyDomainandMultipleProductOrderForReturningBTCustomerUsingExistingCardInCustomerPortal(java.lang.String)[pri:0, instance:com.consoleregression.testcases.CustomerPortalJourneyTest@77cd7a0]" name="verifyDomainandMultipleProductOrderForReturningBTCustomerUsingExistingCardInCustomerPortal" duration-ms="82291" started-at="2019-08-01T07:27:36Z" finished-at="2019-08-01T07:28:58Z">
          <params>
            <param index="0">
              <value>
                <![CDATA[uat1]]>
              </value>
            </param>
          </params>
          <reporter-output>
          </reporter-output>
        </test-method> <!-- verifyDomainandMultipleProductOrderForReturningBTCustomerUsingExistingCardInCustomerPortal -->
        <test-method status="PASS" signature="verifyDomainandMultipleProductOrderForReturningBTCustomerUsingNewCardInCustomerPortal(java.lang.String)[pri:0, instance:com.consoleregression.testcases.CustomerPortalJourneyTest@77cd7a0]" name="verifyDomainandMultipleProductOrderForReturningBTCustomerUsingNewCardInCustomerPortal" duration-ms="65221" started-at="2019-08-01T07:28:58Z" finished-at="2019-08-01T07:30:03Z">
          <params>
            <param index="0">
              <value>
                <![CDATA[uat1]]>
              </value>
            </param>
          </params>
          <reporter-output>
          </reporter-output>
        </test-method> <!-- verifyDomainandMultipleProductOrderForReturningBTCustomerUsingNewCardInCustomerPortal -->
      </class> <!-- com.consoleregression.testcases.CustomerPortalJourneyTest -->
    </test> <!-- Regression Test Cases -->
  </suite> <!-- Console Regression Test Automation - UAT Test Suite -->
</testng-results>
