<?xml version="1.0" encoding="UTF-8"?>
<testng-results skipped="0" failed="0" ignored="0" total="9" passed="9">
  <reporter-output>
  </reporter-output>
  <suite name="Console Regression Test Automation - UAT Test Suite" duration-ms="1871995" started-at="2019-06-25T00:58:01Z" finished-at="2019-06-25T01:29:13Z">
    <groups>
    </groups>
    <test name="Regression Test Cases" duration-ms="1871995" started-at="2019-06-25T00:58:01Z" finished-at="2019-06-25T01:29:13Z">
      <class name="com.consoleregression.testcases.SalesDBJourneyTest">
        <test-method status="PASS" signature="verify_ComDomain_and_BasicCloudHostingOrder_InSalesDB(java.lang.String)[pri:0, instance:com.consoleregression.testcases.SalesDBJourneyTest@77cd7a0]" name="verify_ComDomain_and_BasicCloudHostingOrder_InSalesDB" duration-ms="513752" started-at="2019-06-25T01:03:37Z" finished-at="2019-06-25T01:12:11Z">
          <params>
            <param index="0">
              <value>
                <![CDATA[uat1]]>
              </value>
            </param>
          </params>
          <reporter-output>
          </reporter-output>
        </test-method> <!-- verify_ComDomain_and_BasicCloudHostingOrder_InSalesDB -->
        <test-method status="PASS" signature="verify_NzDomain_Order_InSalesDB(java.lang.String)[pri:0, instance:com.consoleregression.testcases.SalesDBJourneyTest@77cd7a0]" name="verify_NzDomain_Order_InSalesDB" duration-ms="259653" started-at="2019-06-25T01:12:11Z" finished-at="2019-06-25T01:16:31Z">
          <params>
            <param index="0">
              <value>
                <![CDATA[uat1]]>
              </value>
            </param>
          </params>
          <reporter-output>
          </reporter-output>
        </test-method> <!-- verify_NzDomain_Order_InSalesDB -->
        <test-method status="PASS" signature="verify_NetDomain_and_DIFM_Order_InSalesDB(java.lang.String)[pri:0, instance:com.consoleregression.testcases.SalesDBJourneyTest@77cd7a0]" name="verify_NetDomain_and_DIFM_Order_InSalesDB" duration-ms="495791" started-at="2019-06-25T01:16:31Z" finished-at="2019-06-25T01:24:46Z">
          <params>
            <param index="0">
              <value>
                <![CDATA[uat1]]>
              </value>
            </param>
          </params>
          <reporter-output>
          </reporter-output>
        </test-method> <!-- verify_NetDomain_and_DIFM_Order_InSalesDB -->
        <test-method status="PASS" signature="verify_ComAuDomain_Order_InSalesDB(java.lang.String)[pri:0, instance:com.consoleregression.testcases.SalesDBJourneyTest@77cd7a0]" name="verify_ComAuDomain_Order_InSalesDB" duration-ms="266966" started-at="2019-06-25T01:24:46Z" finished-at="2019-06-25T01:29:13Z">
          <params>
            <param index="0">
              <value>
                <![CDATA[uat1]]>
              </value>
            </param>
          </params>
          <reporter-output>
          </reporter-output>
        </test-method> <!-- verify_ComAuDomain_Order_InSalesDB -->
      </class> <!-- com.consoleregression.testcases.SalesDBJourneyTest -->
      <class name="com.consoleregression.testcases.CustomerPortalJourneyTest">
        <test-method status="PASS" signature="verifyDomainRegistrationOrderForNewBTCustomerUsingNewCardInCustomerPortal(java.lang.String)[pri:0, instance:com.consoleregression.testcases.CustomerPortalJourneyTest@4667ae56]" name="verifyDomainRegistrationOrderForNewBTCustomerUsingNewCardInCustomerPortal" duration-ms="59775" started-at="2019-06-25T00:58:01Z" finished-at="2019-06-25T00:59:01Z">
          <params>
            <param index="0">
              <value>
                <![CDATA[uat1]]>
              </value>
            </param>
          </params>
          <reporter-output>
          </reporter-output>
        </test-method> <!-- verifyDomainRegistrationOrderForNewBTCustomerUsingNewCardInCustomerPortal -->
        <test-method status="PASS" signature="verifyDomainandMultipleProductOrderForReturningQuestCustomerUsingExistingCardInCustomerPortal(java.lang.String)[pri:0, instance:com.consoleregression.testcases.CustomerPortalJourneyTest@4667ae56]" name="verifyDomainandMultipleProductOrderForReturningQuestCustomerUsingExistingCardInCustomerPortal" duration-ms="72612" started-at="2019-06-25T00:59:01Z" finished-at="2019-06-25T01:00:14Z">
          <params>
            <param index="0">
              <value>
                <![CDATA[uat1]]>
              </value>
            </param>
          </params>
          <reporter-output>
          </reporter-output>
        </test-method> <!-- verifyDomainandMultipleProductOrderForReturningQuestCustomerUsingExistingCardInCustomerPortal -->
        <test-method status="PASS" signature="verifyDomainandMultipleProductOrderForReturningBTCustomerUsingExistingCardInCustomerPortal(java.lang.String)[pri:0, instance:com.consoleregression.testcases.CustomerPortalJourneyTest@4667ae56]" name="verifyDomainandMultipleProductOrderForReturningBTCustomerUsingExistingCardInCustomerPortal" duration-ms="70563" started-at="2019-06-25T01:00:14Z" finished-at="2019-06-25T01:01:24Z">
          <params>
            <param index="0">
              <value>
                <![CDATA[uat1]]>
              </value>
            </param>
          </params>
          <reporter-output>
          </reporter-output>
        </test-method> <!-- verifyDomainandMultipleProductOrderForReturningBTCustomerUsingExistingCardInCustomerPortal -->
        <test-method status="PASS" signature="verifyDomainandMultipleProductOrderForReturningQuestCustomerUsingNewCardInCustomerPortal(java.lang.String)[pri:0, instance:com.consoleregression.testcases.CustomerPortalJourneyTest@4667ae56]" name="verifyDomainandMultipleProductOrderForReturningQuestCustomerUsingNewCardInCustomerPortal" duration-ms="68601" started-at="2019-06-25T01:01:24Z" finished-at="2019-06-25T01:02:33Z">
          <params>
            <param index="0">
              <value>
                <![CDATA[uat1]]>
              </value>
            </param>
          </params>
          <reporter-output>
          </reporter-output>
        </test-method> <!-- verifyDomainandMultipleProductOrderForReturningQuestCustomerUsingNewCardInCustomerPortal -->
        <test-method status="PASS" signature="verifyDomainandMultipleProductOrderForReturningBTCustomerUsingNewCardInCustomerPortal(java.lang.String)[pri:0, instance:com.consoleregression.testcases.CustomerPortalJourneyTest@4667ae56]" name="verifyDomainandMultipleProductOrderForReturningBTCustomerUsingNewCardInCustomerPortal" duration-ms="64231" started-at="2019-06-25T01:02:33Z" finished-at="2019-06-25T01:03:37Z">
          <params>
            <param index="0">
              <value>
                <![CDATA[uat1]]>
              </value>
            </param>
          </params>
          <reporter-output>
          </reporter-output>
        </test-method> <!-- verifyDomainandMultipleProductOrderForReturningBTCustomerUsingNewCardInCustomerPortal -->
      </class> <!-- com.consoleregression.testcases.CustomerPortalJourneyTest -->
    </test> <!-- Regression Test Cases -->
  </suite> <!-- Console Regression Test Automation - UAT Test Suite -->
</testng-results>
