<?xml version="1.0" encoding="UTF-8"?>
<testng-results skipped="0" failed="0" ignored="0" total="6" passed="6">
  <reporter-output>
  </reporter-output>
  <suite name="Payment Gateway UAT Quest Regression Test Suite" duration-ms="383203" started-at="2019-02-05T00:18:49Z" finished-at="2019-02-05T00:25:12Z">
    <groups>
    </groups>
    <test name="Regression Test Cases" duration-ms="383203" started-at="2019-02-05T00:18:49Z" finished-at="2019-02-05T00:25:12Z">
      <class name="com.paymentgateway.uat.domainz.testcases.RegressionSalesDB">
        <test-method status="PASS" signature="testCreateDomainAndMajorProductOrderInSalesDB(java.lang.String, java.lang.String)[pri:0, instance:com.paymentgateway.uat.domainz.testcases.RegressionSalesDB@5442a311]" name="testCreateDomainAndMajorProductOrderInSalesDB" duration-ms="81999" started-at="2019-02-05T00:18:49Z" finished-at="2019-02-05T00:20:11Z">
          <params>
            <param index="0">
              <value>
                <![CDATA[uat1]]>
              </value>
            </param>
            <param index="1">
              <value>
                <![CDATA[quest]]>
              </value>
            </param>
          </params>
          <reporter-output>
          </reporter-output>
        </test-method> <!-- testCreateDomainAndMajorProductOrderInSalesDB -->
        <test-method status="PASS" signature="testDomainRegistration2WorkflowInConsoleAdmin(java.lang.String, java.lang.String, java.lang.String)[pri:0, instance:com.paymentgateway.uat.domainz.testcases.RegressionSalesDB@5442a311]" name="testDomainRegistration2WorkflowInConsoleAdmin" duration-ms="43449" started-at="2019-02-05T00:20:11Z" finished-at="2019-02-05T00:20:54Z">
          <params>
            <param index="0">
              <value>
                <![CDATA[uat1]]>
              </value>
            </param>
            <param index="1">
              <value>
                <![CDATA[quest]]>
              </value>
            </param>
            <param index="2">
              <value>
                <![CDATA[enabled]]>
              </value>
            </param>
          </params>
          <reporter-output>
          </reporter-output>
        </test-method> <!-- testDomainRegistration2WorkflowInConsoleAdmin -->
        <test-method status="PASS" signature="testProductSetup2WorkflowInConsoleAdmin(java.lang.String, java.lang.String)[pri:0, instance:com.paymentgateway.uat.domainz.testcases.RegressionSalesDB@5442a311]" name="testProductSetup2WorkflowInConsoleAdmin" duration-ms="94866" started-at="2019-02-05T00:20:54Z" finished-at="2019-02-05T00:22:29Z">
          <params>
            <param index="0">
              <value>
                <![CDATA[uat1]]>
              </value>
            </param>
            <param index="1">
              <value>
                <![CDATA[quest]]>
              </value>
            </param>
          </params>
          <reporter-output>
          </reporter-output>
        </test-method> <!-- testProductSetup2WorkflowInConsoleAdmin -->
        <test-method status="PASS" signature="testPaySingleInvoiceInConsoleAdmin(java.lang.String, java.lang.String)[pri:0, instance:com.paymentgateway.uat.domainz.testcases.RegressionSalesDB@5442a311]" name="testPaySingleInvoiceInConsoleAdmin" duration-ms="82422" started-at="2019-02-05T00:22:29Z" finished-at="2019-02-05T00:23:51Z">
          <params>
            <param index="0">
              <value>
                <![CDATA[uat1]]>
              </value>
            </param>
            <param index="1">
              <value>
                <![CDATA[quest]]>
              </value>
            </param>
          </params>
          <reporter-output>
          </reporter-output>
        </test-method> <!-- testPaySingleInvoiceInConsoleAdmin -->
        <test-method status="PASS" signature="testRefundPaymentFromSalesDB(java.lang.String, java.lang.String)[pri:0, instance:com.paymentgateway.uat.domainz.testcases.RegressionSalesDB@5442a311]" name="testRefundPaymentFromSalesDB" duration-ms="42823" started-at="2019-02-05T00:23:51Z" finished-at="2019-02-05T00:24:34Z">
          <params>
            <param index="0">
              <value>
                <![CDATA[uat1]]>
              </value>
            </param>
            <param index="1">
              <value>
                <![CDATA[quest]]>
              </value>
            </param>
          </params>
          <reporter-output>
          </reporter-output>
        </test-method> <!-- testRefundPaymentFromSalesDB -->
        <test-method status="PASS" signature="testPayInvoiceUsingExistingCardFromSalesDB(java.lang.String, java.lang.String)[pri:0, instance:com.paymentgateway.uat.domainz.testcases.RegressionSalesDB@5442a311]" name="testPayInvoiceUsingExistingCardFromSalesDB" duration-ms="37606" started-at="2019-02-05T00:24:34Z" finished-at="2019-02-05T00:25:12Z">
          <params>
            <param index="0">
              <value>
                <![CDATA[uat1]]>
              </value>
            </param>
            <param index="1">
              <value>
                <![CDATA[quest]]>
              </value>
            </param>
          </params>
          <reporter-output>
          </reporter-output>
        </test-method> <!-- testPayInvoiceUsingExistingCardFromSalesDB -->
      </class> <!-- com.paymentgateway.uat.domainz.testcases.RegressionSalesDB -->
    </test> <!-- Regression Test Cases -->
  </suite> <!-- Payment Gateway UAT Quest Regression Test Suite -->
</testng-results>
