<?xml version="1.0" encoding="UTF-8"?>
<testng-results skipped="0" failed="0" ignored="3" total="4" passed="1">
  <reporter-output>
  </reporter-output>
  <suite name="Console Regression Test Automation - UAT Test Suite" duration-ms="107195" started-at="2019-03-15T05:56:25Z" finished-at="2019-03-15T05:58:12Z">
    <groups>
    </groups>
    <test name="Regression Test Cases" duration-ms="107195" started-at="2019-03-15T05:56:25Z" finished-at="2019-03-15T05:58:12Z">
      <class name="com.consoleregression.testcases.SalesDBJourneyTest">
        <test-method status="PASS" signature="verify_ComDomain_and_BasicCloudHostingOrder_InSalesDB(java.lang.String)[pri:0, instance:com.consoleregression.testcases.SalesDBJourneyTest@5442a311]" name="verify_ComDomain_and_BasicCloudHostingOrder_InSalesDB" duration-ms="107167" started-at="2019-03-15T05:56:25Z" finished-at="2019-03-15T05:58:12Z">
          <params>
            <param index="0">
              <value>
                <![CDATA[uat1]]>
              </value>
            </param>
          </params>
          <reporter-output>
          </reporter-output>
        </test-method> <!-- verify_ComDomain_and_BasicCloudHostingOrder_InSalesDB -->
      </class> <!-- com.consoleregression.testcases.SalesDBJourneyTest -->
    </test> <!-- Regression Test Cases -->
  </suite> <!-- Console Regression Test Automation - UAT Test Suite -->
</testng-results>
