<?xml version="1.0" encoding="UTF-8"?>
<testng-results skipped="0" failed="0" ignored="0" total="5" passed="5">
  <reporter-output>
  </reporter-output>
  <suite name="Console Regression Test Automation - PROD Test Suite" duration-ms="243996" started-at="2019-02-19T22:48:43Z" finished-at="2019-02-19T22:52:47Z">
    <groups>
    </groups>
    <test name="Regression Test Cases" duration-ms="243996" started-at="2019-02-19T22:48:43Z" finished-at="2019-02-19T22:52:47Z">
      <class name="com.consoleregression.testcases.production.CustomerPortalJourneyTest">
        <test-method status="PASS" signature="verifyDomainRegistrationOrderForNewCustomerInCustomerPortal(java.lang.String)[pri:0, instance:com.consoleregression.testcases.production.CustomerPortalJourneyTest@1a968a59]" name="verifyDomainRegistrationOrderForNewCustomerInCustomerPortal" duration-ms="27477" started-at="2019-02-19T22:51:41Z" finished-at="2019-02-19T22:52:08Z">
          <params>
            <param index="0">
              <value>
                <![CDATA[prod]]>
              </value>
            </param>
          </params>
          <reporter-output>
          </reporter-output>
        </test-method> <!-- verifyDomainRegistrationOrderForNewCustomerInCustomerPortal -->
        <test-method status="PASS" signature="verifyDomainandMultipleProductOrderForReturningCustomerInCustomerPortal(java.lang.String)[pri:0, instance:com.consoleregression.testcases.production.CustomerPortalJourneyTest@1a968a59]" name="verifyDomainandMultipleProductOrderForReturningCustomerInCustomerPortal" duration-ms="39157" started-at="2019-02-19T22:52:08Z" finished-at="2019-02-19T22:52:47Z">
          <params>
            <param index="0">
              <value>
                <![CDATA[prod]]>
              </value>
            </param>
          </params>
          <reporter-output>
          </reporter-output>
        </test-method> <!-- verifyDomainandMultipleProductOrderForReturningCustomerInCustomerPortal -->
      </class> <!-- com.consoleregression.testcases.production.CustomerPortalJourneyTest -->
      <class name="com.consoleregression.testcases.production.SalesDBJourneyTest">
        <test-method status="PASS" signature="verify_ComAuDomain_Order_InSalesDB(java.lang.String, java.lang.String)[pri:0, instance:com.consoleregression.testcases.production.SalesDBJourneyTest@548e7350]" name="verify_ComAuDomain_Order_InSalesDB" duration-ms="33077" started-at="2019-02-19T22:48:43Z" finished-at="2019-02-19T22:49:16Z">
          <params>
            <param index="0">
              <value>
                <![CDATA[prod]]>
              </value>
            </param>
            <param index="1">
              <value>
                <![CDATA[disabled]]>
              </value>
            </param>
          </params>
          <reporter-output>
          </reporter-output>
        </test-method> <!-- verify_ComAuDomain_Order_InSalesDB -->
        <test-method status="PASS" signature="verify_NetDomain_and_DIFM_Order_InSalesDB(java.lang.String, java.lang.String)[pri:0, instance:com.consoleregression.testcases.production.SalesDBJourneyTest@548e7350]" name="verify_NetDomain_and_DIFM_Order_InSalesDB" duration-ms="65355" started-at="2019-02-19T22:49:16Z" finished-at="2019-02-19T22:50:22Z">
          <params>
            <param index="0">
              <value>
                <![CDATA[prod]]>
              </value>
            </param>
            <param index="1">
              <value>
                <![CDATA[disabled]]>
              </value>
            </param>
          </params>
          <reporter-output>
          </reporter-output>
        </test-method> <!-- verify_NetDomain_and_DIFM_Order_InSalesDB -->
        <test-method status="PASS" signature="verify_ComDomain_and_Office365_Order_InSalesDB(java.lang.String, java.lang.String)[pri:0, instance:com.consoleregression.testcases.production.SalesDBJourneyTest@548e7350]" name="verify_ComDomain_and_Office365_Order_InSalesDB" duration-ms="78885" started-at="2019-02-19T22:50:22Z" finished-at="2019-02-19T22:51:41Z">
          <params>
            <param index="0">
              <value>
                <![CDATA[prod]]>
              </value>
            </param>
            <param index="1">
              <value>
                <![CDATA[disabled]]>
              </value>
            </param>
          </params>
          <reporter-output>
          </reporter-output>
        </test-method> <!-- verify_ComDomain_and_Office365_Order_InSalesDB -->
      </class> <!-- com.consoleregression.testcases.production.SalesDBJourneyTest -->
    </test> <!-- Regression Test Cases -->
  </suite> <!-- Console Regression Test Automation - PROD Test Suite -->
</testng-results>
