<?xml version="1.0" encoding="UTF-8"?>
<testng-results skipped="0" failed="0" ignored="0" total="1" passed="1">
  <reporter-output>
  </reporter-output>
  <suite name="Console Release Regression Test Suite" duration-ms="75609" started-at="2019-07-08T07:05:24Z" finished-at="2019-07-08T07:06:40Z">
    <groups>
    </groups>
    <test name="Console Release Regression Test Cases" duration-ms="75609" started-at="2019-07-08T07:05:24Z" finished-at="2019-07-08T07:06:40Z">
      <class name="com.consoleregression.workflowtest.testcases.TestDomainRegistration2WorkflowForCom">
        <test-method status="PASS" signature="testDomainRegistration2WorkflowForCom(java.lang.String, java.lang.String)[pri:0, instance:com.consoleregression.workflowtest.testcases.TestDomainRegistration2WorkflowForCom@42e26948]" name="testDomainRegistration2WorkflowForCom" duration-ms="75545" started-at="2019-07-08T07:05:24Z" finished-at="2019-07-08T07:06:40Z">
          <params>
            <param index="0">
              <value>
                <![CDATA[uat1]]>
              </value>
            </param>
            <param index="1">
              <value>
                <![CDATA[netregistry]]>
              </value>
            </param>
          </params>
          <reporter-output>
          </reporter-output>
        </test-method> <!-- testDomainRegistration2WorkflowForCom -->
      </class> <!-- com.consoleregression.workflowtest.testcases.TestDomainRegistration2WorkflowForCom -->
    </test> <!-- Console Release Regression Test Cases -->
  </suite> <!-- Console Release Regression Test Suite -->
</testng-results>
