<?xml version="1.0" encoding="UTF-8"?>
<testng-results skipped="0" failed="0" ignored="4" total="5" passed="1">
  <reporter-output>
  </reporter-output>
  <suite name="Console Regression Test Automation - UAT Test Suite" duration-ms="47161" started-at="2019-05-07T06:13:29Z" finished-at="2019-05-07T06:14:16Z">
    <groups>
    </groups>
    <test name="Regression Test Cases" duration-ms="47161" started-at="2019-05-07T06:13:29Z" finished-at="2019-05-07T06:14:16Z">
      <class name="com.consoleregression.testcases.CustomerPortalJourneyTest">
        <test-method status="PASS" signature="verifyDomainandMultipleProductOrderForReturningBTCustomerUsingNewCardInCustomerPortal(java.lang.String)[pri:0, instance:com.consoleregression.testcases.CustomerPortalJourneyTest@5442a311]" name="verifyDomainandMultipleProductOrderForReturningBTCustomerUsingNewCardInCustomerPortal" duration-ms="47123" started-at="2019-05-07T06:13:29Z" finished-at="2019-05-07T06:14:16Z">
          <params>
            <param index="0">
              <value>
                <![CDATA[uat1]]>
              </value>
            </param>
          </params>
          <reporter-output>
          </reporter-output>
        </test-method> <!-- verifyDomainandMultipleProductOrderForReturningBTCustomerUsingNewCardInCustomerPortal -->
      </class> <!-- com.consoleregression.testcases.CustomerPortalJourneyTest -->
    </test> <!-- Regression Test Cases -->
  </suite> <!-- Console Regression Test Automation - UAT Test Suite -->
</testng-results>
