<?xml version="1.0" encoding="UTF-8"?>
<testng-results skipped="0" failed="0" ignored="1" total="4" passed="3">
  <reporter-output>
  </reporter-output>
  <suite name="Console Release Regression UAT1 Test Suite" duration-ms="218096" started-at="2020-01-22T04:55:38Z" finished-at="2020-01-22T04:59:16Z">
    <groups>
    </groups>
    <test name="Console Release Regression UAT1 Test Cases" duration-ms="218096" started-at="2020-01-22T04:55:38Z" finished-at="2020-01-22T04:59:16Z">
      <class name="com.consoleregression.testcases.SalesDBJourneyTest">
        <test-method status="PASS" signature="suiteSetup()[pri:0, instance:com.consoleregression.testcases.SalesDBJourneyTest@1e397ed7]" name="suiteSetup" is-config="true" duration-ms="123" started-at="2020-01-22T04:55:38Z" finished-at="2020-01-22T04:55:38Z">
          <reporter-output>
          </reporter-output>
        </test-method> <!-- suiteSetup -->
        <test-method status="PASS" signature="registerMethod(java.lang.reflect.Method)[pri:0, instance:com.consoleregression.testcases.SalesDBJourneyTest@1e397ed7]" name="registerMethod" is-config="true" duration-ms="4" started-at="2020-01-22T04:55:38Z" finished-at="2020-01-22T04:55:38Z">
          <params>
            <param index="0">
              <value>
                <![CDATA[public void com.consoleregression.testcases.SalesDBJourneyTest.verify_ComAuDomain_Order_InSalesDB(java.lang.String,java.lang.String) throws java.lang.InterruptedException]]>
              </value>
            </param>
          </params>
          <reporter-output>
          </reporter-output>
        </test-method> <!-- registerMethod -->
        <test-method status="PASS" signature="verify_ComAuDomain_Order_InSalesDB(java.lang.String, java.lang.String)[pri:0, instance:com.consoleregression.testcases.SalesDBJourneyTest@1e397ed7]" name="verify_ComAuDomain_Order_InSalesDB" duration-ms="57980" started-at="2020-01-22T04:55:38Z" finished-at="2020-01-22T04:56:36Z">
          <params>
            <param index="0">
              <value>
                <![CDATA[uat1]]>
              </value>
            </param>
            <param index="1">
              <value>
                <![CDATA[disabled]]>
              </value>
            </param>
          </params>
          <reporter-output>
          </reporter-output>
        </test-method> <!-- verify_ComAuDomain_Order_InSalesDB -->
        <test-method status="PASS" signature="afterMethod(org.testng.ITestResult)[pri:0, instance:com.consoleregression.testcases.SalesDBJourneyTest@1e397ed7]" name="afterMethod" is-config="true" duration-ms="3" started-at="2020-01-22T04:56:36Z" finished-at="2020-01-22T04:56:36Z">
          <params>
            <param index="0">
              <value>
                <![CDATA[[TestResult name=verify_ComAuDomain_Order_InSalesDB status=SUCCESS method=SalesDBJourneyTest.verify_ComAuDomain_Order_InSalesDB(java.lang.String, java.lang.String)[pri:0, instance:com.consoleregression.testcases.SalesDBJourneyTest@1e397ed7] output={null}]]]>
              </value>
            </param>
          </params>
          <reporter-output>
          </reporter-output>
        </test-method> <!-- afterMethod -->
        <test-method status="PASS" signature="registerMethod(java.lang.reflect.Method)[pri:0, instance:com.consoleregression.testcases.SalesDBJourneyTest@1e397ed7]" name="registerMethod" is-config="true" duration-ms="1" started-at="2020-01-22T04:56:36Z" finished-at="2020-01-22T04:56:36Z">
          <params>
            <param index="0">
              <value>
                <![CDATA[public void com.consoleregression.testcases.SalesDBJourneyTest.verify_NetDomain_and_DIFM_Order_InSalesDB(java.lang.String,java.lang.String) throws java.lang.InterruptedException]]>
              </value>
            </param>
          </params>
          <reporter-output>
          </reporter-output>
        </test-method> <!-- registerMethod -->
        <test-method status="PASS" signature="verify_NetDomain_and_DIFM_Order_InSalesDB(java.lang.String, java.lang.String)[pri:0, instance:com.consoleregression.testcases.SalesDBJourneyTest@1e397ed7]" name="verify_NetDomain_and_DIFM_Order_InSalesDB" duration-ms="102167" started-at="2020-01-22T04:56:36Z" finished-at="2020-01-22T04:58:18Z">
          <params>
            <param index="0">
              <value>
                <![CDATA[uat1]]>
              </value>
            </param>
            <param index="1">
              <value>
                <![CDATA[disabled]]>
              </value>
            </param>
          </params>
          <reporter-output>
          </reporter-output>
        </test-method> <!-- verify_NetDomain_and_DIFM_Order_InSalesDB -->
        <test-method status="PASS" signature="afterMethod(org.testng.ITestResult)[pri:0, instance:com.consoleregression.testcases.SalesDBJourneyTest@1e397ed7]" name="afterMethod" is-config="true" duration-ms="1" started-at="2020-01-22T04:58:18Z" finished-at="2020-01-22T04:58:18Z">
          <params>
            <param index="0">
              <value>
                <![CDATA[[TestResult name=verify_NetDomain_and_DIFM_Order_InSalesDB status=SUCCESS method=SalesDBJourneyTest.verify_NetDomain_and_DIFM_Order_InSalesDB(java.lang.String, java.lang.String)[pri:0, instance:com.consoleregression.testcases.SalesDBJourneyTest@1e397ed7] output={null}]]]>
              </value>
            </param>
          </params>
          <reporter-output>
          </reporter-output>
        </test-method> <!-- afterMethod -->
        <test-method status="PASS" signature="registerMethod(java.lang.reflect.Method)[pri:0, instance:com.consoleregression.testcases.SalesDBJourneyTest@1e397ed7]" name="registerMethod" is-config="true" duration-ms="1" started-at="2020-01-22T04:58:18Z" finished-at="2020-01-22T04:58:18Z">
          <params>
            <param index="0">
              <value>
                <![CDATA[public void com.consoleregression.testcases.SalesDBJourneyTest.verify_NzDomain_Order_InSalesDB(java.lang.String,java.lang.String) throws java.lang.InterruptedException]]>
              </value>
            </param>
          </params>
          <reporter-output>
          </reporter-output>
        </test-method> <!-- registerMethod -->
        <test-method status="PASS" signature="verify_NzDomain_Order_InSalesDB(java.lang.String, java.lang.String)[pri:0, instance:com.consoleregression.testcases.SalesDBJourneyTest@1e397ed7]" name="verify_NzDomain_Order_InSalesDB" duration-ms="57911" started-at="2020-01-22T04:58:18Z" finished-at="2020-01-22T04:59:16Z">
          <params>
            <param index="0">
              <value>
                <![CDATA[uat1]]>
              </value>
            </param>
            <param index="1">
              <value>
                <![CDATA[disabled]]>
              </value>
            </param>
          </params>
          <reporter-output>
          </reporter-output>
        </test-method> <!-- verify_NzDomain_Order_InSalesDB -->
        <test-method status="PASS" signature="afterMethod(org.testng.ITestResult)[pri:0, instance:com.consoleregression.testcases.SalesDBJourneyTest@1e397ed7]" name="afterMethod" is-config="true" duration-ms="0" started-at="2020-01-22T04:59:16Z" finished-at="2020-01-22T04:59:16Z">
          <params>
            <param index="0">
              <value>
                <![CDATA[[TestResult name=verify_NzDomain_Order_InSalesDB status=SUCCESS method=SalesDBJourneyTest.verify_NzDomain_Order_InSalesDB(java.lang.String, java.lang.String)[pri:0, instance:com.consoleregression.testcases.SalesDBJourneyTest@1e397ed7] output={null}]]]>
              </value>
            </param>
          </params>
          <reporter-output>
          </reporter-output>
        </test-method> <!-- afterMethod -->
        <test-method status="PASS" signature="tearDown()[pri:0, instance:com.consoleregression.testcases.SalesDBJourneyTest@1e397ed7]" name="tearDown" is-config="true" duration-ms="277" started-at="2020-01-22T04:59:16Z" finished-at="2020-01-22T04:59:16Z">
          <reporter-output>
          </reporter-output>
        </test-method> <!-- tearDown -->
      </class> <!-- com.consoleregression.testcases.SalesDBJourneyTest -->
    </test> <!-- Console Release Regression UAT1 Test Cases -->
  </suite> <!-- Console Release Regression UAT1 Test Suite -->
</testng-results>
