<?xml version="1.0" encoding="UTF-8"?>
<testng-results skipped="0" failed="0" ignored="2" total="3" passed="1">
  <reporter-output>
  </reporter-output>
  <suite name="Payment Gateway Stage New Shopping Cart Test Suite" duration-ms="45421" started-at="2019-05-21T06:55:29Z" finished-at="2019-05-21T06:56:14Z">
    <groups>
    </groups>
    <test name="Payment Gateway Stage New Shopping Cart Test Cases" duration-ms="45421" started-at="2019-05-21T06:55:29Z" finished-at="2019-05-21T06:56:14Z">
      <class name="com.paymentgateway.stage.netregistry.testcases.RegressionNewShoppingCartTest">
        <test-method status="PASS" signature="testDomainOrderInNewShoppingCartForExistingBTCustomerUsingExistingCard(java.lang.String, java.lang.Integer)[pri:0, instance:com.paymentgateway.stage.netregistry.testcases.RegressionNewShoppingCartTest@5442a311]" name="testDomainOrderInNewShoppingCartForExistingBTCustomerUsingExistingCard" duration-ms="45385" started-at="2019-05-21T06:55:29Z" finished-at="2019-05-21T06:56:14Z">
          <params>
            <param index="0">
              <value>
                <![CDATA[stagingdev-5]]>
              </value>
            </param>
            <param index="1">
              <value>
                <![CDATA[1]]>
              </value>
            </param>
          </params>
          <reporter-output>
          </reporter-output>
        </test-method> <!-- testDomainOrderInNewShoppingCartForExistingBTCustomerUsingExistingCard -->
      </class> <!-- com.paymentgateway.stage.netregistry.testcases.RegressionNewShoppingCartTest -->
    </test> <!-- Payment Gateway Stage New Shopping Cart Test Cases -->
  </suite> <!-- Payment Gateway Stage New Shopping Cart Test Suite -->
</testng-results>
