<?xml version="1.0" encoding="UTF-8"?>
<testng-results skipped="0" failed="0" ignored="0" total="6" passed="6">
  <reporter-output>
  </reporter-output>
  <suite name="Console Regression Test Automation - PROD Test Suite" duration-ms="387329" started-at="2019-08-08T00:34:42Z" finished-at="2019-08-08T00:41:09Z">
    <groups>
    </groups>
    <test name="Regression Test Cases" duration-ms="387329" started-at="2019-08-08T00:34:42Z" finished-at="2019-08-08T00:41:09Z">
      <class name="com.consoleregression.testcases.production.CustomerPortalJourneyTest">
        <test-method status="PASS" signature="verifyDomainRegistrationOrderForNewCustomerInCustomerPortal(java.lang.String)[pri:0, instance:com.consoleregression.testcases.production.CustomerPortalJourneyTest@589838eb]" name="verifyDomainRegistrationOrderForNewCustomerInCustomerPortal" duration-ms="64563" started-at="2019-08-08T00:34:42Z" finished-at="2019-08-08T00:35:46Z">
          <params>
            <param index="0">
              <value>
                <![CDATA[prod]]>
              </value>
            </param>
          </params>
          <reporter-output>
          </reporter-output>
        </test-method> <!-- verifyDomainRegistrationOrderForNewCustomerInCustomerPortal -->
        <test-method status="PASS" signature="verifyDomainandMultipleProductOrderForReturningCustomerInCustomerPortal(java.lang.String)[pri:0, instance:com.consoleregression.testcases.production.CustomerPortalJourneyTest@589838eb]" name="verifyDomainandMultipleProductOrderForReturningCustomerInCustomerPortal" duration-ms="82064" started-at="2019-08-08T00:35:46Z" finished-at="2019-08-08T00:37:08Z">
          <params>
            <param index="0">
              <value>
                <![CDATA[prod]]>
              </value>
            </param>
          </params>
          <reporter-output>
          </reporter-output>
        </test-method> <!-- verifyDomainandMultipleProductOrderForReturningCustomerInCustomerPortal -->
      </class> <!-- com.consoleregression.testcases.production.CustomerPortalJourneyTest -->
      <class name="com.consoleregression.testcases.production.SalesDBJourneyTest">
        <test-method status="PASS" signature="verify_ComAuDomain_Order_InSalesDB(java.lang.String, java.lang.String)[pri:0, instance:com.consoleregression.testcases.production.SalesDBJourneyTest@42dafa95]" name="verify_ComAuDomain_Order_InSalesDB" duration-ms="41708" started-at="2019-08-08T00:37:08Z" finished-at="2019-08-08T00:37:50Z">
          <params>
            <param index="0">
              <value>
                <![CDATA[prod]]>
              </value>
            </param>
            <param index="1">
              <value>
                <![CDATA[disabled]]>
              </value>
            </param>
          </params>
          <reporter-output>
          </reporter-output>
        </test-method> <!-- verify_ComAuDomain_Order_InSalesDB -->
        <test-method status="PASS" signature="verify_NetDomain_and_DIFM_Order_InSalesDB(java.lang.String, java.lang.String)[pri:0, instance:com.consoleregression.testcases.production.SalesDBJourneyTest@42dafa95]" name="verify_NetDomain_and_DIFM_Order_InSalesDB" duration-ms="70369" started-at="2019-08-08T00:37:50Z" finished-at="2019-08-08T00:39:01Z">
          <params>
            <param index="0">
              <value>
                <![CDATA[prod]]>
              </value>
            </param>
            <param index="1">
              <value>
                <![CDATA[disabled]]>
              </value>
            </param>
          </params>
          <reporter-output>
          </reporter-output>
        </test-method> <!-- verify_NetDomain_and_DIFM_Order_InSalesDB -->
        <test-method status="PASS" signature="verify_ComDomain_and_Office365_Order_InSalesDB(java.lang.String, java.lang.String)[pri:0, instance:com.consoleregression.testcases.production.SalesDBJourneyTest@42dafa95]" name="verify_ComDomain_and_Office365_Order_InSalesDB" duration-ms="86721" started-at="2019-08-08T00:39:01Z" finished-at="2019-08-08T00:40:27Z">
          <params>
            <param index="0">
              <value>
                <![CDATA[prod]]>
              </value>
            </param>
            <param index="1">
              <value>
                <![CDATA[disabled]]>
              </value>
            </param>
          </params>
          <reporter-output>
          </reporter-output>
        </test-method> <!-- verify_ComDomain_and_Office365_Order_InSalesDB -->
        <test-method status="PASS" signature="verify_NzDomain_Order_InSalesDB(java.lang.String, java.lang.String)[pri:0, instance:com.consoleregression.testcases.production.SalesDBJourneyTest@42dafa95]" name="verify_NzDomain_Order_InSalesDB" duration-ms="41844" started-at="2019-08-08T00:40:27Z" finished-at="2019-08-08T00:41:09Z">
          <params>
            <param index="0">
              <value>
                <![CDATA[prod]]>
              </value>
            </param>
            <param index="1">
              <value>
                <![CDATA[disabled]]>
              </value>
            </param>
          </params>
          <reporter-output>
          </reporter-output>
        </test-method> <!-- verify_NzDomain_Order_InSalesDB -->
      </class> <!-- com.consoleregression.testcases.production.SalesDBJourneyTest -->
    </test> <!-- Regression Test Cases -->
  </suite> <!-- Console Regression Test Automation - PROD Test Suite -->
</testng-results>
