<?xml version="1.0" encoding="UTF-8"?>
<testng-results skipped="0" failed="1" ignored="0" total="6" passed="5">
  <reporter-output>
  </reporter-output>
  <suite name="Payment Gateway UAT Braintree Regression Test Suite" duration-ms="421283" started-at="2019-02-04T05:33:28Z" finished-at="2019-02-04T05:40:29Z">
    <groups>
    </groups>
    <test name="Regression Test Cases" duration-ms="421283" started-at="2019-02-04T05:33:28Z" finished-at="2019-02-04T05:40:29Z">
      <class name="com.paymentgateway.uat.netregistry.testcases.RegressionSalesDB">
        <test-method status="PASS" signature="testCreateDomainAndMajorProductOrderInSalesDB(java.lang.String, java.lang.String)[pri:0, instance:com.paymentgateway.uat.netregistry.testcases.RegressionSalesDB@5442a311]" name="testCreateDomainAndMajorProductOrderInSalesDB" duration-ms="79977" started-at="2019-02-04T05:33:28Z" finished-at="2019-02-04T05:34:48Z">
          <params>
            <param index="0">
              <value>
                <![CDATA[uat1]]>
              </value>
            </param>
            <param index="1">
              <value>
                <![CDATA[braintree]]>
              </value>
            </param>
          </params>
          <reporter-output>
          </reporter-output>
        </test-method> <!-- testCreateDomainAndMajorProductOrderInSalesDB -->
        <test-method status="PASS" signature="testDomainRegistration2WorkflowInConsoleAdmin(java.lang.String, java.lang.String)[pri:0, instance:com.paymentgateway.uat.netregistry.testcases.RegressionSalesDB@5442a311]" name="testDomainRegistration2WorkflowInConsoleAdmin" duration-ms="99333" started-at="2019-02-04T05:34:48Z" finished-at="2019-02-04T05:36:28Z">
          <params>
            <param index="0">
              <value>
                <![CDATA[uat1]]>
              </value>
            </param>
            <param index="1">
              <value>
                <![CDATA[braintree]]>
              </value>
            </param>
          </params>
          <reporter-output>
          </reporter-output>
        </test-method> <!-- testDomainRegistration2WorkflowInConsoleAdmin -->
        <test-method status="FAIL" signature="testProductSetup2WorkflowInConsoleAdmin(java.lang.String, java.lang.String)[pri:0, instance:com.paymentgateway.uat.netregistry.testcases.RegressionSalesDB@5442a311]" name="testProductSetup2WorkflowInConsoleAdmin" duration-ms="79326" started-at="2019-02-04T05:36:28Z" finished-at="2019-02-04T05:37:47Z">
          <params>
            <param index="0">
              <value>
                <![CDATA[uat1]]>
              </value>
            </param>
            <param index="1">
              <value>
                <![CDATA[braintree]]>
              </value>
            </param>
          </params>
          <exception class="org.openqa.selenium.TimeoutException">
            <message>
              <![CDATA[timeout
  (Session info: chrome=72.0.3626.81)
  (Driver info: chromedriver=2.45.615291 (ec3682e3c9061c10f26ea9e5cdcf3c53f3f74387),platform=Windows NT 10.0.14393 x86_64) (WARNING: The server did not provide any stacktrace information)
Command duration or timeout: 0 milliseconds
Build info: version: '3.10.0', revision: '176b4a9', time: '2018-03-02T19:03:16.397Z'
System info: host: 'MIT01524', ip: '10.40.0.240', os.name: 'Windows 10', os.arch: 'amd64', os.version: '10.0', java.version: '1.8.0_191'
Driver info: org.openqa.selenium.chrome.ChromeDriver
Capabilities {acceptInsecureCerts: false, acceptSslCerts: false, applicationCacheEnabled: false, browserConnectionEnabled: false, browserName: chrome, chrome: {chromedriverVersion: 2.45.615291 (ec3682e3c9061c..., userDataDir: C:\Users\ROY~1.ALC\AppData\...}, cssSelectorsEnabled: true, databaseEnabled: false, goog:chromeOptions: {debuggerAddress: localhost:50525}, handlesAlerts: true, hasTouchScreen: false, javascriptEnabled: true, locationContextEnabled: true, mobileEmulationEnabled: false, nativeEvents: true, networkConnectionEnabled: false, pageLoadStrategy: normal, platform: XP, platformName: XP, proxy: Proxy(), rotatable: false, setWindowRect: true, strictFileInteractability: false, takesHeapSnapshot: true, takesScreenshot: true, timeouts: {implicit: 0, pageLoad: 300000, script: 30000}, unexpectedAlertBehaviour: ignore, unhandledPromptBehavior: ignore, version: 72.0.3626.81, webStorageEnabled: true}
Session ID: 2fdbbb2362ac285660754fd0c42cfe65]]>
            </message>
            <full-stacktrace>
              <![CDATA[org.openqa.selenium.TimeoutException: timeout
  (Session info: chrome=72.0.3626.81)
  (Driver info: chromedriver=2.45.615291 (ec3682e3c9061c10f26ea9e5cdcf3c53f3f74387),platform=Windows NT 10.0.14393 x86_64) (WARNING: The server did not provide any stacktrace information)
Command duration or timeout: 0 milliseconds
Build info: version: '3.10.0', revision: '176b4a9', time: '2018-03-02T19:03:16.397Z'
System info: host: 'MIT01524', ip: '10.40.0.240', os.name: 'Windows 10', os.arch: 'amd64', os.version: '10.0', java.version: '1.8.0_191'
Driver info: org.openqa.selenium.chrome.ChromeDriver
Capabilities {acceptInsecureCerts: false, acceptSslCerts: false, applicationCacheEnabled: false, browserConnectionEnabled: false, browserName: chrome, chrome: {chromedriverVersion: 2.45.615291 (ec3682e3c9061c..., userDataDir: C:\Users\ROY~1.ALC\AppData\...}, cssSelectorsEnabled: true, databaseEnabled: false, goog:chromeOptions: {debuggerAddress: localhost:50525}, handlesAlerts: true, hasTouchScreen: false, javascriptEnabled: true, locationContextEnabled: true, mobileEmulationEnabled: false, nativeEvents: true, networkConnectionEnabled: false, pageLoadStrategy: normal, platform: XP, platformName: XP, proxy: Proxy(), rotatable: false, setWindowRect: true, strictFileInteractability: false, takesHeapSnapshot: true, takesScreenshot: true, timeouts: {implicit: 0, pageLoad: 300000, script: 30000}, unexpectedAlertBehaviour: ignore, unhandledPromptBehavior: ignore, version: 72.0.3626.81, webStorageEnabled: true}
Session ID: 2fdbbb2362ac285660754fd0c42cfe65
at sun.reflect.NativeConstructorAccessorImpl.newInstance0(Native Method)
at sun.reflect.NativeConstructorAccessorImpl.newInstance(Unknown Source)
at sun.reflect.DelegatingConstructorAccessorImpl.newInstance(Unknown Source)
at java.lang.reflect.Constructor.newInstance(Unknown Source)
at org.openqa.selenium.remote.ErrorHandler.createThrowable(ErrorHandler.java:214)
at org.openqa.selenium.remote.ErrorHandler.throwIfResponseFailed(ErrorHandler.java:166)
at org.openqa.selenium.remote.http.JsonHttpResponseCodec.reconstructValue(JsonHttpResponseCodec.java:40)
at org.openqa.selenium.remote.http.AbstractHttpResponseCodec.decode(AbstractHttpResponseCodec.java:80)
at org.openqa.selenium.remote.http.AbstractHttpResponseCodec.decode(AbstractHttpResponseCodec.java:44)
at org.openqa.selenium.remote.HttpCommandExecutor.execute(HttpCommandExecutor.java:160)
at org.openqa.selenium.remote.service.DriverCommandExecutor.execute(DriverCommandExecutor.java:83)
at org.openqa.selenium.remote.RemoteWebDriver.execute(RemoteWebDriver.java:601)
at org.openqa.selenium.remote.RemoteWebElement.execute(RemoteWebElement.java:279)
at org.openqa.selenium.remote.RemoteWebElement.click(RemoteWebElement.java:83)
at sun.reflect.GeneratedMethodAccessor5.invoke(Unknown Source)
at sun.reflect.DelegatingMethodAccessorImpl.invoke(Unknown Source)
at java.lang.reflect.Method.invoke(Unknown Source)
at org.openqa.selenium.support.events.EventFiringWebDriver$EventFiringWebElement.lambda$new$0(EventFiringWebDriver.java:368)
at com.sun.proxy.$Proxy15.click(Unknown Source)
at org.openqa.selenium.support.events.EventFiringWebDriver$EventFiringWebElement.click(EventFiringWebDriver.java:380)
at com.consoleadmin.pages.CAWorkflowAdminPage.processProductSetup2(CAWorkflowAdminPage.java:160)
at com.paymentgateway.uat.netregistry.testcases.RegressionSalesDB.testProductSetup2WorkflowInConsoleAdmin(RegressionSalesDB.java:186)
at sun.reflect.NativeMethodAccessorImpl.invoke0(Native Method)
at sun.reflect.NativeMethodAccessorImpl.invoke(Unknown Source)
at sun.reflect.DelegatingMethodAccessorImpl.invoke(Unknown Source)
at java.lang.reflect.Method.invoke(Unknown Source)
at org.testng.internal.MethodInvocationHelper.invokeMethod(MethodInvocationHelper.java:124)
at org.testng.internal.Invoker.invokeMethod(Invoker.java:583)
at org.testng.internal.Invoker.invokeTestMethod(Invoker.java:719)
at org.testng.internal.Invoker.invokeTestMethods(Invoker.java:989)
at org.testng.internal.TestMethodWorker.invokeTestMethods(TestMethodWorker.java:125)
at org.testng.internal.TestMethodWorker.run(TestMethodWorker.java:109)
at org.testng.TestRunner.privateRun(TestRunner.java:648)
at org.testng.TestRunner.run(TestRunner.java:505)
at org.testng.SuiteRunner.runTest(SuiteRunner.java:455)
at org.testng.SuiteRunner.access$000(SuiteRunner.java:40)
at org.testng.SuiteRunner$SuiteWorker.run(SuiteRunner.java:489)
at org.testng.internal.thread.ThreadUtil$1.call(ThreadUtil.java:52)
at java.util.concurrent.FutureTask.run(Unknown Source)
at java.util.concurrent.ThreadPoolExecutor.runWorker(Unknown Source)
at java.util.concurrent.ThreadPoolExecutor$Worker.run(Unknown Source)
at java.lang.Thread.run(Unknown Source)
]]>
            </full-stacktrace>
          </exception> <!-- org.openqa.selenium.TimeoutException -->
          <reporter-output>
          </reporter-output>
        </test-method> <!-- testProductSetup2WorkflowInConsoleAdmin -->
        <test-method status="PASS" signature="testPaySingleInvoiceInConsoleAdmin(java.lang.String, java.lang.String)[pri:0, instance:com.paymentgateway.uat.netregistry.testcases.RegressionSalesDB@5442a311]" name="testPaySingleInvoiceInConsoleAdmin" duration-ms="83192" started-at="2019-02-04T05:37:47Z" finished-at="2019-02-04T05:39:10Z">
          <params>
            <param index="0">
              <value>
                <![CDATA[uat1]]>
              </value>
            </param>
            <param index="1">
              <value>
                <![CDATA[braintree]]>
              </value>
            </param>
          </params>
          <reporter-output>
          </reporter-output>
        </test-method> <!-- testPaySingleInvoiceInConsoleAdmin -->
        <test-method status="PASS" signature="testRefundPaymentFromSalesDB(java.lang.String, java.lang.String)[pri:0, instance:com.paymentgateway.uat.netregistry.testcases.RegressionSalesDB@5442a311]" name="testRefundPaymentFromSalesDB" duration-ms="43302" started-at="2019-02-04T05:39:10Z" finished-at="2019-02-04T05:39:53Z">
          <params>
            <param index="0">
              <value>
                <![CDATA[uat1]]>
              </value>
            </param>
            <param index="1">
              <value>
                <![CDATA[braintree]]>
              </value>
            </param>
          </params>
          <reporter-output>
          </reporter-output>
        </test-method> <!-- testRefundPaymentFromSalesDB -->
        <test-method status="PASS" signature="testPayInvoiceUsingExistingCardFromSalesDB(java.lang.String, java.lang.String)[pri:0, instance:com.paymentgateway.uat.netregistry.testcases.RegressionSalesDB@5442a311]" name="testPayInvoiceUsingExistingCardFromSalesDB" duration-ms="36109" started-at="2019-02-04T05:39:53Z" finished-at="2019-02-04T05:40:29Z">
          <params>
            <param index="0">
              <value>
                <![CDATA[uat1]]>
              </value>
            </param>
            <param index="1">
              <value>
                <![CDATA[braintree]]>
              </value>
            </param>
          </params>
          <reporter-output>
          </reporter-output>
        </test-method> <!-- testPayInvoiceUsingExistingCardFromSalesDB -->
      </class> <!-- com.paymentgateway.uat.netregistry.testcases.RegressionSalesDB -->
    </test> <!-- Regression Test Cases -->
  </suite> <!-- Payment Gateway UAT Braintree Regression Test Suite -->
</testng-results>
