<?xml version="1.0" encoding="UTF-8"?>
<testng-results skipped="0" failed="1" ignored="0" total="1" passed="0">
  <reporter-output>
  </reporter-output>
  <suite name="Console Release Regression Test Suite" duration-ms="395121" started-at="2019-08-05T05:12:32Z" finished-at="2019-08-05T05:19:08Z">
    <groups>
    </groups>
    <test name="Console Release Regression Test Cases" duration-ms="395121" started-at="2019-08-05T05:12:32Z" finished-at="2019-08-05T05:19:08Z">
      <class name="com.consoleregression.workflowtest.testcases.TestDomainRegistration2WorkflowForCom">
        <test-method status="FAIL" signature="testDomainRegistration2WorkflowForCom(java.lang.String, java.lang.String)[pri:0, instance:com.consoleregression.workflowtest.testcases.TestDomainRegistration2WorkflowForCom@14bf9759]" name="testDomainRegistration2WorkflowForCom" duration-ms="395076" started-at="2019-08-05T05:12:32Z" finished-at="2019-08-05T05:19:08Z">
          <params>
            <param index="0">
              <value>
                <![CDATA[uat1]]>
              </value>
            </param>
            <param index="1">
              <value>
                <![CDATA[netregistry]]>
              </value>
            </param>
          </params>
          <exception class="java.lang.AssertionError">
            <message>
              <![CDATA[product setup expected [domain registration completed] but found [product setup]]]>
            </message>
            <full-stacktrace>
              <![CDATA[java.lang.AssertionError: product setup expected [domain registration completed] but found [product setup]
at org.testng.Assert.fail(Assert.java:96)
at org.testng.Assert.failNotEquals(Assert.java:776)
at org.testng.Assert.assertEqualsImpl(Assert.java:137)
at org.testng.Assert.assertEquals(Assert.java:118)
at org.testng.Assert.assertEquals(Assert.java:453)
at com.consoleregression.workflowtest.testcases.TestDomainRegistration2WorkflowForCom.testDomainRegistration2WorkflowForCom(TestDomainRegistration2WorkflowForCom.java:114)
at sun.reflect.NativeMethodAccessorImpl.invoke0(Native Method)
at sun.reflect.NativeMethodAccessorImpl.invoke(Unknown Source)
at sun.reflect.DelegatingMethodAccessorImpl.invoke(Unknown Source)
at java.lang.reflect.Method.invoke(Unknown Source)
at org.testng.internal.MethodInvocationHelper.invokeMethod(MethodInvocationHelper.java:124)
at org.testng.internal.Invoker.invokeMethod(Invoker.java:583)
at org.testng.internal.Invoker.invokeTestMethod(Invoker.java:719)
at org.testng.internal.Invoker.invokeTestMethods(Invoker.java:989)
at org.testng.internal.TestMethodWorker.invokeTestMethods(TestMethodWorker.java:125)
at org.testng.internal.TestMethodWorker.run(TestMethodWorker.java:109)
at org.testng.TestRunner.privateRun(TestRunner.java:648)
at org.testng.TestRunner.run(TestRunner.java:505)
at org.testng.SuiteRunner.runTest(SuiteRunner.java:455)
at org.testng.SuiteRunner.access$000(SuiteRunner.java:40)
at org.testng.SuiteRunner$SuiteWorker.run(SuiteRunner.java:489)
at org.testng.internal.thread.ThreadUtil$1.call(ThreadUtil.java:52)
at java.util.concurrent.FutureTask.run(Unknown Source)
at java.util.concurrent.ThreadPoolExecutor.runWorker(Unknown Source)
at java.util.concurrent.ThreadPoolExecutor$Worker.run(Unknown Source)
at java.lang.Thread.run(Unknown Source)
]]>
            </full-stacktrace>
          </exception> <!-- java.lang.AssertionError -->
          <reporter-output>
          </reporter-output>
        </test-method> <!-- testDomainRegistration2WorkflowForCom -->
      </class> <!-- com.consoleregression.workflowtest.testcases.TestDomainRegistration2WorkflowForCom -->
    </test> <!-- Console Release Regression Test Cases -->
  </suite> <!-- Console Release Regression Test Suite -->
</testng-results>
