<?xml version="1.0" encoding="UTF-8"?>
<testng-results skipped="0" failed="0" ignored="4" total="9" passed="5">
  <reporter-output>
  </reporter-output>
  <suite name="Console Regression Test Automation - UAT Test Suite" duration-ms="913836" started-at="2019-05-02T06:36:47Z" finished-at="2019-05-02T06:52:01Z">
    <groups>
    </groups>
    <test name="Regression Test Cases" duration-ms="913836" started-at="2019-05-02T06:36:47Z" finished-at="2019-05-02T06:52:01Z">
      <class name="com.consoleregression.testcases.SalesDBJourneyTest">
        <test-method status="PASS" signature="verify_ComDomain_and_BasicCloudHostingOrder_InSalesDB(java.lang.String)[pri:0, instance:com.consoleregression.testcases.SalesDBJourneyTest@4667ae56]" name="verify_ComDomain_and_BasicCloudHostingOrder_InSalesDB" duration-ms="504621" started-at="2019-05-02T06:36:47Z" finished-at="2019-05-02T06:45:12Z">
          <params>
            <param index="0">
              <value>
                <![CDATA[uat1]]>
              </value>
            </param>
          </params>
          <reporter-output>
          </reporter-output>
        </test-method> <!-- verify_ComDomain_and_BasicCloudHostingOrder_InSalesDB -->
        <test-method status="PASS" signature="verify_NzDomain_Order_InSalesDB(java.lang.String)[pri:0, instance:com.consoleregression.testcases.SalesDBJourneyTest@4667ae56]" name="verify_NzDomain_Order_InSalesDB" duration-ms="256967" started-at="2019-05-02T06:45:12Z" finished-at="2019-05-02T06:49:29Z">
          <params>
            <param index="0">
              <value>
                <![CDATA[uat1]]>
              </value>
            </param>
          </params>
          <reporter-output>
          </reporter-output>
        </test-method> <!-- verify_NzDomain_Order_InSalesDB -->
      </class> <!-- com.consoleregression.testcases.SalesDBJourneyTest -->
      <class name="com.consoleregression.testcases.CustomerPortalJourneyTest">
        <test-method status="PASS" signature="verifyDomainRegistrationOrderForNewBTCustomerUsingNewCardInCustomerPortal(java.lang.String)[pri:0, instance:com.consoleregression.testcases.CustomerPortalJourneyTest@77cd7a0]" name="verifyDomainRegistrationOrderForNewBTCustomerUsingNewCardInCustomerPortal" duration-ms="39145" started-at="2019-05-02T06:49:29Z" finished-at="2019-05-02T06:50:08Z">
          <params>
            <param index="0">
              <value>
                <![CDATA[uat1]]>
              </value>
            </param>
          </params>
          <reporter-output>
          </reporter-output>
        </test-method> <!-- verifyDomainRegistrationOrderForNewBTCustomerUsingNewCardInCustomerPortal -->
        <test-method status="PASS" signature="verifyDomainandMultipleProductOrderForReturningBTCustomerUsingExistingCardInCustomerPortal(java.lang.String)[pri:0, instance:com.consoleregression.testcases.CustomerPortalJourneyTest@77cd7a0]" name="verifyDomainandMultipleProductOrderForReturningBTCustomerUsingExistingCardInCustomerPortal" duration-ms="67342" started-at="2019-05-02T06:50:08Z" finished-at="2019-05-02T06:51:15Z">
          <params>
            <param index="0">
              <value>
                <![CDATA[uat1]]>
              </value>
            </param>
          </params>
          <reporter-output>
          </reporter-output>
        </test-method> <!-- verifyDomainandMultipleProductOrderForReturningBTCustomerUsingExistingCardInCustomerPortal -->
        <test-method status="PASS" signature="verifyDomainandMultipleProductOrderForReturningBTCustomerUsingNewCardInCustomerPortal(java.lang.String)[pri:0, instance:com.consoleregression.testcases.CustomerPortalJourneyTest@77cd7a0]" name="verifyDomainandMultipleProductOrderForReturningBTCustomerUsingNewCardInCustomerPortal" duration-ms="45700" started-at="2019-05-02T06:51:15Z" finished-at="2019-05-02T06:52:01Z">
          <params>
            <param index="0">
              <value>
                <![CDATA[uat1]]>
              </value>
            </param>
          </params>
          <reporter-output>
          </reporter-output>
        </test-method> <!-- verifyDomainandMultipleProductOrderForReturningBTCustomerUsingNewCardInCustomerPortal -->
      </class> <!-- com.consoleregression.testcases.CustomerPortalJourneyTest -->
    </test> <!-- Regression Test Cases -->
  </suite> <!-- Console Regression Test Automation - UAT Test Suite -->
</testng-results>
