<?xml version="1.0" encoding="UTF-8"?>
<testng-results skipped="0" failed="0" ignored="4" total="7" passed="3">
  <reporter-output>
  </reporter-output>
  <suite name="Payment Gateway Migration - Quest Data Creation Suite" duration-ms="872501" started-at="2019-02-03T23:06:58Z" finished-at="2019-02-03T23:21:31Z">
    <groups>
    </groups>
    <test name="Payment Gateway Migration - Braintree Post Validation Test Cases" duration-ms="872501" started-at="2019-02-03T23:06:58Z" finished-at="2019-02-03T23:21:31Z">
      <class name="com.paymentgateway.testdatacreation.testcases.DomainzDataCreationTest">
        <test-method status="PASS" signature="generateCustomerDataWithYearlyBillingProduct(java.lang.String, java.lang.Integer)[pri:0, instance:com.paymentgateway.testdatacreation.testcases.DomainzDataCreationTest@5442a311]" name="generateCustomerDataWithYearlyBillingProduct" duration-ms="872454" started-at="2019-02-03T23:06:58Z" finished-at="2019-02-03T23:21:31Z">
          <params>
            <param index="0">
              <value>
                <![CDATA[stagingdev-5]]>
              </value>
            </param>
            <param index="1">
              <value>
                <![CDATA[2]]>
              </value>
            </param>
          </params>
          <reporter-output>
          </reporter-output>
        </test-method> <!-- generateCustomerDataWithYearlyBillingProduct -->
        <test-method status="PASS" signature="createTextFileForGreencodeAndCreditCardDetails(java.lang.String)[pri:0, instance:com.paymentgateway.testdatacreation.testcases.DomainzDataCreationTest@5442a311]" name="createTextFileForGreencodeAndCreditCardDetails" duration-ms="4" started-at="2019-02-03T23:21:31Z" finished-at="2019-02-03T23:21:31Z">
          <params>
            <param index="0">
              <value>
                <![CDATA[stagingdev-5]]>
              </value>
            </param>
          </params>
          <reporter-output>
          </reporter-output>
        </test-method> <!-- createTextFileForGreencodeAndCreditCardDetails -->
        <test-method status="PASS" signature="createPropertyFileForDecryptedDataVerification(java.lang.String)[pri:0, instance:com.paymentgateway.testdatacreation.testcases.DomainzDataCreationTest@5442a311]" name="createPropertyFileForDecryptedDataVerification" duration-ms="7" started-at="2019-02-03T23:21:31Z" finished-at="2019-02-03T23:21:31Z">
          <params>
            <param index="0">
              <value>
                <![CDATA[stagingdev-5]]>
              </value>
            </param>
          </params>
          <reporter-output>
          </reporter-output>
        </test-method> <!-- createPropertyFileForDecryptedDataVerification -->
      </class> <!-- com.paymentgateway.testdatacreation.testcases.DomainzDataCreationTest -->
    </test> <!-- Payment Gateway Migration - Braintree Post Validation Test Cases -->
  </suite> <!-- Payment Gateway Migration - Quest Data Creation Suite -->
</testng-results>
