<?xml version="1.0" encoding="UTF-8"?>
<testng-results skipped="0" failed="1" ignored="0" total="7" passed="6">
  <reporter-output>
  </reporter-output>
  <suite name="Payment Gateway Migration - Quest Data Creation Suite" duration-ms="6332248" started-at="2019-02-07T00:53:38Z" finished-at="2019-02-07T02:39:10Z">
    <groups>
    </groups>
    <test name="Payment Gateway Migration - Braintree Post Validation Test Cases" duration-ms="6332248" started-at="2019-02-07T00:53:38Z" finished-at="2019-02-07T02:39:10Z">
      <class name="com.paymentgateway.testdatacreation.testcases.DomainzDataCreationTest">
        <test-method status="PASS" signature="generateCustomerDataWithDomainRegistrationAndEnableAutoRenew(java.lang.String, java.lang.Integer)[pri:0, instance:com.paymentgateway.testdatacreation.testcases.DomainzDataCreationTest@5442a311]" name="generateCustomerDataWithDomainRegistrationAndEnableAutoRenew" duration-ms="1360980" started-at="2019-02-07T00:53:38Z" finished-at="2019-02-07T01:16:19Z">
          <params>
            <param index="0">
              <value>
                <![CDATA[stagingdev-5]]>
              </value>
            </param>
            <param index="1">
              <value>
                <![CDATA[4]]>
              </value>
            </param>
          </params>
          <reporter-output>
          </reporter-output>
        </test-method> <!-- generateCustomerDataWithDomainRegistrationAndEnableAutoRenew -->
        <test-method status="PASS" signature="generateCustomerDataWithMonthlyBillingProduct(java.lang.String, java.lang.Integer)[pri:0, instance:com.paymentgateway.testdatacreation.testcases.DomainzDataCreationTest@5442a311]" name="generateCustomerDataWithMonthlyBillingProduct" duration-ms="1902319" started-at="2019-02-07T01:16:19Z" finished-at="2019-02-07T01:48:01Z">
          <params>
            <param index="0">
              <value>
                <![CDATA[stagingdev-5]]>
              </value>
            </param>
            <param index="1">
              <value>
                <![CDATA[4]]>
              </value>
            </param>
          </params>
          <reporter-output>
          </reporter-output>
        </test-method> <!-- generateCustomerDataWithMonthlyBillingProduct -->
        <test-method status="PASS" signature="generateCustomerDataWithYearlyBillingProduct(java.lang.String, java.lang.Integer)[pri:0, instance:com.paymentgateway.testdatacreation.testcases.DomainzDataCreationTest@5442a311]" name="generateCustomerDataWithYearlyBillingProduct" duration-ms="1948596" started-at="2019-02-07T01:48:01Z" finished-at="2019-02-07T02:20:30Z">
          <params>
            <param index="0">
              <value>
                <![CDATA[stagingdev-5]]>
              </value>
            </param>
            <param index="1">
              <value>
                <![CDATA[4]]>
              </value>
            </param>
          </params>
          <reporter-output>
          </reporter-output>
        </test-method> <!-- generateCustomerDataWithYearlyBillingProduct -->
        <test-method status="FAIL" signature="generateCustomerDataWithOutstandingInvoice(java.lang.String, java.lang.Integer)[pri:0, instance:com.paymentgateway.testdatacreation.testcases.DomainzDataCreationTest@5442a311]" name="generateCustomerDataWithOutstandingInvoice" duration-ms="228066" started-at="2019-02-07T02:20:30Z" finished-at="2019-02-07T02:24:18Z">
          <params>
            <param index="0">
              <value>
                <![CDATA[stagingdev-5]]>
              </value>
            </param>
            <param index="1">
              <value>
                <![CDATA[4]]>
              </value>
            </param>
          </params>
          <exception class="org.openqa.selenium.NoSuchElementException">
            <message>
              <![CDATA[no such element: Unable to locate element: {"method":"id","selector":"Greencode-searchbox"}
  (Session info: chrome=72.0.3626.96)
  (Driver info: chromedriver=2.45.615291 (ec3682e3c9061c10f26ea9e5cdcf3c53f3f74387),platform=Windows NT 10.0.14393 x86_64) (WARNING: The server did not provide any stacktrace information)
Command duration or timeout: 0 milliseconds
For documentation on this error, please visit: http://seleniumhq.org/exceptions/no_such_element.html
Build info: version: '3.10.0', revision: '176b4a9', time: '2018-03-02T19:03:16.397Z'
System info: host: 'MIT01524', ip: '10.40.0.240', os.name: 'Windows 10', os.arch: 'amd64', os.version: '10.0', java.version: '1.8.0_191'
Driver info: org.openqa.selenium.chrome.ChromeDriver
Capabilities {acceptInsecureCerts: false, acceptSslCerts: false, applicationCacheEnabled: false, browserConnectionEnabled: false, browserName: chrome, chrome: {chromedriverVersion: 2.45.615291 (ec3682e3c9061c..., userDataDir: C:\Users\ROY~1.ALC\AppData\...}, cssSelectorsEnabled: true, databaseEnabled: false, goog:chromeOptions: {debuggerAddress: localhost:53897}, handlesAlerts: true, hasTouchScreen: false, javascriptEnabled: true, locationContextEnabled: true, mobileEmulationEnabled: false, nativeEvents: true, networkConnectionEnabled: false, pageLoadStrategy: normal, platform: XP, platformName: XP, proxy: Proxy(), rotatable: false, setWindowRect: true, strictFileInteractability: false, takesHeapSnapshot: true, takesScreenshot: true, timeouts: {implicit: 0, pageLoad: 300000, script: 30000}, unexpectedAlertBehaviour: ignore, unhandledPromptBehavior: ignore, version: 72.0.3626.96, webStorageEnabled: true}
Session ID: 37488eb09afec5ecff7d6fc02976d238
*** Element info: {Using=id, value=Greencode-searchbox}]]>
            </message>
            <full-stacktrace>
              <![CDATA[org.openqa.selenium.NoSuchElementException: no such element: Unable to locate element: {"method":"id","selector":"Greencode-searchbox"}
  (Session info: chrome=72.0.3626.96)
  (Driver info: chromedriver=2.45.615291 (ec3682e3c9061c10f26ea9e5cdcf3c53f3f74387),platform=Windows NT 10.0.14393 x86_64) (WARNING: The server did not provide any stacktrace information)
Command duration or timeout: 0 milliseconds
For documentation on this error, please visit: http://seleniumhq.org/exceptions/no_such_element.html
Build info: version: '3.10.0', revision: '176b4a9', time: '2018-03-02T19:03:16.397Z'
System info: host: 'MIT01524', ip: '10.40.0.240', os.name: 'Windows 10', os.arch: 'amd64', os.version: '10.0', java.version: '1.8.0_191'
Driver info: org.openqa.selenium.chrome.ChromeDriver
Capabilities {acceptInsecureCerts: false, acceptSslCerts: false, applicationCacheEnabled: false, browserConnectionEnabled: false, browserName: chrome, chrome: {chromedriverVersion: 2.45.615291 (ec3682e3c9061c..., userDataDir: C:\Users\ROY~1.ALC\AppData\...}, cssSelectorsEnabled: true, databaseEnabled: false, goog:chromeOptions: {debuggerAddress: localhost:53897}, handlesAlerts: true, hasTouchScreen: false, javascriptEnabled: true, locationContextEnabled: true, mobileEmulationEnabled: false, nativeEvents: true, networkConnectionEnabled: false, pageLoadStrategy: normal, platform: XP, platformName: XP, proxy: Proxy(), rotatable: false, setWindowRect: true, strictFileInteractability: false, takesHeapSnapshot: true, takesScreenshot: true, timeouts: {implicit: 0, pageLoad: 300000, script: 30000}, unexpectedAlertBehaviour: ignore, unhandledPromptBehavior: ignore, version: 72.0.3626.96, webStorageEnabled: true}
Session ID: 37488eb09afec5ecff7d6fc02976d238
*** Element info: {Using=id, value=Greencode-searchbox}
at sun.reflect.NativeConstructorAccessorImpl.newInstance0(Native Method)
at sun.reflect.NativeConstructorAccessorImpl.newInstance(Unknown Source)
at sun.reflect.DelegatingConstructorAccessorImpl.newInstance(Unknown Source)
at java.lang.reflect.Constructor.newInstance(Unknown Source)
at org.openqa.selenium.remote.ErrorHandler.createThrowable(ErrorHandler.java:214)
at org.openqa.selenium.remote.ErrorHandler.throwIfResponseFailed(ErrorHandler.java:166)
at org.openqa.selenium.remote.http.JsonHttpResponseCodec.reconstructValue(JsonHttpResponseCodec.java:40)
at org.openqa.selenium.remote.http.AbstractHttpResponseCodec.decode(AbstractHttpResponseCodec.java:80)
at org.openqa.selenium.remote.http.AbstractHttpResponseCodec.decode(AbstractHttpResponseCodec.java:44)
at org.openqa.selenium.remote.HttpCommandExecutor.execute(HttpCommandExecutor.java:160)
at org.openqa.selenium.remote.service.DriverCommandExecutor.execute(DriverCommandExecutor.java:83)
at org.openqa.selenium.remote.RemoteWebDriver.execute(RemoteWebDriver.java:601)
at org.openqa.selenium.remote.RemoteWebDriver.findElement(RemoteWebDriver.java:371)
at org.openqa.selenium.remote.RemoteWebDriver.findElementById(RemoteWebDriver.java:417)
at org.openqa.selenium.By$ById.findElement(By.java:218)
at org.openqa.selenium.remote.RemoteWebDriver.findElement(RemoteWebDriver.java:363)
at sun.reflect.GeneratedMethodAccessor4.invoke(Unknown Source)
at sun.reflect.DelegatingMethodAccessorImpl.invoke(Unknown Source)
at java.lang.reflect.Method.invoke(Unknown Source)
at org.openqa.selenium.support.events.EventFiringWebDriver.lambda$new$1(EventFiringWebDriver.java:103)
at com.sun.proxy.$Proxy10.findElement(Unknown Source)
at org.openqa.selenium.support.events.EventFiringWebDriver.findElement(EventFiringWebDriver.java:186)
at org.openqa.selenium.support.pagefactory.DefaultElementLocator.findElement(DefaultElementLocator.java:69)
at org.openqa.selenium.support.pagefactory.internal.LocatingElementHandler.invoke(LocatingElementHandler.java:38)
at com.sun.proxy.$Proxy14.sendKeys(Unknown Source)
at com.consolesalesdb.pages.CSNrCRMPage.setGreenCode(CSNrCRMPage.java:33)
at com.paymentgateway.testdatacreation.testcases.DomainzDataCreationTest.generateCustomerDataWithOutstandingInvoice(DomainzDataCreationTest.java:887)
at sun.reflect.NativeMethodAccessorImpl.invoke0(Native Method)
at sun.reflect.NativeMethodAccessorImpl.invoke(Unknown Source)
at sun.reflect.DelegatingMethodAccessorImpl.invoke(Unknown Source)
at java.lang.reflect.Method.invoke(Unknown Source)
at org.testng.internal.MethodInvocationHelper.invokeMethod(MethodInvocationHelper.java:124)
at org.testng.internal.Invoker.invokeMethod(Invoker.java:583)
at org.testng.internal.Invoker.invokeTestMethod(Invoker.java:719)
at org.testng.internal.Invoker.invokeTestMethods(Invoker.java:989)
at org.testng.internal.TestMethodWorker.invokeTestMethods(TestMethodWorker.java:125)
at org.testng.internal.TestMethodWorker.run(TestMethodWorker.java:109)
at org.testng.TestRunner.privateRun(TestRunner.java:648)
at org.testng.TestRunner.run(TestRunner.java:505)
at org.testng.SuiteRunner.runTest(SuiteRunner.java:455)
at org.testng.SuiteRunner.access$000(SuiteRunner.java:40)
at org.testng.SuiteRunner$SuiteWorker.run(SuiteRunner.java:489)
at org.testng.internal.thread.ThreadUtil$1.call(ThreadUtil.java:52)
at java.util.concurrent.FutureTask.run(Unknown Source)
at java.util.concurrent.ThreadPoolExecutor.runWorker(Unknown Source)
at java.util.concurrent.ThreadPoolExecutor$Worker.run(Unknown Source)
at java.lang.Thread.run(Unknown Source)
]]>
            </full-stacktrace>
          </exception> <!-- org.openqa.selenium.NoSuchElementException -->
          <reporter-output>
          </reporter-output>
        </test-method> <!-- generateCustomerDataWithOutstandingInvoice -->
        <test-method status="PASS" signature="generateCustomerDataWithDefaultCreditCard(java.lang.String, java.lang.Integer)[pri:0, instance:com.paymentgateway.testdatacreation.testcases.DomainzDataCreationTest@5442a311]" name="generateCustomerDataWithDefaultCreditCard" duration-ms="892240" started-at="2019-02-07T02:24:18Z" finished-at="2019-02-07T02:39:10Z">
          <params>
            <param index="0">
              <value>
                <![CDATA[stagingdev-5]]>
              </value>
            </param>
            <param index="1">
              <value>
                <![CDATA[4]]>
              </value>
            </param>
          </params>
          <reporter-output>
          </reporter-output>
        </test-method> <!-- generateCustomerDataWithDefaultCreditCard -->
        <test-method status="PASS" signature="createTextFileForGreencodeAndCreditCardDetails(java.lang.String)[pri:0, instance:com.paymentgateway.testdatacreation.testcases.DomainzDataCreationTest@5442a311]" name="createTextFileForGreencodeAndCreditCardDetails" duration-ms="4" started-at="2019-02-07T02:39:10Z" finished-at="2019-02-07T02:39:10Z">
          <params>
            <param index="0">
              <value>
                <![CDATA[stagingdev-5]]>
              </value>
            </param>
          </params>
          <reporter-output>
          </reporter-output>
        </test-method> <!-- createTextFileForGreencodeAndCreditCardDetails -->
        <test-method status="PASS" signature="createPropertyFileForDecryptedDataVerification(java.lang.String)[pri:0, instance:com.paymentgateway.testdatacreation.testcases.DomainzDataCreationTest@5442a311]" name="createPropertyFileForDecryptedDataVerification" duration-ms="7" started-at="2019-02-07T02:39:10Z" finished-at="2019-02-07T02:39:10Z">
          <params>
            <param index="0">
              <value>
                <![CDATA[stagingdev-5]]>
              </value>
            </param>
          </params>
          <reporter-output>
          </reporter-output>
        </test-method> <!-- createPropertyFileForDecryptedDataVerification -->
      </class> <!-- com.paymentgateway.testdatacreation.testcases.DomainzDataCreationTest -->
    </test> <!-- Payment Gateway Migration - Braintree Post Validation Test Cases -->
  </suite> <!-- Payment Gateway Migration - Quest Data Creation Suite -->
</testng-results>
