<?xml version="1.0" encoding="UTF-8"?>
<testng-results skipped="0" failed="0" ignored="0" total="1" passed="1">
  <reporter-output>
  </reporter-output>
  <suite name="Payment Gateway Stage New Shopping Cart Test Suite" duration-ms="66752" started-at="2019-05-21T23:23:06Z" finished-at="2019-05-21T23:24:13Z">
    <groups>
    </groups>
    <test name="Payment Gateway Stage New Shopping Cart Test Cases" duration-ms="66752" started-at="2019-05-21T23:23:06Z" finished-at="2019-05-21T23:24:13Z">
      <class name="com.paymentgateway.newshoppingcart.testcases.TestCaptchaForNewCustomerUsingNewCard">
        <test-method status="PASS" signature="testCaptchaForNewCustomerUsingNewCard(java.lang.String, java.lang.Integer)[pri:0, instance:com.paymentgateway.newshoppingcart.testcases.TestCaptchaForNewCustomerUsingNewCard@42e26948]" name="testCaptchaForNewCustomerUsingNewCard" duration-ms="66720" started-at="2019-05-21T23:23:06Z" finished-at="2019-05-21T23:24:13Z">
          <params>
            <param index="0">
              <value>
                <![CDATA[prod]]>
              </value>
            </param>
            <param index="1">
              <value>
                <![CDATA[1]]>
              </value>
            </param>
          </params>
          <reporter-output>
          </reporter-output>
        </test-method> <!-- testCaptchaForNewCustomerUsingNewCard -->
      </class> <!-- com.paymentgateway.newshoppingcart.testcases.TestCaptchaForNewCustomerUsingNewCard -->
    </test> <!-- Payment Gateway Stage New Shopping Cart Test Cases -->
  </suite> <!-- Payment Gateway Stage New Shopping Cart Test Suite -->
</testng-results>
