<?xml version="1.0" encoding="UTF-8"?>
<testng-results skipped="0" failed="5" ignored="0" total="35" passed="30">
  <reporter-output>
  </reporter-output>
  <suite name="Payment Gateway UAT Quest Regression Test Suite" duration-ms="2217699" started-at="2019-02-06T03:52:18Z" finished-at="2019-02-06T04:29:16Z">
    <groups>
    </groups>
    <test name="Regression Test Cases" duration-ms="2217699" started-at="2019-02-06T03:52:18Z" finished-at="2019-02-06T04:29:16Z">
      <class name="com.paymentgateway.uat.melbourneit.testcases.RegressionSalesDB">
        <test-method status="PASS" signature="testCreateDomainAndMajorProductOrderInSalesDB(java.lang.String, java.lang.String)[pri:0, instance:com.paymentgateway.uat.melbourneit.testcases.RegressionSalesDB@464bee09]" name="testCreateDomainAndMajorProductOrderInSalesDB" duration-ms="82260" started-at="2019-02-06T04:07:21Z" finished-at="2019-02-06T04:08:43Z">
          <params>
            <param index="0">
              <value>
                <![CDATA[uat1]]>
              </value>
            </param>
            <param index="1">
              <value>
                <![CDATA[quest]]>
              </value>
            </param>
          </params>
          <reporter-output>
          </reporter-output>
        </test-method> <!-- testCreateDomainAndMajorProductOrderInSalesDB -->
        <test-method status="PASS" signature="testDomainRegistration2WorkflowInConsoleAdmin(java.lang.String, java.lang.String, java.lang.String)[pri:0, instance:com.paymentgateway.uat.melbourneit.testcases.RegressionSalesDB@464bee09]" name="testDomainRegistration2WorkflowInConsoleAdmin" duration-ms="82220" started-at="2019-02-06T04:08:43Z" finished-at="2019-02-06T04:10:05Z">
          <params>
            <param index="0">
              <value>
                <![CDATA[uat1]]>
              </value>
            </param>
            <param index="1">
              <value>
                <![CDATA[quest]]>
              </value>
            </param>
            <param index="2">
              <value>
                <![CDATA[disabled]]>
              </value>
            </param>
          </params>
          <reporter-output>
          </reporter-output>
        </test-method> <!-- testDomainRegistration2WorkflowInConsoleAdmin -->
        <test-method status="PASS" signature="testProductSetup2WorkflowInConsoleAdmin(java.lang.String, java.lang.String, java.lang.String)[pri:0, instance:com.paymentgateway.uat.melbourneit.testcases.RegressionSalesDB@464bee09]" name="testProductSetup2WorkflowInConsoleAdmin" duration-ms="94238" started-at="2019-02-06T04:10:05Z" finished-at="2019-02-06T04:11:40Z">
          <params>
            <param index="0">
              <value>
                <![CDATA[uat1]]>
              </value>
            </param>
            <param index="1">
              <value>
                <![CDATA[quest]]>
              </value>
            </param>
            <param index="2">
              <value>
                <![CDATA[disabled]]>
              </value>
            </param>
          </params>
          <reporter-output>
          </reporter-output>
        </test-method> <!-- testProductSetup2WorkflowInConsoleAdmin -->
      </class> <!-- com.paymentgateway.uat.melbourneit.testcases.RegressionSalesDB -->
      <class name="com.paymentgateway.uat.webcentral.testcases.RegressionSalesDB">
        <test-method status="FAIL" signature="testCreateDomainAndMajorProductOrderInSalesDB(java.lang.String, java.lang.String)[pri:0, instance:com.paymentgateway.uat.webcentral.testcases.RegressionSalesDB@13deb50e]" name="testCreateDomainAndMajorProductOrderInSalesDB" duration-ms="16454" started-at="2019-02-06T04:18:56Z" finished-at="2019-02-06T04:19:12Z">
          <params>
            <param index="0">
              <value>
                <![CDATA[uat1]]>
              </value>
            </param>
            <param index="1">
              <value>
                <![CDATA[quest]]>
              </value>
            </param>
          </params>
          <exception class="org.openqa.selenium.NoSuchElementException">
            <message>
              <![CDATA[no such element: Unable to locate element: {"method":"id","selector":"Greencode-searchbox"}
  (Session info: chrome=72.0.3626.81)
  (Driver info: chromedriver=2.45.615291 (ec3682e3c9061c10f26ea9e5cdcf3c53f3f74387),platform=Windows NT 10.0.14393 x86_64) (WARNING: The server did not provide any stacktrace information)
Command duration or timeout: 0 milliseconds
For documentation on this error, please visit: http://seleniumhq.org/exceptions/no_such_element.html
Build info: version: '3.10.0', revision: '176b4a9', time: '2018-03-02T19:03:16.397Z'
System info: host: 'MIT01524', ip: '10.40.0.240', os.name: 'Windows 10', os.arch: 'amd64', os.version: '10.0', java.version: '1.8.0_191'
Driver info: org.openqa.selenium.chrome.ChromeDriver
Capabilities {acceptInsecureCerts: false, acceptSslCerts: false, applicationCacheEnabled: false, browserConnectionEnabled: false, browserName: chrome, chrome: {chromedriverVersion: 2.45.615291 (ec3682e3c9061c..., userDataDir: C:\Users\ROY~1.ALC\AppData\...}, cssSelectorsEnabled: true, databaseEnabled: false, goog:chromeOptions: {debuggerAddress: localhost:52275}, handlesAlerts: true, hasTouchScreen: false, javascriptEnabled: true, locationContextEnabled: true, mobileEmulationEnabled: false, nativeEvents: true, networkConnectionEnabled: false, pageLoadStrategy: normal, platform: XP, platformName: XP, proxy: Proxy(), rotatable: false, setWindowRect: true, strictFileInteractability: false, takesHeapSnapshot: true, takesScreenshot: true, timeouts: {implicit: 0, pageLoad: 300000, script: 30000}, unexpectedAlertBehaviour: ignore, unhandledPromptBehavior: ignore, version: 72.0.3626.81, webStorageEnabled: true}
Session ID: 0ebc8b197a3e19b3709b6074072051bc
*** Element info: {Using=id, value=Greencode-searchbox}]]>
            </message>
            <full-stacktrace>
              <![CDATA[org.openqa.selenium.NoSuchElementException: no such element: Unable to locate element: {"method":"id","selector":"Greencode-searchbox"}
  (Session info: chrome=72.0.3626.81)
  (Driver info: chromedriver=2.45.615291 (ec3682e3c9061c10f26ea9e5cdcf3c53f3f74387),platform=Windows NT 10.0.14393 x86_64) (WARNING: The server did not provide any stacktrace information)
Command duration or timeout: 0 milliseconds
For documentation on this error, please visit: http://seleniumhq.org/exceptions/no_such_element.html
Build info: version: '3.10.0', revision: '176b4a9', time: '2018-03-02T19:03:16.397Z'
System info: host: 'MIT01524', ip: '10.40.0.240', os.name: 'Windows 10', os.arch: 'amd64', os.version: '10.0', java.version: '1.8.0_191'
Driver info: org.openqa.selenium.chrome.ChromeDriver
Capabilities {acceptInsecureCerts: false, acceptSslCerts: false, applicationCacheEnabled: false, browserConnectionEnabled: false, browserName: chrome, chrome: {chromedriverVersion: 2.45.615291 (ec3682e3c9061c..., userDataDir: C:\Users\ROY~1.ALC\AppData\...}, cssSelectorsEnabled: true, databaseEnabled: false, goog:chromeOptions: {debuggerAddress: localhost:52275}, handlesAlerts: true, hasTouchScreen: false, javascriptEnabled: true, locationContextEnabled: true, mobileEmulationEnabled: false, nativeEvents: true, networkConnectionEnabled: false, pageLoadStrategy: normal, platform: XP, platformName: XP, proxy: Proxy(), rotatable: false, setWindowRect: true, strictFileInteractability: false, takesHeapSnapshot: true, takesScreenshot: true, timeouts: {implicit: 0, pageLoad: 300000, script: 30000}, unexpectedAlertBehaviour: ignore, unhandledPromptBehavior: ignore, version: 72.0.3626.81, webStorageEnabled: true}
Session ID: 0ebc8b197a3e19b3709b6074072051bc
*** Element info: {Using=id, value=Greencode-searchbox}
at sun.reflect.NativeConstructorAccessorImpl.newInstance0(Native Method)
at sun.reflect.NativeConstructorAccessorImpl.newInstance(Unknown Source)
at sun.reflect.DelegatingConstructorAccessorImpl.newInstance(Unknown Source)
at java.lang.reflect.Constructor.newInstance(Unknown Source)
at org.openqa.selenium.remote.ErrorHandler.createThrowable(ErrorHandler.java:214)
at org.openqa.selenium.remote.ErrorHandler.throwIfResponseFailed(ErrorHandler.java:166)
at org.openqa.selenium.remote.http.JsonHttpResponseCodec.reconstructValue(JsonHttpResponseCodec.java:40)
at org.openqa.selenium.remote.http.AbstractHttpResponseCodec.decode(AbstractHttpResponseCodec.java:80)
at org.openqa.selenium.remote.http.AbstractHttpResponseCodec.decode(AbstractHttpResponseCodec.java:44)
at org.openqa.selenium.remote.HttpCommandExecutor.execute(HttpCommandExecutor.java:160)
at org.openqa.selenium.remote.service.DriverCommandExecutor.execute(DriverCommandExecutor.java:83)
at org.openqa.selenium.remote.RemoteWebDriver.execute(RemoteWebDriver.java:601)
at org.openqa.selenium.remote.RemoteWebDriver.findElement(RemoteWebDriver.java:371)
at org.openqa.selenium.remote.RemoteWebDriver.findElementById(RemoteWebDriver.java:417)
at org.openqa.selenium.By$ById.findElement(By.java:218)
at org.openqa.selenium.remote.RemoteWebDriver.findElement(RemoteWebDriver.java:363)
at sun.reflect.GeneratedMethodAccessor3.invoke(Unknown Source)
at sun.reflect.DelegatingMethodAccessorImpl.invoke(Unknown Source)
at java.lang.reflect.Method.invoke(Unknown Source)
at org.openqa.selenium.support.events.EventFiringWebDriver.lambda$new$1(EventFiringWebDriver.java:103)
at com.sun.proxy.$Proxy10.findElement(Unknown Source)
at org.openqa.selenium.support.events.EventFiringWebDriver.findElement(EventFiringWebDriver.java:186)
at org.openqa.selenium.support.pagefactory.DefaultElementLocator.findElement(DefaultElementLocator.java:69)
at org.openqa.selenium.support.pagefactory.internal.LocatingElementHandler.invoke(LocatingElementHandler.java:38)
at com.sun.proxy.$Proxy14.sendKeys(Unknown Source)
at com.consolesalesdb.pages.CSNrCRMPage.setGreenCode(CSNrCRMPage.java:33)
at com.paymentgateway.uat.webcentral.testcases.RegressionSalesDB.testCreateDomainAndMajorProductOrderInSalesDB(RegressionSalesDB.java:123)
at sun.reflect.NativeMethodAccessorImpl.invoke0(Native Method)
at sun.reflect.NativeMethodAccessorImpl.invoke(Unknown Source)
at sun.reflect.DelegatingMethodAccessorImpl.invoke(Unknown Source)
at java.lang.reflect.Method.invoke(Unknown Source)
at org.testng.internal.MethodInvocationHelper.invokeMethod(MethodInvocationHelper.java:124)
at org.testng.internal.Invoker.invokeMethod(Invoker.java:583)
at org.testng.internal.Invoker.invokeTestMethod(Invoker.java:719)
at org.testng.internal.Invoker.invokeTestMethods(Invoker.java:989)
at org.testng.internal.TestMethodWorker.invokeTestMethods(TestMethodWorker.java:125)
at org.testng.internal.TestMethodWorker.run(TestMethodWorker.java:109)
at org.testng.TestRunner.privateRun(TestRunner.java:648)
at org.testng.TestRunner.run(TestRunner.java:505)
at org.testng.SuiteRunner.runTest(SuiteRunner.java:455)
at org.testng.SuiteRunner.access$000(SuiteRunner.java:40)
at org.testng.SuiteRunner$SuiteWorker.run(SuiteRunner.java:489)
at org.testng.internal.thread.ThreadUtil$1.call(ThreadUtil.java:52)
at java.util.concurrent.FutureTask.run(Unknown Source)
at java.util.concurrent.ThreadPoolExecutor.runWorker(Unknown Source)
at java.util.concurrent.ThreadPoolExecutor$Worker.run(Unknown Source)
at java.lang.Thread.run(Unknown Source)
]]>
            </full-stacktrace>
          </exception> <!-- org.openqa.selenium.NoSuchElementException -->
          <reporter-output>
          </reporter-output>
        </test-method> <!-- testCreateDomainAndMajorProductOrderInSalesDB -->
        <test-method status="FAIL" signature="testDomainRegistration2WorkflowInConsoleAdmin(java.lang.String, java.lang.String, java.lang.String)[pri:0, instance:com.paymentgateway.uat.webcentral.testcases.RegressionSalesDB@13deb50e]" name="testDomainRegistration2WorkflowInConsoleAdmin" duration-ms="9151" started-at="2019-02-06T04:19:12Z" finished-at="2019-02-06T04:19:21Z">
          <params>
            <param index="0">
              <value>
                <![CDATA[uat1]]>
              </value>
            </param>
            <param index="1">
              <value>
                <![CDATA[quest]]>
              </value>
            </param>
            <param index="2">
              <value>
                <![CDATA[disabled]]>
              </value>
            </param>
          </params>
          <exception class="org.openqa.selenium.WebDriverException">
            <message>
              <![CDATA[unknown error: keys should be a string
  (Session info: chrome=72.0.3626.81)
  (Driver info: chromedriver=2.45.615291 (ec3682e3c9061c10f26ea9e5cdcf3c53f3f74387),platform=Windows NT 10.0.14393 x86_64) (WARNING: The server did not provide any stacktrace information)
Command duration or timeout: 0 milliseconds
Build info: version: '3.10.0', revision: '176b4a9', time: '2018-03-02T19:03:16.397Z'
System info: host: 'MIT01524', ip: '10.40.0.240', os.name: 'Windows 10', os.arch: 'amd64', os.version: '10.0', java.version: '1.8.0_191'
Driver info: org.openqa.selenium.chrome.ChromeDriver
Capabilities {acceptInsecureCerts: false, acceptSslCerts: false, applicationCacheEnabled: false, browserConnectionEnabled: false, browserName: chrome, chrome: {chromedriverVersion: 2.45.615291 (ec3682e3c9061c..., userDataDir: C:\Users\ROY~1.ALC\AppData\...}, cssSelectorsEnabled: true, databaseEnabled: false, goog:chromeOptions: {debuggerAddress: localhost:52308}, handlesAlerts: true, hasTouchScreen: false, javascriptEnabled: true, locationContextEnabled: true, mobileEmulationEnabled: false, nativeEvents: true, networkConnectionEnabled: false, pageLoadStrategy: normal, platform: XP, platformName: XP, proxy: Proxy(), rotatable: false, setWindowRect: true, strictFileInteractability: false, takesHeapSnapshot: true, takesScreenshot: true, timeouts: {implicit: 0, pageLoad: 300000, script: 30000}, unexpectedAlertBehaviour: ignore, unhandledPromptBehavior: ignore, version: 72.0.3626.81, webStorageEnabled: true}
Session ID: eba8cdef453b5a533806fdb46d867333]]>
            </message>
            <full-stacktrace>
              <![CDATA[org.openqa.selenium.WebDriverException: unknown error: keys should be a string
  (Session info: chrome=72.0.3626.81)
  (Driver info: chromedriver=2.45.615291 (ec3682e3c9061c10f26ea9e5cdcf3c53f3f74387),platform=Windows NT 10.0.14393 x86_64) (WARNING: The server did not provide any stacktrace information)
Command duration or timeout: 0 milliseconds
Build info: version: '3.10.0', revision: '176b4a9', time: '2018-03-02T19:03:16.397Z'
System info: host: 'MIT01524', ip: '10.40.0.240', os.name: 'Windows 10', os.arch: 'amd64', os.version: '10.0', java.version: '1.8.0_191'
Driver info: org.openqa.selenium.chrome.ChromeDriver
Capabilities {acceptInsecureCerts: false, acceptSslCerts: false, applicationCacheEnabled: false, browserConnectionEnabled: false, browserName: chrome, chrome: {chromedriverVersion: 2.45.615291 (ec3682e3c9061c..., userDataDir: C:\Users\ROY~1.ALC\AppData\...}, cssSelectorsEnabled: true, databaseEnabled: false, goog:chromeOptions: {debuggerAddress: localhost:52308}, handlesAlerts: true, hasTouchScreen: false, javascriptEnabled: true, locationContextEnabled: true, mobileEmulationEnabled: false, nativeEvents: true, networkConnectionEnabled: false, pageLoadStrategy: normal, platform: XP, platformName: XP, proxy: Proxy(), rotatable: false, setWindowRect: true, strictFileInteractability: false, takesHeapSnapshot: true, takesScreenshot: true, timeouts: {implicit: 0, pageLoad: 300000, script: 30000}, unexpectedAlertBehaviour: ignore, unhandledPromptBehavior: ignore, version: 72.0.3626.81, webStorageEnabled: true}
Session ID: eba8cdef453b5a533806fdb46d867333
at sun.reflect.NativeConstructorAccessorImpl.newInstance0(Native Method)
at sun.reflect.NativeConstructorAccessorImpl.newInstance(Unknown Source)
at sun.reflect.DelegatingConstructorAccessorImpl.newInstance(Unknown Source)
at java.lang.reflect.Constructor.newInstance(Unknown Source)
at org.openqa.selenium.remote.ErrorHandler.createThrowable(ErrorHandler.java:214)
at org.openqa.selenium.remote.ErrorHandler.throwIfResponseFailed(ErrorHandler.java:166)
at org.openqa.selenium.remote.http.JsonHttpResponseCodec.reconstructValue(JsonHttpResponseCodec.java:40)
at org.openqa.selenium.remote.http.AbstractHttpResponseCodec.decode(AbstractHttpResponseCodec.java:80)
at org.openqa.selenium.remote.http.AbstractHttpResponseCodec.decode(AbstractHttpResponseCodec.java:44)
at org.openqa.selenium.remote.HttpCommandExecutor.execute(HttpCommandExecutor.java:160)
at org.openqa.selenium.remote.service.DriverCommandExecutor.execute(DriverCommandExecutor.java:83)
at org.openqa.selenium.remote.RemoteWebDriver.execute(RemoteWebDriver.java:601)
at org.openqa.selenium.remote.RemoteWebElement.execute(RemoteWebElement.java:279)
at org.openqa.selenium.remote.RemoteWebElement.sendKeys(RemoteWebElement.java:100)
at sun.reflect.GeneratedMethodAccessor8.invoke(Unknown Source)
at sun.reflect.DelegatingMethodAccessorImpl.invoke(Unknown Source)
at java.lang.reflect.Method.invoke(Unknown Source)
at org.openqa.selenium.support.events.EventFiringWebDriver$EventFiringWebElement.lambda$new$0(EventFiringWebDriver.java:368)
at com.sun.proxy.$Proxy15.sendKeys(Unknown Source)
at org.openqa.selenium.support.events.EventFiringWebDriver$EventFiringWebElement.sendKeys(EventFiringWebDriver.java:390)
at sun.reflect.GeneratedMethodAccessor8.invoke(Unknown Source)
at sun.reflect.DelegatingMethodAccessorImpl.invoke(Unknown Source)
at java.lang.reflect.Method.invoke(Unknown Source)
at org.openqa.selenium.support.pagefactory.internal.LocatingElementHandler.invoke(LocatingElementHandler.java:51)
at com.sun.proxy.$Proxy14.sendKeys(Unknown Source)
at com.consoleadmin.pages.CAHeaderPage.searchWorkflow(CAHeaderPage.java:73)
at com.paymentgateway.uat.webcentral.testcases.RegressionSalesDB.testDomainRegistration2WorkflowInConsoleAdmin(RegressionSalesDB.java:174)
at sun.reflect.NativeMethodAccessorImpl.invoke0(Native Method)
at sun.reflect.NativeMethodAccessorImpl.invoke(Unknown Source)
at sun.reflect.DelegatingMethodAccessorImpl.invoke(Unknown Source)
at java.lang.reflect.Method.invoke(Unknown Source)
at org.testng.internal.MethodInvocationHelper.invokeMethod(MethodInvocationHelper.java:124)
at org.testng.internal.Invoker.invokeMethod(Invoker.java:583)
at org.testng.internal.Invoker.invokeTestMethod(Invoker.java:719)
at org.testng.internal.Invoker.invokeTestMethods(Invoker.java:989)
at org.testng.internal.TestMethodWorker.invokeTestMethods(TestMethodWorker.java:125)
at org.testng.internal.TestMethodWorker.run(TestMethodWorker.java:109)
at org.testng.TestRunner.privateRun(TestRunner.java:648)
at org.testng.TestRunner.run(TestRunner.java:505)
at org.testng.SuiteRunner.runTest(SuiteRunner.java:455)
at org.testng.SuiteRunner.access$000(SuiteRunner.java:40)
at org.testng.SuiteRunner$SuiteWorker.run(SuiteRunner.java:489)
at org.testng.internal.thread.ThreadUtil$1.call(ThreadUtil.java:52)
at java.util.concurrent.FutureTask.run(Unknown Source)
at java.util.concurrent.ThreadPoolExecutor.runWorker(Unknown Source)
at java.util.concurrent.ThreadPoolExecutor$Worker.run(Unknown Source)
at java.lang.Thread.run(Unknown Source)
]]>
            </full-stacktrace>
          </exception> <!-- org.openqa.selenium.WebDriverException -->
          <reporter-output>
          </reporter-output>
        </test-method> <!-- testDomainRegistration2WorkflowInConsoleAdmin -->
        <test-method status="FAIL" signature="testProductSetup2WorkflowInConsoleAdmin(java.lang.String, java.lang.String)[pri:0, instance:com.paymentgateway.uat.webcentral.testcases.RegressionSalesDB@13deb50e]" name="testProductSetup2WorkflowInConsoleAdmin" duration-ms="38664" started-at="2019-02-06T04:19:21Z" finished-at="2019-02-06T04:20:00Z">
          <params>
            <param index="0">
              <value>
                <![CDATA[uat1]]>
              </value>
            </param>
            <param index="1">
              <value>
                <![CDATA[quest]]>
              </value>
            </param>
          </params>
          <exception class="org.openqa.selenium.NoSuchElementException">
            <message>
              <![CDATA[no such element: Unable to locate element: {"method":"xpath","selector":"//table/tbody/tr/td/table[3]/tbody/tr[3]/td[1]/a"}
  (Session info: chrome=72.0.3626.81)
  (Driver info: chromedriver=2.45.615291 (ec3682e3c9061c10f26ea9e5cdcf3c53f3f74387),platform=Windows NT 10.0.14393 x86_64) (WARNING: The server did not provide any stacktrace information)
Command duration or timeout: 0 milliseconds
For documentation on this error, please visit: http://seleniumhq.org/exceptions/no_such_element.html
Build info: version: '3.10.0', revision: '176b4a9', time: '2018-03-02T19:03:16.397Z'
System info: host: 'MIT01524', ip: '10.40.0.240', os.name: 'Windows 10', os.arch: 'amd64', os.version: '10.0', java.version: '1.8.0_191'
Driver info: org.openqa.selenium.chrome.ChromeDriver
Capabilities {acceptInsecureCerts: false, acceptSslCerts: false, applicationCacheEnabled: false, browserConnectionEnabled: false, browserName: chrome, chrome: {chromedriverVersion: 2.45.615291 (ec3682e3c9061c..., userDataDir: C:\Users\ROY~1.ALC\AppData\...}, cssSelectorsEnabled: true, databaseEnabled: false, goog:chromeOptions: {debuggerAddress: localhost:52308}, handlesAlerts: true, hasTouchScreen: false, javascriptEnabled: true, locationContextEnabled: true, mobileEmulationEnabled: false, nativeEvents: true, networkConnectionEnabled: false, pageLoadStrategy: normal, platform: XP, platformName: XP, proxy: Proxy(), rotatable: false, setWindowRect: true, strictFileInteractability: false, takesHeapSnapshot: true, takesScreenshot: true, timeouts: {implicit: 0, pageLoad: 300000, script: 30000}, unexpectedAlertBehaviour: ignore, unhandledPromptBehavior: ignore, version: 72.0.3626.81, webStorageEnabled: true}
Session ID: eba8cdef453b5a533806fdb46d867333
*** Element info: {Using=xpath, value=//table/tbody/tr/td/table[3]/tbody/tr[3]/td[1]/a}]]>
            </message>
            <full-stacktrace>
              <![CDATA[org.openqa.selenium.NoSuchElementException: no such element: Unable to locate element: {"method":"xpath","selector":"//table/tbody/tr/td/table[3]/tbody/tr[3]/td[1]/a"}
  (Session info: chrome=72.0.3626.81)
  (Driver info: chromedriver=2.45.615291 (ec3682e3c9061c10f26ea9e5cdcf3c53f3f74387),platform=Windows NT 10.0.14393 x86_64) (WARNING: The server did not provide any stacktrace information)
Command duration or timeout: 0 milliseconds
For documentation on this error, please visit: http://seleniumhq.org/exceptions/no_such_element.html
Build info: version: '3.10.0', revision: '176b4a9', time: '2018-03-02T19:03:16.397Z'
System info: host: 'MIT01524', ip: '10.40.0.240', os.name: 'Windows 10', os.arch: 'amd64', os.version: '10.0', java.version: '1.8.0_191'
Driver info: org.openqa.selenium.chrome.ChromeDriver
Capabilities {acceptInsecureCerts: false, acceptSslCerts: false, applicationCacheEnabled: false, browserConnectionEnabled: false, browserName: chrome, chrome: {chromedriverVersion: 2.45.615291 (ec3682e3c9061c..., userDataDir: C:\Users\ROY~1.ALC\AppData\...}, cssSelectorsEnabled: true, databaseEnabled: false, goog:chromeOptions: {debuggerAddress: localhost:52308}, handlesAlerts: true, hasTouchScreen: false, javascriptEnabled: true, locationContextEnabled: true, mobileEmulationEnabled: false, nativeEvents: true, networkConnectionEnabled: false, pageLoadStrategy: normal, platform: XP, platformName: XP, proxy: Proxy(), rotatable: false, setWindowRect: true, strictFileInteractability: false, takesHeapSnapshot: true, takesScreenshot: true, timeouts: {implicit: 0, pageLoad: 300000, script: 30000}, unexpectedAlertBehaviour: ignore, unhandledPromptBehavior: ignore, version: 72.0.3626.81, webStorageEnabled: true}
Session ID: eba8cdef453b5a533806fdb46d867333
*** Element info: {Using=xpath, value=//table/tbody/tr/td/table[3]/tbody/tr[3]/td[1]/a}
at sun.reflect.NativeConstructorAccessorImpl.newInstance0(Native Method)
at sun.reflect.NativeConstructorAccessorImpl.newInstance(Unknown Source)
at sun.reflect.DelegatingConstructorAccessorImpl.newInstance(Unknown Source)
at java.lang.reflect.Constructor.newInstance(Unknown Source)
at org.openqa.selenium.remote.ErrorHandler.createThrowable(ErrorHandler.java:214)
at org.openqa.selenium.remote.ErrorHandler.throwIfResponseFailed(ErrorHandler.java:166)
at org.openqa.selenium.remote.http.JsonHttpResponseCodec.reconstructValue(JsonHttpResponseCodec.java:40)
at org.openqa.selenium.remote.http.AbstractHttpResponseCodec.decode(AbstractHttpResponseCodec.java:80)
at org.openqa.selenium.remote.http.AbstractHttpResponseCodec.decode(AbstractHttpResponseCodec.java:44)
at org.openqa.selenium.remote.HttpCommandExecutor.execute(HttpCommandExecutor.java:160)
at org.openqa.selenium.remote.service.DriverCommandExecutor.execute(DriverCommandExecutor.java:83)
at org.openqa.selenium.remote.RemoteWebDriver.execute(RemoteWebDriver.java:601)
at org.openqa.selenium.remote.RemoteWebDriver.findElement(RemoteWebDriver.java:371)
at org.openqa.selenium.remote.RemoteWebDriver.findElementByXPath(RemoteWebDriver.java:473)
at org.openqa.selenium.By$ByXPath.findElement(By.java:361)
at org.openqa.selenium.remote.RemoteWebDriver.findElement(RemoteWebDriver.java:363)
at sun.reflect.GeneratedMethodAccessor3.invoke(Unknown Source)
at sun.reflect.DelegatingMethodAccessorImpl.invoke(Unknown Source)
at java.lang.reflect.Method.invoke(Unknown Source)
at org.openqa.selenium.support.events.EventFiringWebDriver.lambda$new$1(EventFiringWebDriver.java:103)
at com.sun.proxy.$Proxy10.findElement(Unknown Source)
at org.openqa.selenium.support.events.EventFiringWebDriver.findElement(EventFiringWebDriver.java:186)
at com.consoleadmin.pages.CAWorkflowAdminPage.processProductSetup2(CAWorkflowAdminPage.java:152)
at com.paymentgateway.uat.webcentral.testcases.RegressionSalesDB.testProductSetup2WorkflowInConsoleAdmin(RegressionSalesDB.java:194)
at sun.reflect.NativeMethodAccessorImpl.invoke0(Native Method)
at sun.reflect.NativeMethodAccessorImpl.invoke(Unknown Source)
at sun.reflect.DelegatingMethodAccessorImpl.invoke(Unknown Source)
at java.lang.reflect.Method.invoke(Unknown Source)
at org.testng.internal.MethodInvocationHelper.invokeMethod(MethodInvocationHelper.java:124)
at org.testng.internal.Invoker.invokeMethod(Invoker.java:583)
at org.testng.internal.Invoker.invokeTestMethod(Invoker.java:719)
at org.testng.internal.Invoker.invokeTestMethods(Invoker.java:989)
at org.testng.internal.TestMethodWorker.invokeTestMethods(TestMethodWorker.java:125)
at org.testng.internal.TestMethodWorker.run(TestMethodWorker.java:109)
at org.testng.TestRunner.privateRun(TestRunner.java:648)
at org.testng.TestRunner.run(TestRunner.java:505)
at org.testng.SuiteRunner.runTest(SuiteRunner.java:455)
at org.testng.SuiteRunner.access$000(SuiteRunner.java:40)
at org.testng.SuiteRunner$SuiteWorker.run(SuiteRunner.java:489)
at org.testng.internal.thread.ThreadUtil$1.call(ThreadUtil.java:52)
at java.util.concurrent.FutureTask.run(Unknown Source)
at java.util.concurrent.ThreadPoolExecutor.runWorker(Unknown Source)
at java.util.concurrent.ThreadPoolExecutor$Worker.run(Unknown Source)
at java.lang.Thread.run(Unknown Source)
]]>
            </full-stacktrace>
          </exception> <!-- org.openqa.selenium.NoSuchElementException -->
          <reporter-output>
          </reporter-output>
        </test-method> <!-- testProductSetup2WorkflowInConsoleAdmin -->
        <test-method status="PASS" signature="testPaySingleInvoiceInConsoleAdmin(java.lang.String, java.lang.String)[pri:0, instance:com.paymentgateway.uat.webcentral.testcases.RegressionSalesDB@13deb50e]" name="testPaySingleInvoiceInConsoleAdmin" duration-ms="79929" started-at="2019-02-06T04:20:00Z" finished-at="2019-02-06T04:21:20Z">
          <params>
            <param index="0">
              <value>
                <![CDATA[uat1]]>
              </value>
            </param>
            <param index="1">
              <value>
                <![CDATA[quest]]>
              </value>
            </param>
          </params>
          <reporter-output>
          </reporter-output>
        </test-method> <!-- testPaySingleInvoiceInConsoleAdmin -->
        <test-method status="PASS" signature="testRefundPaymentFromSalesDB(java.lang.String, java.lang.String)[pri:0, instance:com.paymentgateway.uat.webcentral.testcases.RegressionSalesDB@13deb50e]" name="testRefundPaymentFromSalesDB" duration-ms="43723" started-at="2019-02-06T04:21:20Z" finished-at="2019-02-06T04:22:04Z">
          <params>
            <param index="0">
              <value>
                <![CDATA[uat1]]>
              </value>
            </param>
            <param index="1">
              <value>
                <![CDATA[quest]]>
              </value>
            </param>
          </params>
          <reporter-output>
          </reporter-output>
        </test-method> <!-- testRefundPaymentFromSalesDB -->
        <test-method status="FAIL" signature="testPayInvoiceUsingExistingCardFromSalesDB(java.lang.String, java.lang.String)[pri:0, instance:com.paymentgateway.uat.webcentral.testcases.RegressionSalesDB@13deb50e]" name="testPayInvoiceUsingExistingCardFromSalesDB" duration-ms="43424" started-at="2019-02-06T04:22:04Z" finished-at="2019-02-06T04:22:47Z">
          <params>
            <param index="0">
              <value>
                <![CDATA[uat1]]>
              </value>
            </param>
            <param index="1">
              <value>
                <![CDATA[quest]]>
              </value>
            </param>
          </params>
          <exception class="org.openqa.selenium.NoSuchElementException">
            <message>
              <![CDATA[no such element: Unable to locate element: {"method":"xpath","selector":"//*[contains(text(),'Visa: 4111xxxxxxxx1111')]"}
  (Session info: chrome=72.0.3626.81)
  (Driver info: chromedriver=2.45.615291 (ec3682e3c9061c10f26ea9e5cdcf3c53f3f74387),platform=Windows NT 10.0.14393 x86_64) (WARNING: The server did not provide any stacktrace information)
Command duration or timeout: 0 milliseconds
For documentation on this error, please visit: http://seleniumhq.org/exceptions/no_such_element.html
Build info: version: '3.10.0', revision: '176b4a9', time: '2018-03-02T19:03:16.397Z'
System info: host: 'MIT01524', ip: '10.40.0.240', os.name: 'Windows 10', os.arch: 'amd64', os.version: '10.0', java.version: '1.8.0_191'
Driver info: org.openqa.selenium.chrome.ChromeDriver
Capabilities {acceptInsecureCerts: false, acceptSslCerts: false, applicationCacheEnabled: false, browserConnectionEnabled: false, browserName: chrome, chrome: {chromedriverVersion: 2.45.615291 (ec3682e3c9061c..., userDataDir: C:\Users\ROY~1.ALC\AppData\...}, cssSelectorsEnabled: true, databaseEnabled: false, goog:chromeOptions: {debuggerAddress: localhost:52456}, handlesAlerts: true, hasTouchScreen: false, javascriptEnabled: true, locationContextEnabled: true, mobileEmulationEnabled: false, nativeEvents: true, networkConnectionEnabled: false, pageLoadStrategy: normal, platform: XP, platformName: XP, proxy: Proxy(), rotatable: false, setWindowRect: true, strictFileInteractability: false, takesHeapSnapshot: true, takesScreenshot: true, timeouts: {implicit: 0, pageLoad: 300000, script: 30000}, unexpectedAlertBehaviour: ignore, unhandledPromptBehavior: ignore, version: 72.0.3626.81, webStorageEnabled: true}
Session ID: ff4322ecebc409a2399643184af69e98
*** Element info: {Using=xpath, value=//*[contains(text(),'Visa: 4111xxxxxxxx1111')]}]]>
            </message>
            <full-stacktrace>
              <![CDATA[org.openqa.selenium.NoSuchElementException: no such element: Unable to locate element: {"method":"xpath","selector":"//*[contains(text(),'Visa: 4111xxxxxxxx1111')]"}
  (Session info: chrome=72.0.3626.81)
  (Driver info: chromedriver=2.45.615291 (ec3682e3c9061c10f26ea9e5cdcf3c53f3f74387),platform=Windows NT 10.0.14393 x86_64) (WARNING: The server did not provide any stacktrace information)
Command duration or timeout: 0 milliseconds
For documentation on this error, please visit: http://seleniumhq.org/exceptions/no_such_element.html
Build info: version: '3.10.0', revision: '176b4a9', time: '2018-03-02T19:03:16.397Z'
System info: host: 'MIT01524', ip: '10.40.0.240', os.name: 'Windows 10', os.arch: 'amd64', os.version: '10.0', java.version: '1.8.0_191'
Driver info: org.openqa.selenium.chrome.ChromeDriver
Capabilities {acceptInsecureCerts: false, acceptSslCerts: false, applicationCacheEnabled: false, browserConnectionEnabled: false, browserName: chrome, chrome: {chromedriverVersion: 2.45.615291 (ec3682e3c9061c..., userDataDir: C:\Users\ROY~1.ALC\AppData\...}, cssSelectorsEnabled: true, databaseEnabled: false, goog:chromeOptions: {debuggerAddress: localhost:52456}, handlesAlerts: true, hasTouchScreen: false, javascriptEnabled: true, locationContextEnabled: true, mobileEmulationEnabled: false, nativeEvents: true, networkConnectionEnabled: false, pageLoadStrategy: normal, platform: XP, platformName: XP, proxy: Proxy(), rotatable: false, setWindowRect: true, strictFileInteractability: false, takesHeapSnapshot: true, takesScreenshot: true, timeouts: {implicit: 0, pageLoad: 300000, script: 30000}, unexpectedAlertBehaviour: ignore, unhandledPromptBehavior: ignore, version: 72.0.3626.81, webStorageEnabled: true}
Session ID: ff4322ecebc409a2399643184af69e98
*** Element info: {Using=xpath, value=//*[contains(text(),'Visa: 4111xxxxxxxx1111')]}
at sun.reflect.NativeConstructorAccessorImpl.newInstance0(Native Method)
at sun.reflect.NativeConstructorAccessorImpl.newInstance(Unknown Source)
at sun.reflect.DelegatingConstructorAccessorImpl.newInstance(Unknown Source)
at java.lang.reflect.Constructor.newInstance(Unknown Source)
at org.openqa.selenium.remote.ErrorHandler.createThrowable(ErrorHandler.java:214)
at org.openqa.selenium.remote.ErrorHandler.throwIfResponseFailed(ErrorHandler.java:166)
at org.openqa.selenium.remote.http.JsonHttpResponseCodec.reconstructValue(JsonHttpResponseCodec.java:40)
at org.openqa.selenium.remote.http.AbstractHttpResponseCodec.decode(AbstractHttpResponseCodec.java:80)
at org.openqa.selenium.remote.http.AbstractHttpResponseCodec.decode(AbstractHttpResponseCodec.java:44)
at org.openqa.selenium.remote.HttpCommandExecutor.execute(HttpCommandExecutor.java:160)
at org.openqa.selenium.remote.service.DriverCommandExecutor.execute(DriverCommandExecutor.java:83)
at org.openqa.selenium.remote.RemoteWebDriver.execute(RemoteWebDriver.java:601)
at org.openqa.selenium.remote.RemoteWebDriver.findElement(RemoteWebDriver.java:371)
at org.openqa.selenium.remote.RemoteWebDriver.findElementByXPath(RemoteWebDriver.java:473)
at org.openqa.selenium.By$ByXPath.findElement(By.java:361)
at org.openqa.selenium.remote.RemoteWebDriver.findElement(RemoteWebDriver.java:363)
at sun.reflect.GeneratedMethodAccessor3.invoke(Unknown Source)
at sun.reflect.DelegatingMethodAccessorImpl.invoke(Unknown Source)
at java.lang.reflect.Method.invoke(Unknown Source)
at org.openqa.selenium.support.events.EventFiringWebDriver.lambda$new$1(EventFiringWebDriver.java:103)
at com.sun.proxy.$Proxy10.findElement(Unknown Source)
at org.openqa.selenium.support.events.EventFiringWebDriver.findElement(EventFiringWebDriver.java:186)
at com.consolesalesdb.pages.CSProcessTransactionPage.setProcessTransactionDetails(CSProcessTransactionPage.java:113)
at com.paymentgateway.uat.webcentral.testcases.RegressionSalesDB.testPayInvoiceUsingExistingCardFromSalesDB(RegressionSalesDB.java:341)
at sun.reflect.NativeMethodAccessorImpl.invoke0(Native Method)
at sun.reflect.NativeMethodAccessorImpl.invoke(Unknown Source)
at sun.reflect.DelegatingMethodAccessorImpl.invoke(Unknown Source)
at java.lang.reflect.Method.invoke(Unknown Source)
at org.testng.internal.MethodInvocationHelper.invokeMethod(MethodInvocationHelper.java:124)
at org.testng.internal.Invoker.invokeMethod(Invoker.java:583)
at org.testng.internal.Invoker.invokeTestMethod(Invoker.java:719)
at org.testng.internal.Invoker.invokeTestMethods(Invoker.java:989)
at org.testng.internal.TestMethodWorker.invokeTestMethods(TestMethodWorker.java:125)
at org.testng.internal.TestMethodWorker.run(TestMethodWorker.java:109)
at org.testng.TestRunner.privateRun(TestRunner.java:648)
at org.testng.TestRunner.run(TestRunner.java:505)
at org.testng.SuiteRunner.runTest(SuiteRunner.java:455)
at org.testng.SuiteRunner.access$000(SuiteRunner.java:40)
at org.testng.SuiteRunner$SuiteWorker.run(SuiteRunner.java:489)
at org.testng.internal.thread.ThreadUtil$1.call(ThreadUtil.java:52)
at java.util.concurrent.FutureTask.run(Unknown Source)
at java.util.concurrent.ThreadPoolExecutor.runWorker(Unknown Source)
at java.util.concurrent.ThreadPoolExecutor$Worker.run(Unknown Source)
at java.lang.Thread.run(Unknown Source)
]]>
            </full-stacktrace>
          </exception> <!-- org.openqa.selenium.NoSuchElementException -->
          <reporter-output>
          </reporter-output>
        </test-method> <!-- testPayInvoiceUsingExistingCardFromSalesDB -->
      </class> <!-- com.paymentgateway.uat.webcentral.testcases.RegressionSalesDB -->
      <class name="com.paymentgateway.uat.domainz.testcases.RegressionSalesDB">
        <test-method status="PASS" signature="testCreateDomainAndMajorProductOrderInSalesDB(java.lang.String, java.lang.String)[pri:0, instance:com.paymentgateway.uat.domainz.testcases.RegressionSalesDB@146ba0ac]" name="testCreateDomainAndMajorProductOrderInSalesDB" duration-ms="82417" started-at="2019-02-06T03:52:18Z" finished-at="2019-02-06T03:53:41Z">
          <params>
            <param index="0">
              <value>
                <![CDATA[uat1]]>
              </value>
            </param>
            <param index="1">
              <value>
                <![CDATA[quest]]>
              </value>
            </param>
          </params>
          <reporter-output>
          </reporter-output>
        </test-method> <!-- testCreateDomainAndMajorProductOrderInSalesDB -->
        <test-method status="PASS" signature="testDomainRegistration2WorkflowInConsoleAdmin(java.lang.String, java.lang.String, java.lang.String)[pri:0, instance:com.paymentgateway.uat.domainz.testcases.RegressionSalesDB@146ba0ac]" name="testDomainRegistration2WorkflowInConsoleAdmin" duration-ms="81156" started-at="2019-02-06T03:53:41Z" finished-at="2019-02-06T03:55:02Z">
          <params>
            <param index="0">
              <value>
                <![CDATA[uat1]]>
              </value>
            </param>
            <param index="1">
              <value>
                <![CDATA[quest]]>
              </value>
            </param>
            <param index="2">
              <value>
                <![CDATA[disabled]]>
              </value>
            </param>
          </params>
          <reporter-output>
          </reporter-output>
        </test-method> <!-- testDomainRegistration2WorkflowInConsoleAdmin -->
        <test-method status="PASS" signature="testProductSetup2WorkflowInConsoleAdmin(java.lang.String, java.lang.String)[pri:0, instance:com.paymentgateway.uat.domainz.testcases.RegressionSalesDB@146ba0ac]" name="testProductSetup2WorkflowInConsoleAdmin" duration-ms="94158" started-at="2019-02-06T03:55:02Z" finished-at="2019-02-06T03:56:36Z">
          <params>
            <param index="0">
              <value>
                <![CDATA[uat1]]>
              </value>
            </param>
            <param index="1">
              <value>
                <![CDATA[quest]]>
              </value>
            </param>
          </params>
          <reporter-output>
          </reporter-output>
        </test-method> <!-- testProductSetup2WorkflowInConsoleAdmin -->
        <test-method status="PASS" signature="testPaySingleInvoiceInConsoleAdmin(java.lang.String, java.lang.String)[pri:0, instance:com.paymentgateway.uat.domainz.testcases.RegressionSalesDB@146ba0ac]" name="testPaySingleInvoiceInConsoleAdmin" duration-ms="79261" started-at="2019-02-06T03:56:36Z" finished-at="2019-02-06T03:57:55Z">
          <params>
            <param index="0">
              <value>
                <![CDATA[uat1]]>
              </value>
            </param>
            <param index="1">
              <value>
                <![CDATA[quest]]>
              </value>
            </param>
          </params>
          <reporter-output>
          </reporter-output>
        </test-method> <!-- testPaySingleInvoiceInConsoleAdmin -->
        <test-method status="PASS" signature="testRefundPaymentFromSalesDB(java.lang.String, java.lang.String)[pri:0, instance:com.paymentgateway.uat.domainz.testcases.RegressionSalesDB@146ba0ac]" name="testRefundPaymentFromSalesDB" duration-ms="42667" started-at="2019-02-06T03:57:55Z" finished-at="2019-02-06T03:58:38Z">
          <params>
            <param index="0">
              <value>
                <![CDATA[uat1]]>
              </value>
            </param>
            <param index="1">
              <value>
                <![CDATA[quest]]>
              </value>
            </param>
          </params>
          <reporter-output>
          </reporter-output>
        </test-method> <!-- testRefundPaymentFromSalesDB -->
        <test-method status="PASS" signature="testPayInvoiceUsingExistingCardFromSalesDB(java.lang.String, java.lang.String)[pri:0, instance:com.paymentgateway.uat.domainz.testcases.RegressionSalesDB@146ba0ac]" name="testPayInvoiceUsingExistingCardFromSalesDB" duration-ms="37617" started-at="2019-02-06T03:58:38Z" finished-at="2019-02-06T03:59:15Z">
          <params>
            <param index="0">
              <value>
                <![CDATA[uat1]]>
              </value>
            </param>
            <param index="1">
              <value>
                <![CDATA[quest]]>
              </value>
            </param>
          </params>
          <reporter-output>
          </reporter-output>
        </test-method> <!-- testPayInvoiceUsingExistingCardFromSalesDB -->
      </class> <!-- com.paymentgateway.uat.domainz.testcases.RegressionSalesDB -->
      <class name="com.paymentgateway.uat.domainz.testcases.RegressionConsoleAdmin">
        <test-method status="PASS" signature="testViewBillingInConsoleAdmin(java.lang.String, java.lang.String)[pri:0, instance:com.paymentgateway.uat.domainz.testcases.RegressionConsoleAdmin@4dfa3a9d]" name="testViewBillingInConsoleAdmin" duration-ms="46820" started-at="2019-02-06T03:59:15Z" finished-at="2019-02-06T04:00:02Z">
          <params>
            <param index="0">
              <value>
                <![CDATA[uat1]]>
              </value>
            </param>
            <param index="1">
              <value>
                <![CDATA[quest]]>
              </value>
            </param>
          </params>
          <reporter-output>
          </reporter-output>
        </test-method> <!-- testViewBillingInConsoleAdmin -->
        <test-method status="PASS" signature="testUpdateExpiryInConsoleAdmin(java.lang.String, java.lang.String)[pri:0, instance:com.paymentgateway.uat.domainz.testcases.RegressionConsoleAdmin@4dfa3a9d]" name="testUpdateExpiryInConsoleAdmin" duration-ms="16429" started-at="2019-02-06T04:00:02Z" finished-at="2019-02-06T04:00:19Z">
          <params>
            <param index="0">
              <value>
                <![CDATA[uat1]]>
              </value>
            </param>
            <param index="1">
              <value>
                <![CDATA[quest]]>
              </value>
            </param>
          </params>
          <reporter-output>
          </reporter-output>
        </test-method> <!-- testUpdateExpiryInConsoleAdmin -->
      </class> <!-- com.paymentgateway.uat.domainz.testcases.RegressionConsoleAdmin -->
      <class name="com.paymentgateway.uat.tpp.testcases.RegressionSalesDB">
        <test-method status="PASS" signature="testCreateDomainAndMajorProductOrderInSalesDB(java.lang.String, java.lang.String)[pri:0, instance:com.paymentgateway.uat.tpp.testcases.RegressionSalesDB@f6c48ac]" name="testCreateDomainAndMajorProductOrderInSalesDB" duration-ms="81464" started-at="2019-02-06T04:11:40Z" finished-at="2019-02-06T04:13:01Z">
          <params>
            <param index="0">
              <value>
                <![CDATA[uat1]]>
              </value>
            </param>
            <param index="1">
              <value>
                <![CDATA[quest]]>
              </value>
            </param>
          </params>
          <reporter-output>
          </reporter-output>
        </test-method> <!-- testCreateDomainAndMajorProductOrderInSalesDB -->
        <test-method status="PASS" signature="testDomainRegistration2WorkflowInConsoleAdmin(java.lang.String, java.lang.String, java.lang.String)[pri:0, instance:com.paymentgateway.uat.tpp.testcases.RegressionSalesDB@f6c48ac]" name="testDomainRegistration2WorkflowInConsoleAdmin" duration-ms="86265" started-at="2019-02-06T04:13:01Z" finished-at="2019-02-06T04:14:27Z">
          <params>
            <param index="0">
              <value>
                <![CDATA[uat1]]>
              </value>
            </param>
            <param index="1">
              <value>
                <![CDATA[quest]]>
              </value>
            </param>
            <param index="2">
              <value>
                <![CDATA[disabled]]>
              </value>
            </param>
          </params>
          <reporter-output>
          </reporter-output>
        </test-method> <!-- testDomainRegistration2WorkflowInConsoleAdmin -->
        <test-method status="PASS" signature="testProductSetup2WorkflowInConsoleAdmin(java.lang.String, java.lang.String)[pri:0, instance:com.paymentgateway.uat.tpp.testcases.RegressionSalesDB@f6c48ac]" name="testProductSetup2WorkflowInConsoleAdmin" duration-ms="103962" started-at="2019-02-06T04:14:27Z" finished-at="2019-02-06T04:16:11Z">
          <params>
            <param index="0">
              <value>
                <![CDATA[uat1]]>
              </value>
            </param>
            <param index="1">
              <value>
                <![CDATA[quest]]>
              </value>
            </param>
          </params>
          <reporter-output>
          </reporter-output>
        </test-method> <!-- testProductSetup2WorkflowInConsoleAdmin -->
        <test-method status="PASS" signature="testPaySingleInvoiceInConsoleAdmin(java.lang.String, java.lang.String)[pri:0, instance:com.paymentgateway.uat.tpp.testcases.RegressionSalesDB@f6c48ac]" name="testPaySingleInvoiceInConsoleAdmin" duration-ms="82404" started-at="2019-02-06T04:16:11Z" finished-at="2019-02-06T04:17:34Z">
          <params>
            <param index="0">
              <value>
                <![CDATA[uat1]]>
              </value>
            </param>
            <param index="1">
              <value>
                <![CDATA[quest]]>
              </value>
            </param>
          </params>
          <reporter-output>
          </reporter-output>
        </test-method> <!-- testPaySingleInvoiceInConsoleAdmin -->
        <test-method status="PASS" signature="testRefundPaymentFromSalesDB(java.lang.String, java.lang.String)[pri:0, instance:com.paymentgateway.uat.tpp.testcases.RegressionSalesDB@f6c48ac]" name="testRefundPaymentFromSalesDB" duration-ms="42944" started-at="2019-02-06T04:17:34Z" finished-at="2019-02-06T04:18:17Z">
          <params>
            <param index="0">
              <value>
                <![CDATA[uat1]]>
              </value>
            </param>
            <param index="1">
              <value>
                <![CDATA[quest]]>
              </value>
            </param>
          </params>
          <reporter-output>
          </reporter-output>
        </test-method> <!-- testRefundPaymentFromSalesDB -->
        <test-method status="PASS" signature="testPayInvoiceUsingExistingCardFromSalesDB(java.lang.String, java.lang.String)[pri:0, instance:com.paymentgateway.uat.tpp.testcases.RegressionSalesDB@f6c48ac]" name="testPayInvoiceUsingExistingCardFromSalesDB" duration-ms="39183" started-at="2019-02-06T04:18:17Z" finished-at="2019-02-06T04:18:56Z">
          <params>
            <param index="0">
              <value>
                <![CDATA[uat1]]>
              </value>
            </param>
            <param index="1">
              <value>
                <![CDATA[quest]]>
              </value>
            </param>
          </params>
          <reporter-output>
          </reporter-output>
        </test-method> <!-- testPayInvoiceUsingExistingCardFromSalesDB -->
      </class> <!-- com.paymentgateway.uat.tpp.testcases.RegressionSalesDB -->
      <class name="com.paymentgateway.uat.netregistry.testcases.RegressionSalesDB">
        <test-method status="PASS" signature="testCreateDomainAndMajorProductOrderInSalesDB(java.lang.String, java.lang.String)[pri:0, instance:com.paymentgateway.uat.netregistry.testcases.RegressionSalesDB@6eebc39e]" name="testCreateDomainAndMajorProductOrderInSalesDB" duration-ms="81368" started-at="2019-02-06T04:00:19Z" finished-at="2019-02-06T04:01:40Z">
          <params>
            <param index="0">
              <value>
                <![CDATA[uat1]]>
              </value>
            </param>
            <param index="1">
              <value>
                <![CDATA[quest]]>
              </value>
            </param>
          </params>
          <reporter-output>
          </reporter-output>
        </test-method> <!-- testCreateDomainAndMajorProductOrderInSalesDB -->
        <test-method status="PASS" signature="testDomainRegistration2WorkflowInConsoleAdmin(java.lang.String, java.lang.String, java.lang.String)[pri:0, instance:com.paymentgateway.uat.netregistry.testcases.RegressionSalesDB@6eebc39e]" name="testDomainRegistration2WorkflowInConsoleAdmin" duration-ms="85879" started-at="2019-02-06T04:01:40Z" finished-at="2019-02-06T04:03:06Z">
          <params>
            <param index="0">
              <value>
                <![CDATA[uat1]]>
              </value>
            </param>
            <param index="1">
              <value>
                <![CDATA[quest]]>
              </value>
            </param>
            <param index="2">
              <value>
                <![CDATA[disabled]]>
              </value>
            </param>
          </params>
          <reporter-output>
          </reporter-output>
        </test-method> <!-- testDomainRegistration2WorkflowInConsoleAdmin -->
        <test-method status="PASS" signature="testProductSetup2WorkflowInConsoleAdmin(java.lang.String, java.lang.String, java.lang.String)[pri:0, instance:com.paymentgateway.uat.netregistry.testcases.RegressionSalesDB@6eebc39e]" name="testProductSetup2WorkflowInConsoleAdmin" duration-ms="94622" started-at="2019-02-06T04:03:06Z" finished-at="2019-02-06T04:04:41Z">
          <params>
            <param index="0">
              <value>
                <![CDATA[uat1]]>
              </value>
            </param>
            <param index="1">
              <value>
                <![CDATA[quest]]>
              </value>
            </param>
            <param index="2">
              <value>
                <![CDATA[disabled]]>
              </value>
            </param>
          </params>
          <reporter-output>
          </reporter-output>
        </test-method> <!-- testProductSetup2WorkflowInConsoleAdmin -->
        <test-method status="PASS" signature="testPaySingleInvoiceInConsoleAdmin(java.lang.String, java.lang.String)[pri:0, instance:com.paymentgateway.uat.netregistry.testcases.RegressionSalesDB@6eebc39e]" name="testPaySingleInvoiceInConsoleAdmin" duration-ms="80680" started-at="2019-02-06T04:04:41Z" finished-at="2019-02-06T04:06:01Z">
          <params>
            <param index="0">
              <value>
                <![CDATA[uat1]]>
              </value>
            </param>
            <param index="1">
              <value>
                <![CDATA[quest]]>
              </value>
            </param>
          </params>
          <reporter-output>
          </reporter-output>
        </test-method> <!-- testPaySingleInvoiceInConsoleAdmin -->
        <test-method status="PASS" signature="testRefundPaymentFromSalesDB(java.lang.String, java.lang.String)[pri:0, instance:com.paymentgateway.uat.netregistry.testcases.RegressionSalesDB@6eebc39e]" name="testRefundPaymentFromSalesDB" duration-ms="42073" started-at="2019-02-06T04:06:01Z" finished-at="2019-02-06T04:06:43Z">
          <params>
            <param index="0">
              <value>
                <![CDATA[uat1]]>
              </value>
            </param>
            <param index="1">
              <value>
                <![CDATA[quest]]>
              </value>
            </param>
          </params>
          <reporter-output>
          </reporter-output>
        </test-method> <!-- testRefundPaymentFromSalesDB -->
        <test-method status="PASS" signature="testPayInvoiceUsingExistingCardFromSalesDB(java.lang.String, java.lang.String)[pri:0, instance:com.paymentgateway.uat.netregistry.testcases.RegressionSalesDB@6eebc39e]" name="testPayInvoiceUsingExistingCardFromSalesDB" duration-ms="37493" started-at="2019-02-06T04:06:43Z" finished-at="2019-02-06T04:07:21Z">
          <params>
            <param index="0">
              <value>
                <![CDATA[uat1]]>
              </value>
            </param>
            <param index="1">
              <value>
                <![CDATA[quest]]>
              </value>
            </param>
          </params>
          <reporter-output>
          </reporter-output>
        </test-method> <!-- testPayInvoiceUsingExistingCardFromSalesDB -->
      </class> <!-- com.paymentgateway.uat.netregistry.testcases.RegressionSalesDB -->
      <class name="com.paymentgateway.uat.dps.testcases.RegressionSalesDB">
        <test-method status="PASS" signature="testCreateDomainAndMajorProductOrderInSalesDB(java.lang.String, java.lang.String)[pri:0, instance:com.paymentgateway.uat.dps.testcases.RegressionSalesDB@239963d8]" name="testCreateDomainAndMajorProductOrderInSalesDB" duration-ms="86253" started-at="2019-02-06T04:22:47Z" finished-at="2019-02-06T04:24:13Z">
          <params>
            <param index="0">
              <value>
                <![CDATA[uat1]]>
              </value>
            </param>
            <param index="1">
              <value>
                <![CDATA[quest]]>
              </value>
            </param>
          </params>
          <reporter-output>
          </reporter-output>
        </test-method> <!-- testCreateDomainAndMajorProductOrderInSalesDB -->
        <test-method status="FAIL" signature="testDomainRegistration2WorkflowInConsoleAdmin(java.lang.String, java.lang.String, java.lang.String)[pri:0, instance:com.paymentgateway.uat.dps.testcases.RegressionSalesDB@239963d8]" name="testDomainRegistration2WorkflowInConsoleAdmin" duration-ms="44509" started-at="2019-02-06T04:24:14Z" finished-at="2019-02-06T04:24:58Z">
          <params>
            <param index="0">
              <value>
                <![CDATA[uat1]]>
              </value>
            </param>
            <param index="1">
              <value>
                <![CDATA[quest]]>
              </value>
            </param>
            <param index="2">
              <value>
                <![CDATA[disabled]]>
              </value>
            </param>
          </params>
          <exception class="org.openqa.selenium.NoSuchElementException">
            <message>
              <![CDATA[no such element: Unable to locate element: {"method":"xpath","selector":"//tbody/tr[3]/td[contains(text(),'check asic')]/parent::tr/td[3]/a[text()='Execute']"}
  (Session info: chrome=72.0.3626.81)
  (Driver info: chromedriver=2.45.615291 (ec3682e3c9061c10f26ea9e5cdcf3c53f3f74387),platform=Windows NT 10.0.14393 x86_64) (WARNING: The server did not provide any stacktrace information)
Command duration or timeout: 0 milliseconds
For documentation on this error, please visit: http://seleniumhq.org/exceptions/no_such_element.html
Build info: version: '3.10.0', revision: '176b4a9', time: '2018-03-02T19:03:16.397Z'
System info: host: 'MIT01524', ip: '10.40.0.240', os.name: 'Windows 10', os.arch: 'amd64', os.version: '10.0', java.version: '1.8.0_191'
Driver info: org.openqa.selenium.chrome.ChromeDriver
Capabilities {acceptInsecureCerts: false, acceptSslCerts: false, applicationCacheEnabled: false, browserConnectionEnabled: false, browserName: chrome, chrome: {chromedriverVersion: 2.45.615291 (ec3682e3c9061c..., userDataDir: C:\Users\ROY~1.ALC\AppData\...}, cssSelectorsEnabled: true, databaseEnabled: false, goog:chromeOptions: {debuggerAddress: localhost:52557}, handlesAlerts: true, hasTouchScreen: false, javascriptEnabled: true, locationContextEnabled: true, mobileEmulationEnabled: false, nativeEvents: true, networkConnectionEnabled: false, pageLoadStrategy: normal, platform: XP, platformName: XP, proxy: Proxy(), rotatable: false, setWindowRect: true, strictFileInteractability: false, takesHeapSnapshot: true, takesScreenshot: true, timeouts: {implicit: 0, pageLoad: 300000, script: 30000}, unexpectedAlertBehaviour: ignore, unhandledPromptBehavior: ignore, version: 72.0.3626.81, webStorageEnabled: true}
Session ID: 8101488bf8e7f746b75258d91058b9fe
*** Element info: {Using=xpath, value=//tbody/tr[3]/td[contains(text(),'check asic')]/parent::tr/td[3]/a[text()='Execute']}]]>
            </message>
            <full-stacktrace>
              <![CDATA[org.openqa.selenium.NoSuchElementException: no such element: Unable to locate element: {"method":"xpath","selector":"//tbody/tr[3]/td[contains(text(),'check asic')]/parent::tr/td[3]/a[text()='Execute']"}
  (Session info: chrome=72.0.3626.81)
  (Driver info: chromedriver=2.45.615291 (ec3682e3c9061c10f26ea9e5cdcf3c53f3f74387),platform=Windows NT 10.0.14393 x86_64) (WARNING: The server did not provide any stacktrace information)
Command duration or timeout: 0 milliseconds
For documentation on this error, please visit: http://seleniumhq.org/exceptions/no_such_element.html
Build info: version: '3.10.0', revision: '176b4a9', time: '2018-03-02T19:03:16.397Z'
System info: host: 'MIT01524', ip: '10.40.0.240', os.name: 'Windows 10', os.arch: 'amd64', os.version: '10.0', java.version: '1.8.0_191'
Driver info: org.openqa.selenium.chrome.ChromeDriver
Capabilities {acceptInsecureCerts: false, acceptSslCerts: false, applicationCacheEnabled: false, browserConnectionEnabled: false, browserName: chrome, chrome: {chromedriverVersion: 2.45.615291 (ec3682e3c9061c..., userDataDir: C:\Users\ROY~1.ALC\AppData\...}, cssSelectorsEnabled: true, databaseEnabled: false, goog:chromeOptions: {debuggerAddress: localhost:52557}, handlesAlerts: true, hasTouchScreen: false, javascriptEnabled: true, locationContextEnabled: true, mobileEmulationEnabled: false, nativeEvents: true, networkConnectionEnabled: false, pageLoadStrategy: normal, platform: XP, platformName: XP, proxy: Proxy(), rotatable: false, setWindowRect: true, strictFileInteractability: false, takesHeapSnapshot: true, takesScreenshot: true, timeouts: {implicit: 0, pageLoad: 300000, script: 30000}, unexpectedAlertBehaviour: ignore, unhandledPromptBehavior: ignore, version: 72.0.3626.81, webStorageEnabled: true}
Session ID: 8101488bf8e7f746b75258d91058b9fe
*** Element info: {Using=xpath, value=//tbody/tr[3]/td[contains(text(),'check asic')]/parent::tr/td[3]/a[text()='Execute']}
at sun.reflect.NativeConstructorAccessorImpl.newInstance0(Native Method)
at sun.reflect.NativeConstructorAccessorImpl.newInstance(Unknown Source)
at sun.reflect.DelegatingConstructorAccessorImpl.newInstance(Unknown Source)
at java.lang.reflect.Constructor.newInstance(Unknown Source)
at org.openqa.selenium.remote.ErrorHandler.createThrowable(ErrorHandler.java:214)
at org.openqa.selenium.remote.ErrorHandler.throwIfResponseFailed(ErrorHandler.java:166)
at org.openqa.selenium.remote.http.JsonHttpResponseCodec.reconstructValue(JsonHttpResponseCodec.java:40)
at org.openqa.selenium.remote.http.AbstractHttpResponseCodec.decode(AbstractHttpResponseCodec.java:80)
at org.openqa.selenium.remote.http.AbstractHttpResponseCodec.decode(AbstractHttpResponseCodec.java:44)
at org.openqa.selenium.remote.HttpCommandExecutor.execute(HttpCommandExecutor.java:160)
at org.openqa.selenium.remote.service.DriverCommandExecutor.execute(DriverCommandExecutor.java:83)
at org.openqa.selenium.remote.RemoteWebDriver.execute(RemoteWebDriver.java:601)
at org.openqa.selenium.remote.RemoteWebDriver.findElement(RemoteWebDriver.java:371)
at org.openqa.selenium.remote.RemoteWebDriver.findElementByXPath(RemoteWebDriver.java:473)
at org.openqa.selenium.By$ByXPath.findElement(By.java:361)
at org.openqa.selenium.remote.RemoteWebDriver.findElement(RemoteWebDriver.java:363)
at sun.reflect.GeneratedMethodAccessor3.invoke(Unknown Source)
at sun.reflect.DelegatingMethodAccessorImpl.invoke(Unknown Source)
at java.lang.reflect.Method.invoke(Unknown Source)
at org.openqa.selenium.support.events.EventFiringWebDriver.lambda$new$1(EventFiringWebDriver.java:103)
at com.sun.proxy.$Proxy10.findElement(Unknown Source)
at org.openqa.selenium.support.events.EventFiringWebDriver.findElement(EventFiringWebDriver.java:186)
at com.consoleadmin.pages.CAWorkflowAdminPage.processCheckASIC(CAWorkflowAdminPage.java:71)
at com.consoleadmin.pages.CAWorkflowAdminPage.processDomainRegistration2Workflow(CAWorkflowAdminPage.java:50)
at com.paymentgateway.uat.dps.testcases.RegressionSalesDB.testDomainRegistration2WorkflowInConsoleAdmin(RegressionSalesDB.java:175)
at sun.reflect.NativeMethodAccessorImpl.invoke0(Native Method)
at sun.reflect.NativeMethodAccessorImpl.invoke(Unknown Source)
at sun.reflect.DelegatingMethodAccessorImpl.invoke(Unknown Source)
at java.lang.reflect.Method.invoke(Unknown Source)
at org.testng.internal.MethodInvocationHelper.invokeMethod(MethodInvocationHelper.java:124)
at org.testng.internal.Invoker.invokeMethod(Invoker.java:583)
at org.testng.internal.Invoker.invokeTestMethod(Invoker.java:719)
at org.testng.internal.Invoker.invokeTestMethods(Invoker.java:989)
at org.testng.internal.TestMethodWorker.invokeTestMethods(TestMethodWorker.java:125)
at org.testng.internal.TestMethodWorker.run(TestMethodWorker.java:109)
at org.testng.TestRunner.privateRun(TestRunner.java:648)
at org.testng.TestRunner.run(TestRunner.java:505)
at org.testng.SuiteRunner.runTest(SuiteRunner.java:455)
at org.testng.SuiteRunner.access$000(SuiteRunner.java:40)
at org.testng.SuiteRunner$SuiteWorker.run(SuiteRunner.java:489)
at org.testng.internal.thread.ThreadUtil$1.call(ThreadUtil.java:52)
at java.util.concurrent.FutureTask.run(Unknown Source)
at java.util.concurrent.ThreadPoolExecutor.runWorker(Unknown Source)
at java.util.concurrent.ThreadPoolExecutor$Worker.run(Unknown Source)
at java.lang.Thread.run(Unknown Source)
]]>
            </full-stacktrace>
          </exception> <!-- org.openqa.selenium.NoSuchElementException -->
          <reporter-output>
          </reporter-output>
        </test-method> <!-- testDomainRegistration2WorkflowInConsoleAdmin -->
        <test-method status="PASS" signature="testProductSetup2WorkflowInConsoleAdmin(java.lang.String, java.lang.String)[pri:0, instance:com.paymentgateway.uat.dps.testcases.RegressionSalesDB@239963d8]" name="testProductSetup2WorkflowInConsoleAdmin" duration-ms="94050" started-at="2019-02-06T04:24:58Z" finished-at="2019-02-06T04:26:32Z">
          <params>
            <param index="0">
              <value>
                <![CDATA[uat1]]>
              </value>
            </param>
            <param index="1">
              <value>
                <![CDATA[quest]]>
              </value>
            </param>
          </params>
          <reporter-output>
          </reporter-output>
        </test-method> <!-- testProductSetup2WorkflowInConsoleAdmin -->
        <test-method status="PASS" signature="testPaySingleInvoiceInConsoleAdmin(java.lang.String, java.lang.String)[pri:0, instance:com.paymentgateway.uat.dps.testcases.RegressionSalesDB@239963d8]" name="testPaySingleInvoiceInConsoleAdmin" duration-ms="81359" started-at="2019-02-06T04:26:32Z" finished-at="2019-02-06T04:27:53Z">
          <params>
            <param index="0">
              <value>
                <![CDATA[uat1]]>
              </value>
            </param>
            <param index="1">
              <value>
                <![CDATA[quest]]>
              </value>
            </param>
          </params>
          <reporter-output>
          </reporter-output>
        </test-method> <!-- testPaySingleInvoiceInConsoleAdmin -->
        <test-method status="PASS" signature="testRefundPaymentFromSalesDB(java.lang.String, java.lang.String)[pri:0, instance:com.paymentgateway.uat.dps.testcases.RegressionSalesDB@239963d8]" name="testRefundPaymentFromSalesDB" duration-ms="43714" started-at="2019-02-06T04:27:53Z" finished-at="2019-02-06T04:28:37Z">
          <params>
            <param index="0">
              <value>
                <![CDATA[uat1]]>
              </value>
            </param>
            <param index="1">
              <value>
                <![CDATA[quest]]>
              </value>
            </param>
          </params>
          <reporter-output>
          </reporter-output>
        </test-method> <!-- testRefundPaymentFromSalesDB -->
        <test-method status="PASS" signature="testPayInvoiceUsingExistingCardFromSalesDB(java.lang.String, java.lang.String)[pri:0, instance:com.paymentgateway.uat.dps.testcases.RegressionSalesDB@239963d8]" name="testPayInvoiceUsingExistingCardFromSalesDB" duration-ms="38715" started-at="2019-02-06T04:28:37Z" finished-at="2019-02-06T04:29:16Z">
          <params>
            <param index="0">
              <value>
                <![CDATA[uat1]]>
              </value>
            </param>
            <param index="1">
              <value>
                <![CDATA[quest]]>
              </value>
            </param>
          </params>
          <reporter-output>
          </reporter-output>
        </test-method> <!-- testPayInvoiceUsingExistingCardFromSalesDB -->
      </class> <!-- com.paymentgateway.uat.dps.testcases.RegressionSalesDB -->
    </test> <!-- Regression Test Cases -->
  </suite> <!-- Payment Gateway UAT Quest Regression Test Suite -->
</testng-results>
