<?xml version="1.0" encoding="UTF-8"?>
<testng-results skipped="0" failed="0" ignored="0" total="3" passed="3">
  <reporter-output>
  </reporter-output>
  <suite name="New Cart Release Regression Test Suite" duration-ms="287986" started-at="2019-07-18T02:53:24Z" finished-at="2019-07-18T02:58:12Z">
    <groups>
    </groups>
    <test name="New Cart Release Regression Test Cases" duration-ms="287986" started-at="2019-07-18T02:53:24Z" finished-at="2019-07-18T02:58:12Z">
      <class name="com.newcartregression.testcases.TestNewCustomerScenarioUsingNewCard">
        <test-method status="PASS" signature="testNewCustomerScenarioUsingNewCard(java.lang.String, java.lang.Integer)[pri:0, instance:com.newcartregression.testcases.TestNewCustomerScenarioUsingNewCard@343f4d3d]" name="testNewCustomerScenarioUsingNewCard" duration-ms="74345" started-at="2019-07-18T02:53:24Z" finished-at="2019-07-18T02:54:38Z">
          <params>
            <param index="0">
              <value>
                <![CDATA[uat1]]>
              </value>
            </param>
            <param index="1">
              <value>
                <![CDATA[1]]>
              </value>
            </param>
          </params>
          <reporter-output>
          </reporter-output>
        </test-method> <!-- testNewCustomerScenarioUsingNewCard -->
      </class> <!-- com.newcartregression.testcases.TestNewCustomerScenarioUsingNewCard -->
      <class name="com.newcartregression.testcases.TestExistingCustomerScenarioUsingNewCard">
        <test-method status="PASS" signature="testExistingCustomerScenarioUsingNewCard(java.lang.String, java.lang.Integer)[pri:0, instance:com.newcartregression.testcases.TestExistingCustomerScenarioUsingNewCard@53b32d7]" name="testExistingCustomerScenarioUsingNewCard" duration-ms="100997" started-at="2019-07-18T02:54:38Z" finished-at="2019-07-18T02:56:19Z">
          <params>
            <param index="0">
              <value>
                <![CDATA[uat1]]>
              </value>
            </param>
            <param index="1">
              <value>
                <![CDATA[1]]>
              </value>
            </param>
          </params>
          <reporter-output>
          </reporter-output>
        </test-method> <!-- testExistingCustomerScenarioUsingNewCard -->
      </class> <!-- com.newcartregression.testcases.TestExistingCustomerScenarioUsingNewCard -->
      <class name="com.newcartregression.testcases.TestExistingCustomerScenarioUsingExistingCard">
        <test-method status="PASS" signature="testExistingCustomerScenarioUsingExistingCard(java.lang.String, java.lang.Integer)[pri:0, instance:com.newcartregression.testcases.TestExistingCustomerScenarioUsingExistingCard@5442a311]" name="testExistingCustomerScenarioUsingExistingCard" duration-ms="112589" started-at="2019-07-18T02:56:19Z" finished-at="2019-07-18T02:58:12Z">
          <params>
            <param index="0">
              <value>
                <![CDATA[uat1]]>
              </value>
            </param>
            <param index="1">
              <value>
                <![CDATA[1]]>
              </value>
            </param>
          </params>
          <reporter-output>
          </reporter-output>
        </test-method> <!-- testExistingCustomerScenarioUsingExistingCard -->
      </class> <!-- com.newcartregression.testcases.TestExistingCustomerScenarioUsingExistingCard -->
    </test> <!-- New Cart Release Regression Test Cases -->
  </suite> <!-- New Cart Release Regression Test Suite -->
</testng-results>
