<?xml version="1.0" encoding="UTF-8"?>
<testng-results skipped="0" failed="0" ignored="3" total="4" passed="1">
  <reporter-output>
  </reporter-output>
  <suite name="Console Regression Test Automation - UAT Test Suite" duration-ms="156681" started-at="2019-03-03T22:50:42Z" finished-at="2019-03-03T22:53:19Z">
    <groups>
    </groups>
    <test name="Regression Test Cases" duration-ms="156681" started-at="2019-03-03T22:50:42Z" finished-at="2019-03-03T22:53:19Z">
      <class name="com.consoleregression.testcases.SalesDBJourneyTest">
        <test-method status="PASS" signature="verify_NzDomain_Order_InSalesDB(java.lang.String)[pri:4, instance:com.consoleregression.testcases.SalesDBJourneyTest@42e26948]" name="verify_NzDomain_Order_InSalesDB" duration-ms="156656" started-at="2019-03-03T22:50:42Z" finished-at="2019-03-03T22:53:19Z">
          <params>
            <param index="0">
              <value>
                <![CDATA[uat1]]>
              </value>
            </param>
          </params>
          <reporter-output>
          </reporter-output>
        </test-method> <!-- verify_NzDomain_Order_InSalesDB -->
      </class> <!-- com.consoleregression.testcases.SalesDBJourneyTest -->
    </test> <!-- Regression Test Cases -->
  </suite> <!-- Console Regression Test Automation - UAT Test Suite -->
</testng-results>
