<?xml version="1.0" encoding="UTF-8"?>
<testng-results skipped="0" failed="0" ignored="0" total="13" passed="13">
  <reporter-output>
  </reporter-output>
  <suite name="Payment Gateway UAT Braintree Regression Test Suite" duration-ms="1373894" started-at="2019-08-19T00:48:06Z" finished-at="2019-08-19T01:10:59Z">
    <groups>
    </groups>
    <test name="Payment Gateway UAT Braintree Regression Test Cases" duration-ms="1373894" started-at="2019-08-19T00:48:06Z" finished-at="2019-08-19T01:10:59Z">
      <class name="com.paymentgateway.uat.domainz.testcases.RegressionSMUI">
        <test-method status="PASS" signature="testAddNewCreditCardInSMUI(java.lang.String, java.lang.String)[pri:0, instance:com.paymentgateway.uat.domainz.testcases.RegressionSMUI@4cf777e8]" name="testAddNewCreditCardInSMUI" duration-ms="57896" started-at="2019-08-19T01:05:24Z" finished-at="2019-08-19T01:06:22Z">
          <params>
            <param index="0">
              <value>
                <![CDATA[uat1]]>
              </value>
            </param>
            <param index="1">
              <value>
                <![CDATA[braintree]]>
              </value>
            </param>
          </params>
          <reporter-output>
          </reporter-output>
        </test-method> <!-- testAddNewCreditCardInSMUI -->
        <test-method status="PASS" signature="testModifyExistingCreditCardInSMUI(java.lang.String, java.lang.String)[pri:0, instance:com.paymentgateway.uat.domainz.testcases.RegressionSMUI@4cf777e8]" name="testModifyExistingCreditCardInSMUI" duration-ms="50661" started-at="2019-08-19T01:06:22Z" finished-at="2019-08-19T01:07:13Z">
          <params>
            <param index="0">
              <value>
                <![CDATA[uat1]]>
              </value>
            </param>
            <param index="1">
              <value>
                <![CDATA[braintree]]>
              </value>
            </param>
          </params>
          <reporter-output>
          </reporter-output>
        </test-method> <!-- testModifyExistingCreditCardInSMUI -->
        <test-method status="PASS" signature="testMakeCreditCardDefaultInSMUI(java.lang.String, java.lang.String)[pri:0, instance:com.paymentgateway.uat.domainz.testcases.RegressionSMUI@4cf777e8]" name="testMakeCreditCardDefaultInSMUI" duration-ms="90627" started-at="2019-08-19T01:07:13Z" finished-at="2019-08-19T01:08:43Z">
          <params>
            <param index="0">
              <value>
                <![CDATA[uat1]]>
              </value>
            </param>
            <param index="1">
              <value>
                <![CDATA[braintree]]>
              </value>
            </param>
          </params>
          <reporter-output>
          </reporter-output>
        </test-method> <!-- testMakeCreditCardDefaultInSMUI -->
        <test-method status="PASS" signature="testRechargePrepaidUsingExistingCardInSMUI(java.lang.String, java.lang.String)[pri:0, instance:com.paymentgateway.uat.domainz.testcases.RegressionSMUI@4cf777e8]" name="testRechargePrepaidUsingExistingCardInSMUI" duration-ms="73074" started-at="2019-08-19T01:08:43Z" finished-at="2019-08-19T01:09:56Z">
          <params>
            <param index="0">
              <value>
                <![CDATA[uat1]]>
              </value>
            </param>
            <param index="1">
              <value>
                <![CDATA[braintree]]>
              </value>
            </param>
          </params>
          <reporter-output>
          </reporter-output>
        </test-method> <!-- testRechargePrepaidUsingExistingCardInSMUI -->
        <test-method status="PASS" signature="testRechargePrepaidUsingNewCardInSMUI(java.lang.String, java.lang.String)[pri:0, instance:com.paymentgateway.uat.domainz.testcases.RegressionSMUI@4cf777e8]" name="testRechargePrepaidUsingNewCardInSMUI" duration-ms="63142" started-at="2019-08-19T01:09:56Z" finished-at="2019-08-19T01:10:59Z">
          <params>
            <param index="0">
              <value>
                <![CDATA[uat1]]>
              </value>
            </param>
            <param index="1">
              <value>
                <![CDATA[braintree]]>
              </value>
            </param>
          </params>
          <reporter-output>
          </reporter-output>
        </test-method> <!-- testRechargePrepaidUsingNewCardInSMUI -->
      </class> <!-- com.paymentgateway.uat.domainz.testcases.RegressionSMUI -->
      <class name="com.paymentgateway.uat.domainz.testcases.RegressionSalesDB">
        <test-method status="PASS" signature="testCreateDomainAndMajorProductOrderInSalesDB(java.lang.String, java.lang.String)[pri:0, instance:com.paymentgateway.uat.domainz.testcases.RegressionSalesDB@402a079c]" name="testCreateDomainAndMajorProductOrderInSalesDB" duration-ms="113517" started-at="2019-08-19T00:48:06Z" finished-at="2019-08-19T00:49:59Z">
          <params>
            <param index="0">
              <value>
                <![CDATA[uat1]]>
              </value>
            </param>
            <param index="1">
              <value>
                <![CDATA[braintree]]>
              </value>
            </param>
          </params>
          <reporter-output>
          </reporter-output>
        </test-method> <!-- testCreateDomainAndMajorProductOrderInSalesDB -->
        <test-method status="PASS" signature="testDomainRegistration2WorkflowInConsoleAdmin(java.lang.String, java.lang.String, java.lang.String)[pri:0, instance:com.paymentgateway.uat.domainz.testcases.RegressionSalesDB@402a079c]" name="testDomainRegistration2WorkflowInConsoleAdmin" duration-ms="224729" started-at="2019-08-19T00:49:59Z" finished-at="2019-08-19T00:53:44Z">
          <params>
            <param index="0">
              <value>
                <![CDATA[uat1]]>
              </value>
            </param>
            <param index="1">
              <value>
                <![CDATA[braintree]]>
              </value>
            </param>
            <param index="2">
              <value>
                <![CDATA[disabled]]>
              </value>
            </param>
          </params>
          <reporter-output>
          </reporter-output>
        </test-method> <!-- testDomainRegistration2WorkflowInConsoleAdmin -->
        <test-method status="PASS" signature="testProductSetup2WorkflowInConsoleAdmin(java.lang.String, java.lang.String)[pri:0, instance:com.paymentgateway.uat.domainz.testcases.RegressionSalesDB@402a079c]" name="testProductSetup2WorkflowInConsoleAdmin" duration-ms="221209" started-at="2019-08-19T00:53:44Z" finished-at="2019-08-19T00:57:25Z">
          <params>
            <param index="0">
              <value>
                <![CDATA[uat1]]>
              </value>
            </param>
            <param index="1">
              <value>
                <![CDATA[braintree]]>
              </value>
            </param>
          </params>
          <reporter-output>
          </reporter-output>
        </test-method> <!-- testProductSetup2WorkflowInConsoleAdmin -->
        <test-method status="PASS" signature="testPaySingleInvoiceInConsoleAdmin(java.lang.String, java.lang.String)[pri:0, instance:com.paymentgateway.uat.domainz.testcases.RegressionSalesDB@402a079c]" name="testPaySingleInvoiceInConsoleAdmin" duration-ms="212048" started-at="2019-08-19T00:57:25Z" finished-at="2019-08-19T01:00:57Z">
          <params>
            <param index="0">
              <value>
                <![CDATA[uat1]]>
              </value>
            </param>
            <param index="1">
              <value>
                <![CDATA[braintree]]>
              </value>
            </param>
          </params>
          <reporter-output>
          </reporter-output>
        </test-method> <!-- testPaySingleInvoiceInConsoleAdmin -->
        <test-method status="PASS" signature="testRefundPaymentFromSalesDB(java.lang.String, java.lang.String)[pri:0, instance:com.paymentgateway.uat.domainz.testcases.RegressionSalesDB@402a079c]" name="testRefundPaymentFromSalesDB" duration-ms="49750" started-at="2019-08-19T01:00:57Z" finished-at="2019-08-19T01:01:47Z">
          <params>
            <param index="0">
              <value>
                <![CDATA[uat1]]>
              </value>
            </param>
            <param index="1">
              <value>
                <![CDATA[braintree]]>
              </value>
            </param>
          </params>
          <reporter-output>
          </reporter-output>
        </test-method> <!-- testRefundPaymentFromSalesDB -->
        <test-method status="PASS" signature="testPayInvoiceUsingExistingCardFromSalesDB(java.lang.String, java.lang.String)[pri:0, instance:com.paymentgateway.uat.domainz.testcases.RegressionSalesDB@402a079c]" name="testPayInvoiceUsingExistingCardFromSalesDB" duration-ms="44800" started-at="2019-08-19T01:01:47Z" finished-at="2019-08-19T01:02:32Z">
          <params>
            <param index="0">
              <value>
                <![CDATA[uat1]]>
              </value>
            </param>
            <param index="1">
              <value>
                <![CDATA[braintree]]>
              </value>
            </param>
          </params>
          <reporter-output>
          </reporter-output>
        </test-method> <!-- testPayInvoiceUsingExistingCardFromSalesDB -->
      </class> <!-- com.paymentgateway.uat.domainz.testcases.RegressionSalesDB -->
      <class name="com.paymentgateway.uat.domainz.testcases.RegressionConsoleAdmin">
        <test-method status="PASS" signature="testViewBillingInConsoleAdmin(java.lang.String, java.lang.String)[pri:0, instance:com.paymentgateway.uat.domainz.testcases.RegressionConsoleAdmin@59ec2012]" name="testViewBillingInConsoleAdmin" duration-ms="152495" started-at="2019-08-19T01:02:32Z" finished-at="2019-08-19T01:05:04Z">
          <params>
            <param index="0">
              <value>
                <![CDATA[uat1]]>
              </value>
            </param>
            <param index="1">
              <value>
                <![CDATA[braintree]]>
              </value>
            </param>
          </params>
          <reporter-output>
          </reporter-output>
        </test-method> <!-- testViewBillingInConsoleAdmin -->
        <test-method status="PASS" signature="testUpdateExpiryInConsoleAdmin(java.lang.String, java.lang.String)[pri:0, instance:com.paymentgateway.uat.domainz.testcases.RegressionConsoleAdmin@59ec2012]" name="testUpdateExpiryInConsoleAdmin" duration-ms="19875" started-at="2019-08-19T01:05:04Z" finished-at="2019-08-19T01:05:24Z">
          <params>
            <param index="0">
              <value>
                <![CDATA[uat1]]>
              </value>
            </param>
            <param index="1">
              <value>
                <![CDATA[braintree]]>
              </value>
            </param>
          </params>
          <reporter-output>
          </reporter-output>
        </test-method> <!-- testUpdateExpiryInConsoleAdmin -->
      </class> <!-- com.paymentgateway.uat.domainz.testcases.RegressionConsoleAdmin -->
    </test> <!-- Payment Gateway UAT Braintree Regression Test Cases -->
  </suite> <!-- Payment Gateway UAT Braintree Regression Test Suite -->
</testng-results>
