<?xml version="1.0" encoding="UTF-8"?>
<testng-results skipped="0" failed="0" ignored="2" total="3" passed="1">
  <reporter-output>
  </reporter-output>
  <suite name="Payment Gateway UAT Braintree Regression Test Suite" duration-ms="48866" started-at="2019-08-06T07:20:26Z" finished-at="2019-08-06T07:21:15Z">
    <groups>
    </groups>
    <test name="Payment Gateway UAT Braintree Regression Test Cases" duration-ms="48866" started-at="2019-08-06T07:20:26Z" finished-at="2019-08-06T07:21:15Z">
      <class name="com.paymentgateway.uat.domainz.testcases.RegressionSMUI">
        <test-method status="PASS" signature="testMakeCreditCardDefaultInSMUI(java.lang.String, java.lang.String)[pri:0, instance:com.paymentgateway.uat.domainz.testcases.RegressionSMUI@271053e1]" name="testMakeCreditCardDefaultInSMUI" duration-ms="48829" started-at="2019-08-06T07:20:26Z" finished-at="2019-08-06T07:21:15Z">
          <params>
            <param index="0">
              <value>
                <![CDATA[uat1]]>
              </value>
            </param>
            <param index="1">
              <value>
                <![CDATA[braintree]]>
              </value>
            </param>
          </params>
          <reporter-output>
          </reporter-output>
        </test-method> <!-- testMakeCreditCardDefaultInSMUI -->
      </class> <!-- com.paymentgateway.uat.domainz.testcases.RegressionSMUI -->
    </test> <!-- Payment Gateway UAT Braintree Regression Test Cases -->
  </suite> <!-- Payment Gateway UAT Braintree Regression Test Suite -->
</testng-results>
