<?xml version="1.0" encoding="UTF-8"?>
<testng-results skipped="0" failed="0" ignored="0" total="1" passed="1">
  <reporter-output>
  </reporter-output>
  <suite name="Payment Gateway Stage New Shopping Cart Test Suite" duration-ms="144057" started-at="2019-05-10T03:39:33Z" finished-at="2019-05-10T03:41:57Z">
    <groups>
    </groups>
    <test name="Payment Gateway Stage New Shopping Cart Test Cases" duration-ms="144057" started-at="2019-05-10T03:39:33Z" finished-at="2019-05-10T03:41:57Z">
      <class name="com.paymentgateway.stage.netregistry.testcases.RegressionNewShoppingCartTest">
        <test-method status="PASS" signature="testDomainRegistrationOrderInNewShoppingCart(java.lang.String, java.lang.Integer)[pri:0, instance:com.paymentgateway.stage.netregistry.testcases.RegressionNewShoppingCartTest@5442a311]" name="testDomainRegistrationOrderInNewShoppingCart" duration-ms="144014" started-at="2019-05-10T03:39:33Z" finished-at="2019-05-10T03:41:57Z">
          <params>
            <param index="0">
              <value>
                <![CDATA[stagingdev-5]]>
              </value>
            </param>
            <param index="1">
              <value>
                <![CDATA[2]]>
              </value>
            </param>
          </params>
          <reporter-output>
          </reporter-output>
        </test-method> <!-- testDomainRegistrationOrderInNewShoppingCart -->
      </class> <!-- com.paymentgateway.stage.netregistry.testcases.RegressionNewShoppingCartTest -->
    </test> <!-- Payment Gateway Stage New Shopping Cart Test Cases -->
  </suite> <!-- Payment Gateway Stage New Shopping Cart Test Suite -->
</testng-results>
