<?xml version="1.0" encoding="UTF-8"?>
<testng-results skipped="0" failed="0" ignored="2" total="9" passed="7">
  <reporter-output>
  </reporter-output>
  <suite name="Console Release Regression UAT2 Test Suite" duration-ms="1903470" started-at="2019-10-25T02:49:03Z" finished-at="2019-10-25T03:20:46Z">
    <groups>
    </groups>
    <test name="Console Release Regression UAT2 Test Cases" duration-ms="1903470" started-at="2019-10-25T02:49:03Z" finished-at="2019-10-25T03:20:46Z">
      <class name="com.consoleregression.testcases.SalesDBJourneyTest">
        <test-method status="PASS" signature="verify_ComAuDomain_Order_InSalesDB(java.lang.String, java.lang.String)[pri:0, instance:com.consoleregression.testcases.SalesDBJourneyTest@42dafa95]" name="verify_ComAuDomain_Order_InSalesDB" duration-ms="296068" started-at="2019-10-25T02:49:03Z" finished-at="2019-10-25T02:53:59Z">
          <params>
            <param index="0">
              <value>
                <![CDATA[uat2]]>
              </value>
            </param>
            <param index="1">
              <value>
                <![CDATA[enabled]]>
              </value>
            </param>
          </params>
          <reporter-output>
          </reporter-output>
        </test-method> <!-- verify_ComAuDomain_Order_InSalesDB -->
        <test-method status="PASS" signature="verify_NetDomain_and_DIFM_Order_InSalesDB(java.lang.String, java.lang.String)[pri:0, instance:com.consoleregression.testcases.SalesDBJourneyTest@42dafa95]" name="verify_NetDomain_and_DIFM_Order_InSalesDB" duration-ms="565536" started-at="2019-10-25T02:53:59Z" finished-at="2019-10-25T03:03:24Z">
          <params>
            <param index="0">
              <value>
                <![CDATA[uat2]]>
              </value>
            </param>
            <param index="1">
              <value>
                <![CDATA[enabled]]>
              </value>
            </param>
          </params>
          <reporter-output>
          </reporter-output>
        </test-method> <!-- verify_NetDomain_and_DIFM_Order_InSalesDB -->
        <test-method status="PASS" signature="verify_ComDomain_and_BasicCloudHostingOrder_InSalesDB(java.lang.String, java.lang.String)[pri:0, instance:com.consoleregression.testcases.SalesDBJourneyTest@42dafa95]" name="verify_ComDomain_and_BasicCloudHostingOrder_InSalesDB" duration-ms="564623" started-at="2019-10-25T03:03:24Z" finished-at="2019-10-25T03:12:49Z">
          <params>
            <param index="0">
              <value>
                <![CDATA[uat2]]>
              </value>
            </param>
            <param index="1">
              <value>
                <![CDATA[enabled]]>
              </value>
            </param>
          </params>
          <reporter-output>
          </reporter-output>
        </test-method> <!-- verify_ComDomain_and_BasicCloudHostingOrder_InSalesDB -->
        <test-method status="PASS" signature="verify_NzDomain_Order_InSalesDB(java.lang.String, java.lang.String)[pri:0, instance:com.consoleregression.testcases.SalesDBJourneyTest@42dafa95]" name="verify_NzDomain_Order_InSalesDB" duration-ms="283768" started-at="2019-10-25T03:12:49Z" finished-at="2019-10-25T03:17:33Z">
          <params>
            <param index="0">
              <value>
                <![CDATA[uat2]]>
              </value>
            </param>
            <param index="1">
              <value>
                <![CDATA[enabled]]>
              </value>
            </param>
          </params>
          <reporter-output>
          </reporter-output>
        </test-method> <!-- verify_NzDomain_Order_InSalesDB -->
      </class> <!-- com.consoleregression.testcases.SalesDBJourneyTest -->
      <class name="com.consoleregression.testcases.CustomerPortalJourneyTest">
        <test-method status="PASS" signature="verifyDomainRegistrationOrderForNewBTCustomerUsingNewCardInCustomerPortal(java.lang.String)[pri:0, instance:com.consoleregression.testcases.CustomerPortalJourneyTest@6500df86]" name="verifyDomainRegistrationOrderForNewBTCustomerUsingNewCardInCustomerPortal" duration-ms="55896" started-at="2019-10-25T03:17:33Z" finished-at="2019-10-25T03:18:29Z">
          <params>
            <param index="0">
              <value>
                <![CDATA[uat2]]>
              </value>
            </param>
          </params>
          <reporter-output>
          </reporter-output>
        </test-method> <!-- verifyDomainRegistrationOrderForNewBTCustomerUsingNewCardInCustomerPortal -->
        <test-method status="PASS" signature="verifyDomainandMultipleProductOrderForReturningBTCustomerUsingExistingCardInCustomerPortal(java.lang.String)[pri:0, instance:com.consoleregression.testcases.CustomerPortalJourneyTest@6500df86]" name="verifyDomainandMultipleProductOrderForReturningBTCustomerUsingExistingCardInCustomerPortal" duration-ms="72521" started-at="2019-10-25T03:18:29Z" finished-at="2019-10-25T03:19:41Z">
          <params>
            <param index="0">
              <value>
                <![CDATA[uat2]]>
              </value>
            </param>
          </params>
          <reporter-output>
          </reporter-output>
        </test-method> <!-- verifyDomainandMultipleProductOrderForReturningBTCustomerUsingExistingCardInCustomerPortal -->
        <test-method status="PASS" signature="verifyDomainandMultipleProductOrderForReturningBTCustomerUsingNewCardInCustomerPortal(java.lang.String)[pri:0, instance:com.consoleregression.testcases.CustomerPortalJourneyTest@6500df86]" name="verifyDomainandMultipleProductOrderForReturningBTCustomerUsingNewCardInCustomerPortal" duration-ms="65009" started-at="2019-10-25T03:19:41Z" finished-at="2019-10-25T03:20:46Z">
          <params>
            <param index="0">
              <value>
                <![CDATA[uat2]]>
              </value>
            </param>
          </params>
          <reporter-output>
          </reporter-output>
        </test-method> <!-- verifyDomainandMultipleProductOrderForReturningBTCustomerUsingNewCardInCustomerPortal -->
      </class> <!-- com.consoleregression.testcases.CustomerPortalJourneyTest -->
    </test> <!-- Console Release Regression UAT2 Test Cases -->
  </suite> <!-- Console Release Regression UAT2 Test Suite -->
</testng-results>
