<?xml version="1.0" encoding="UTF-8"?>
<testng-results skipped="0" failed="1" ignored="4" total="7" passed="2">
  <reporter-output>
  </reporter-output>
  <suite name="Payment Gateway Migration - Quest Data Creation Suite" duration-ms="8906" started-at="2019-01-31T22:41:26Z" finished-at="2019-01-31T22:41:35Z">
    <groups>
    </groups>
    <test name="Payment Gateway Migration - Braintree Post Validation Test Cases" duration-ms="8906" started-at="2019-01-31T22:41:26Z" finished-at="2019-01-31T22:41:35Z">
      <class name="com.paymentgateway.testdatacreation.testcases.DomainzDataCreationTest">
        <test-method status="PASS" signature="generateCustomerDataWithDomainRegistrationAndEnableAutoRenew(java.lang.String)[pri:0, instance:com.paymentgateway.testdatacreation.testcases.DomainzDataCreationTest@5442a311]" name="generateCustomerDataWithDomainRegistrationAndEnableAutoRenew" duration-ms="8871" started-at="2019-01-31T22:41:26Z" finished-at="2019-01-31T22:41:35Z">
          <params>
            <param index="0">
              <value>
                <![CDATA[stagingdev-5]]>
              </value>
            </param>
          </params>
          <reporter-output>
          </reporter-output>
        </test-method> <!-- generateCustomerDataWithDomainRegistrationAndEnableAutoRenew -->
        <test-method status="PASS" signature="createTextFileForGreencodeAndCreditCardDetails(java.lang.String)[pri:6, instance:com.paymentgateway.testdatacreation.testcases.DomainzDataCreationTest@5442a311]" name="createTextFileForGreencodeAndCreditCardDetails" duration-ms="2" started-at="2019-01-31T22:41:35Z" finished-at="2019-01-31T22:41:35Z">
          <params>
            <param index="0">
              <value>
                <![CDATA[stagingdev-5]]>
              </value>
            </param>
          </params>
          <reporter-output>
          </reporter-output>
        </test-method> <!-- createTextFileForGreencodeAndCreditCardDetails -->
        <test-method status="FAIL" signature="createPropertyFileForDecryptedDataVerification(java.lang.String)[pri:7, instance:com.paymentgateway.testdatacreation.testcases.DomainzDataCreationTest@5442a311]" name="createPropertyFileForDecryptedDataVerification" duration-ms="2" started-at="2019-01-31T22:41:35Z" finished-at="2019-01-31T22:41:35Z">
          <params>
            <param index="0">
              <value>
                <![CDATA[stagingdev-5]]>
              </value>
            </param>
          </params>
          <exception class="java.lang.IndexOutOfBoundsException">
            <message>
              <![CDATA[Index: 0, Size: 0]]>
            </message>
            <full-stacktrace>
              <![CDATA[java.lang.IndexOutOfBoundsException: Index: 0, Size: 0
at java.util.ArrayList.rangeCheck(Unknown Source)
at java.util.ArrayList.get(Unknown Source)
at com.paymentgateway.testdatacreation.testcases.DomainzDataCreationTest.createPropertyFileForDecryptedDataVerification(DomainzDataCreationTest.java:1120)
at sun.reflect.NativeMethodAccessorImpl.invoke0(Native Method)
at sun.reflect.NativeMethodAccessorImpl.invoke(Unknown Source)
at sun.reflect.DelegatingMethodAccessorImpl.invoke(Unknown Source)
at java.lang.reflect.Method.invoke(Unknown Source)
at org.testng.internal.MethodInvocationHelper.invokeMethod(MethodInvocationHelper.java:124)
at org.testng.internal.Invoker.invokeMethod(Invoker.java:583)
at org.testng.internal.Invoker.invokeTestMethod(Invoker.java:719)
at org.testng.internal.Invoker.invokeTestMethods(Invoker.java:989)
at org.testng.internal.TestMethodWorker.invokeTestMethods(TestMethodWorker.java:125)
at org.testng.internal.TestMethodWorker.run(TestMethodWorker.java:109)
at org.testng.TestRunner.privateRun(TestRunner.java:648)
at org.testng.TestRunner.run(TestRunner.java:505)
at org.testng.SuiteRunner.runTest(SuiteRunner.java:455)
at org.testng.SuiteRunner.access$000(SuiteRunner.java:40)
at org.testng.SuiteRunner$SuiteWorker.run(SuiteRunner.java:489)
at org.testng.internal.thread.ThreadUtil$1.call(ThreadUtil.java:52)
at java.util.concurrent.FutureTask.run(Unknown Source)
at java.util.concurrent.ThreadPoolExecutor.runWorker(Unknown Source)
at java.util.concurrent.ThreadPoolExecutor$Worker.run(Unknown Source)
at java.lang.Thread.run(Unknown Source)
]]>
            </full-stacktrace>
          </exception> <!-- java.lang.IndexOutOfBoundsException -->
          <reporter-output>
          </reporter-output>
        </test-method> <!-- createPropertyFileForDecryptedDataVerification -->
      </class> <!-- com.paymentgateway.testdatacreation.testcases.DomainzDataCreationTest -->
    </test> <!-- Payment Gateway Migration - Braintree Post Validation Test Cases -->
  </suite> <!-- Payment Gateway Migration - Quest Data Creation Suite -->
</testng-results>
