<?xml version="1.0" encoding="UTF-8"?>
<!-- Generated by org.testng.reporters.JUnitXMLReporter -->
<testsuite hostname="MIT01524" ignored="2" name="Regression Test Cases" tests="1" failures="0" timestamp="05 Feb 2019 22:45:42 GMT" time="77.12" errors="0">
  <testcase name="verify_NetDomain_and_DIFM_Order_InSalesDB" time="77.087" classname="com.consoleregression.testcases.production.SalesDBJourneyTest"/>
  <testcase name="verify_ComDomain_and_Office365_Order_InSalesDB" time="0.0" classname="com.consoleregression.testcases.production.SalesDBJourneyTest">
    <ignored/>
  </testcase> <!-- verify_ComDomain_and_Office365_Order_InSalesDB -->
  <testcase name="verify_ComAuDomain_Order_InSalesDB" time="0.0" classname="com.consoleregression.testcases.production.SalesDBJourneyTest">
    <ignored/>
  </testcase> <!-- verify_ComAuDomain_Order_InSalesDB -->
</testsuite> <!-- Regression Test Cases -->
