<?xml version="1.0" encoding="UTF-8"?>
<!-- Generated by org.testng.reporters.JUnitXMLReporter -->
<testsuite hostname="MIT01524" ignored="0" name="Console Release Regression Test Cases" tests="2" failures="0" timestamp="15 Jul 2019 02:05:40 GMT" time="699.413" errors="0">
  <testcase name="testDomainRegistration2WorkflowForComAu" time="325.122" classname="com.consoleregression.workflowtest.testcases.TestDomainRegistration2WorkflowForComAu"/>
  <testcase name="testDomainRegistration2WorkflowForOrg" time="374.276" classname="com.consoleregression.workflowtest.testcases.TestDomainRegistration2WorkflowForOrg"/>
</testsuite> <!-- Console Release Regression Test Cases -->
