<?xml version="1.0" encoding="UTF-8"?>
<!-- Generated by org.testng.reporters.JUnitXMLReporter -->
<testsuite hostname="MIT01524" ignored="4" name="Payment Gateway Migration - Quest Data Creation Test Cases" tests="3" failures="0" timestamp="07 Feb 2019 06:14:03 GMT" time="342.05" errors="0">
  <testcase name="generateCustomerDataWithDomainRegistrationAndEnableAutoRenew" time="341.991" classname="com.paymentgateway.testdatacreation.testcases.DomainzDataCreationTest"/>
  <testcase name="createTextFileForGreencodeAndCreditCardDetails" time="0.01" classname="com.paymentgateway.testdatacreation.testcases.DomainzDataCreationTest"/>
  <testcase name="createPropertyFileForDecryptedDataVerification" time="0.012" classname="com.paymentgateway.testdatacreation.testcases.DomainzDataCreationTest"/>
  <testcase name="generateCustomerDataWithYearlyBillingProduct" time="0.0" classname="com.paymentgateway.testdatacreation.testcases.DomainzDataCreationTest">
    <ignored/>
  </testcase> <!-- generateCustomerDataWithYearlyBillingProduct -->
  <testcase name="generateCustomerDataWithMonthlyBillingProduct" time="0.0" classname="com.paymentgateway.testdatacreation.testcases.DomainzDataCreationTest">
    <ignored/>
  </testcase> <!-- generateCustomerDataWithMonthlyBillingProduct -->
  <testcase name="generateCustomerDataWithOutstandingInvoice" time="0.0" classname="com.paymentgateway.testdatacreation.testcases.DomainzDataCreationTest">
    <ignored/>
  </testcase> <!-- generateCustomerDataWithOutstandingInvoice -->
  <testcase name="generateCustomerDataWithDefaultCreditCard" time="0.0" classname="com.paymentgateway.testdatacreation.testcases.DomainzDataCreationTest">
    <ignored/>
  </testcase> <!-- generateCustomerDataWithDefaultCreditCard -->
</testsuite> <!-- Payment Gateway Migration - Quest Data Creation Test Cases -->
