<?xml version="1.0" encoding="UTF-8"?>
<!-- Generated by org.testng.reporters.JUnitXMLReporter -->
<testsuite hostname="MIT01524" ignored="4" name="Payment Gateway Migration - Quest Data Creation Test Cases" tests="3" failures="0" timestamp="09 Apr 2019 00:16:04 GMT" time="407.722" errors="0">
  <testcase name="generateCustomerDataWithDefaultCreditCard" time="407.678" classname="com.paymentgateway.testdatacreation.testcases.MelbourneITDataCreationTest"/>
  <testcase name="createTextFileForGreencodeAndCreditCardDetails" time="0.008" classname="com.paymentgateway.testdatacreation.testcases.MelbourneITDataCreationTest"/>
  <testcase name="createPropertyFileForDecryptedDataVerification" time="0.009" classname="com.paymentgateway.testdatacreation.testcases.MelbourneITDataCreationTest"/>
  <testcase name="generateCustomerDataWithMonthlyBillingProduct" time="0.0" classname="com.paymentgateway.testdatacreation.testcases.MelbourneITDataCreationTest">
    <ignored/>
  </testcase> <!-- generateCustomerDataWithMonthlyBillingProduct -->
  <testcase name="generateCustomerDataWithDomainRegistrationAndEnableAutoRenew" time="0.0" classname="com.paymentgateway.testdatacreation.testcases.MelbourneITDataCreationTest">
    <ignored/>
  </testcase> <!-- generateCustomerDataWithDomainRegistrationAndEnableAutoRenew -->
  <testcase name="generateCustomerDataWithOutstandingInvoice" time="0.0" classname="com.paymentgateway.testdatacreation.testcases.MelbourneITDataCreationTest">
    <ignored/>
  </testcase> <!-- generateCustomerDataWithOutstandingInvoice -->
  <testcase name="generateCustomerDataWithYearlyBillingProduct" time="0.0" classname="com.paymentgateway.testdatacreation.testcases.MelbourneITDataCreationTest">
    <ignored/>
  </testcase> <!-- generateCustomerDataWithYearlyBillingProduct -->
</testsuite> <!-- Payment Gateway Migration - Quest Data Creation Test Cases -->
